#
# There is insufficient memory for the Java Runtime Environment to continue.
# Native memory allocation (malloc) failed to allocate 790256 bytes for Chunk::new
# Possible reasons:
#   The system is out of physical RAM or swap space
#   The process is running with CompressedOops enabled, and the Java Heap may be blocking the growth of the native heap
# Possible solutions:
#   Reduce memory load on the system
#   Increase physical memory or swap space
#   Check if swap backing store is full
#   Decrease Java heap size (-Xmx/-Xms)
#   Decrease number of Java threads
#   Decrease Java thread stack sizes (-Xss)
#   Set larger code cache with -XX:ReservedCodeCacheSize=
#   JVM is running with Unscaled Compressed Oops mode in which the Java heap is
#     placed in the first 4GB address space. The Java Heap base address is the
#     maximum limit for the native heap growth. Please use -XX:HeapBaseMinAddress
#     to set the Java Heap base and to place the Java Heap above 4GB virtual address.
# This output file may be truncated or incomplete.
#
#  Out of Memory Error (./src/hotspot/share/memory/arena.cpp:197), pid=5368, tid=9584
#
# JRE version: OpenJDK Runtime Environment (11.0.13) (build 11.0.13+0-b1751.21-8125866)
# Java VM: OpenJDK 64-Bit Server VM (11.0.13+0-b1751.21-8125866, mixed mode, tiered, compressed oops, g1 gc, windows-amd64)
# No core dump will be written. Minidumps are not enabled by default on client versions of Windows
#

---------------  S U M M A R Y ------------

Command Line: --add-opens=java.base/java.util=ALL-UNNAMED --add-opens=java.base/java.lang=ALL-UNNAMED --add-opens=java.base/java.lang.invoke=ALL-UNNAMED --add-opens=java.base/java.util=ALL-UNNAMED --add-opens=java.prefs/java.util.prefs=ALL-UNNAMED --add-opens=java.prefs/java.util.prefs=ALL-UNNAMED --add-opens=java.base/java.nio.charset=ALL-UNNAMED --add-opens=java.base/java.net=ALL-UNNAMED --add-opens=java.base/java.util.concurrent.atomic=ALL-UNNAMED -Xmx1536M -Dfile.encoding=windows-1252 -Duser.country=US -Duser.language=en -Duser.variant org.gradle.launcher.daemon.bootstrap.GradleDaemon 7.4

Host: Intel(R) Core(TM) i7-8565U CPU @ 1.80GHz, 8 cores, 15G,  Windows 11 , 64 bit Build 22621 (10.0.22621.1344)
Time: Sun Mar 26 22:07:31 2023 Egypt Standard Time elapsed time: 21.384498 seconds (0d 0h 0m 21s)

---------------  T H R E A D  ---------------

Current thread (0x000001387e73e800):  JavaThread "C2 CompilerThread0" daemon [_thread_in_native, id=9584, stack(0x0000003806100000,0x0000003806200000)]


Current CompileTask:
C2:  21384 5497 % !   4       java.util.jar.Attributes::read @ 186 (390 bytes)

Stack: [0x0000003806100000,0x0000003806200000]
Native frames: (J=compiled Java code, j=interpreted, Vv=VM code, C=native code)
V  [jvm.dll+0x6100fa]
V  [jvm.dll+0x747090]
V  [jvm.dll+0x7486ad]
V  [jvm.dll+0x748d83]
V  [jvm.dll+0x24ab48]
V  [jvm.dll+0xc04dc]
V  [jvm.dll+0xc0a0c]
V  [jvm.dll+0x35eb5b]
V  [jvm.dll+0x19d9bc]
V  [jvm.dll+0x2033be]
V  [jvm.dll+0x202437]
V  [jvm.dll+0x188e01]
V  [jvm.dll+0x21106b]
V  [jvm.dll+0x20f8c1]
V  [jvm.dll+0x70de0f]
V  [jvm.dll+0x706a75]
V  [jvm.dll+0x60ed66]
C  [ucrtbase.dll+0x29363]
C  [KERNEL32.DLL+0x126bd]
C  [ntdll.dll+0x5a9f8]


---------------  P R O C E S S  ---------------

Threads class SMR info:
_java_thread_list=0x00000138052cb6e0, length=123, elements={
0x0000013864cc8000, 0x000001387e6c9800, 0x000001387e6ca800, 0x000001387e72a800,
0x000001387e72d000, 0x000001387e733000, 0x000001387e73e800, 0x000001387e743000,
0x000001387e744800, 0x000001387e8d7000, 0x00000138017a2800, 0x000001387e963000,
0x000001387efd7000, 0x0000013801421800, 0x000001380117a800, 0x00000138003f6000,
0x0000013800726000, 0x000001380068b000, 0x000001380029f000, 0x0000013801ff0800,
0x0000013800ed6000, 0x0000013800ed4800, 0x0000013800ed5800, 0x0000013800ed7800,
0x0000013800ed7000, 0x0000013800ed2000, 0x0000013800ed8800, 0x0000013800ed3800,
0x0000013800ed3000, 0x000001380229b000, 0x000001380229b800, 0x000001380229f000,
0x00000138022a0000, 0x000001380229e000, 0x00000138022a0800, 0x00000138022a1800,
0x00000138022a3000, 0x00000138022a2000, 0x000001380229d800, 0x00000138022a4000,
0x00000138022a6800, 0x00000138022a7000, 0x00000138022a4800, 0x00000138022a8000,
0x00000138022a5800, 0x0000013802d67800, 0x0000013802d6a000, 0x0000013802d67000,
0x0000013802d68800, 0x0000013802d6b800, 0x0000013802d69000, 0x0000013802d6b000,
0x0000013802d66000, 0x0000013802d6e000, 0x0000013802d72000, 0x0000013802d6d800,
0x0000013802d6f000, 0x0000013802d71800, 0x0000013802d6f800, 0x0000013802d70800,
0x0000013802d6c800, 0x0000013802d73000, 0x0000013802d74000, 0x0000013802d74800,
0x000001387ede9000, 0x000001387ede8000, 0x000001387ede9800, 0x000001387ede7000,
0x000001387edeb800, 0x000001387edea800, 0x000001387ede6800, 0x000001387ede5800,
0x000001387edef800, 0x000001387edee800, 0x000001387edec000, 0x000001387edf2000,
0x000001387edf2800, 0x000001387eded800, 0x000001387edf1000, 0x000001387edf0000,
0x000001387eded000, 0x000001387edf3800, 0x000001387edf4000, 0x0000013801d65000,
0x0000013801d63000, 0x0000013801d67000, 0x0000013801d64000, 0x0000013801d68000,
0x0000013801d6a800, 0x0000013801d6b800, 0x0000013801d65800, 0x0000013801d69000,
0x0000013801d69800, 0x0000013801d6c000, 0x0000013801d66800, 0x0000013801d6e800,
0x0000013801d6f800, 0x0000013801d70000, 0x0000013801d71000, 0x0000013801d72000,
0x0000013801d6d000, 0x0000013801d6e000, 0x0000013805084000, 0x0000013805081000,
0x0000013805083800, 0x0000013805085000, 0x0000013805086000, 0x0000013805082000,
0x0000013805080000, 0x0000013805086800, 0x0000013805087800, 0x0000013805088800,
0x0000013805082800, 0x000001380508a000, 0x000001380508b000, 0x000001380508d000,
0x000001380508e000, 0x0000013802db9000, 0x000001380508b800, 0x0000013802e1a800,
0x000001380508f000, 0x0000013805089000, 0x000001380508c800
}

Java Threads: ( => current thread )
  0x0000013864cc8000 JavaThread "main" [_thread_blocked, id=13712, stack(0x0000003805500000,0x0000003805600000)]
  0x000001387e6c9800 JavaThread "Reference Handler" daemon [_thread_blocked, id=12212, stack(0x0000003805c00000,0x0000003805d00000)]
  0x000001387e6ca800 JavaThread "Finalizer" daemon [_thread_blocked, id=10388, stack(0x0000003805d00000,0x0000003805e00000)]
  0x000001387e72a800 JavaThread "Signal Dispatcher" daemon [_thread_blocked, id=6424, stack(0x0000003805e00000,0x0000003805f00000)]
  0x000001387e72d000 JavaThread "Attach Listener" daemon [_thread_blocked, id=17228, stack(0x0000003805f00000,0x0000003806000000)]
  0x000001387e733000 JavaThread "Service Thread" daemon [_thread_blocked, id=13900, stack(0x0000003806000000,0x0000003806100000)]
=>0x000001387e73e800 JavaThread "C2 CompilerThread0" daemon [_thread_in_native, id=9584, stack(0x0000003806100000,0x0000003806200000)]
  0x000001387e743000 JavaThread "C1 CompilerThread0" daemon [_thread_blocked, id=1028, stack(0x0000003806200000,0x0000003806300000)]
  0x000001387e744800 JavaThread "Sweeper thread" daemon [_thread_blocked, id=19300, stack(0x0000003806300000,0x0000003806400000)]
  0x000001387e8d7000 JavaThread "Common-Cleaner" daemon [_thread_blocked, id=17828, stack(0x0000003806400000,0x0000003806500000)]
  0x00000138017a2800 JavaThread "Daemon health stats" [_thread_blocked, id=13116, stack(0x0000003806c00000,0x0000003806d00000)]
  0x000001387e963000 JavaThread "Incoming local TCP Connector on port 14647" [_thread_in_native, id=1492, stack(0x0000003806b00000,0x0000003806c00000)]
  0x000001387efd7000 JavaThread "Daemon periodic checks" [_thread_blocked, id=17472, stack(0x0000003806d00000,0x0000003806e00000)]
  0x0000013801421800 JavaThread "Daemon" [_thread_blocked, id=19252, stack(0x0000003806e00000,0x0000003806f00000)]
  0x000001380117a800 JavaThread "Handler for socket connection from /127.0.0.1:14647 to /127.0.0.1:14648" [_thread_in_native, id=11712, stack(0x0000003806f00000,0x0000003807000000)]
  0x00000138003f6000 JavaThread "Cancel handler" [_thread_blocked, id=11420, stack(0x0000003807000000,0x0000003807100000)]
  0x0000013800726000 JavaThread "Daemon worker" [_thread_in_vm, id=10636, stack(0x0000003807100000,0x0000003807200000)]
  0x000001380068b000 JavaThread "Asynchronous log dispatcher for DefaultDaemonConnection: socket connection from /127.0.0.1:14647 to /127.0.0.1:14648" [_thread_blocked, id=19412, stack(0x0000003807300000,0x0000003807400000)]
  0x000001380029f000 JavaThread "Stdin handler" [_thread_blocked, id=18936, stack(0x0000003807400000,0x0000003807500000)]
  0x0000013801ff0800 JavaThread "Daemon client event forwarder" [_thread_blocked, id=18800, stack(0x0000003807500000,0x0000003807600000)]
  0x0000013800ed6000 JavaThread "Cache worker for journal cache (C:\Users\Dell\.gradle\caches\journal-1)" [_thread_blocked, id=13620, stack(0x0000003807200000,0x0000003807300000)]
  0x0000013800ed4800 JavaThread "File lock request listener" [_thread_in_native, id=18780, stack(0x0000003807600000,0x0000003807700000)]
  0x0000013800ed5800 JavaThread "Cache worker for file hash cache (C:\Users\Dell\.gradle\caches\7.4\fileHashes)" [_thread_blocked, id=19180, stack(0x0000003807700000,0x0000003807800000)]
  0x0000013800ed7800 JavaThread "File watcher server" daemon [_thread_in_native, id=16524, stack(0x0000003807c00000,0x0000003807d00000)]
  0x0000013800ed7000 JavaThread "File watcher consumer" daemon [_thread_blocked, id=7020, stack(0x0000003807d00000,0x0000003807e00000)]
  0x0000013800ed2000 JavaThread "Cache worker for checksums cache (F:\grade2\android\.gradle\7.4\checksums)" [_thread_blocked, id=18084, stack(0x0000003807e00000,0x0000003807f00000)]
  0x0000013800ed8800 JavaThread "Cache worker for cache directory md-rule (C:\Users\Dell\.gradle\caches\7.4\md-rule)" [_thread_blocked, id=12916, stack(0x0000003807f00000,0x0000003808000000)]
  0x0000013800ed3800 JavaThread "Cache worker for file hash cache (F:\grade2\android\.gradle\7.4\fileHashes)" [_thread_blocked, id=10200, stack(0x0000003808000000,0x0000003808100000)]
  0x0000013800ed3000 JavaThread "Cache worker for cache directory md-supplier (C:\Users\Dell\.gradle\caches\7.4\md-supplier)" [_thread_blocked, id=18480, stack(0x0000003808100000,0x0000003808200000)]
  0x000001380229b000 JavaThread "Cache worker for execution history cache (C:\Users\Dell\.gradle\caches\7.4\executionHistory)" [_thread_blocked, id=13004, stack(0x0000003808200000,0x0000003808300000)]
  0x000001380229b800 JavaThread "jar transforms" [_thread_blocked, id=19020, stack(0x0000003808300000,0x0000003808400000)]
  0x000001380229f000 JavaThread "jar transforms Thread 2" [_thread_blocked, id=16248, stack(0x0000003808400000,0x0000003808500000)]
  0x00000138022a0000 JavaThread "Cache worker for file content cache (C:\Users\Dell\.gradle\caches\7.4\fileContent)" [_thread_blocked, id=13936, stack(0x0000003808500000,0x0000003808600000)]
  0x000001380229e000 JavaThread "jar transforms Thread 3" [_thread_blocked, id=8716, stack(0x0000003808700000,0x0000003808800000)]
  0x00000138022a0800 JavaThread "jar transforms Thread 4" [_thread_blocked, id=14076, stack(0x0000003808800000,0x0000003808900000)]
  0x00000138022a1800 JavaThread "Cache worker for dependencies-accessors (F:\grade2\android\.gradle\7.4\dependencies-accessors)" [_thread_blocked, id=17556, stack(0x0000003808900000,0x0000003808a00000)]
  0x00000138022a3000 JavaThread "jar transforms Thread 5" [_thread_blocked, id=18832, stack(0x0000003808600000,0x0000003808700000)]
  0x00000138022a2000 JavaThread "Cache worker for Build Output Cleanup Cache (F:\grade2\android\.gradle\buildOutputCleanup)" [_thread_blocked, id=6788, stack(0x0000003808a00000,0x0000003808b00000)]
  0x000001380229d800 JavaThread "Unconstrained build operations" [_thread_blocked, id=19188, stack(0x0000003807b00000,0x0000003807c00000)]
  0x00000138022a4000 JavaThread "Unconstrained build operations Thread 2" [_thread_blocked, id=16760, stack(0x0000003808b00000,0x0000003808c00000)]
  0x00000138022a6800 JavaThread "Unconstrained build operations Thread 3" [_thread_blocked, id=18684, stack(0x0000003808c00000,0x0000003808d00000)]
  0x00000138022a7000 JavaThread "Unconstrained build operations Thread 4" [_thread_blocked, id=17672, stack(0x0000003808d00000,0x0000003808e00000)]
  0x00000138022a4800 JavaThread "Unconstrained build operations Thread 5" [_thread_blocked, id=19424, stack(0x0000003808e00000,0x0000003808f00000)]
  0x00000138022a8000 JavaThread "Unconstrained build operations Thread 6" [_thread_blocked, id=1732, stack(0x0000003808f00000,0x0000003809000000)]
  0x00000138022a5800 JavaThread "Unconstrained build operations Thread 7" [_thread_blocked, id=18968, stack(0x0000003809000000,0x0000003809100000)]
  0x0000013802d67800 JavaThread "Unconstrained build operations Thread 8" [_thread_blocked, id=18876, stack(0x0000003809100000,0x0000003809200000)]
  0x0000013802d6a000 JavaThread "Unconstrained build operations Thread 9" [_thread_blocked, id=6080, stack(0x0000003809200000,0x0000003809300000)]
  0x0000013802d67000 JavaThread "Unconstrained build operations Thread 10" [_thread_blocked, id=13612, stack(0x0000003809300000,0x0000003809400000)]
  0x0000013802d68800 JavaThread "Unconstrained build operations Thread 11" [_thread_blocked, id=11976, stack(0x0000003809400000,0x0000003809500000)]
  0x0000013802d6b800 JavaThread "Unconstrained build operations Thread 12" [_thread_blocked, id=18268, stack(0x0000003809500000,0x0000003809600000)]
  0x0000013802d69000 JavaThread "Unconstrained build operations Thread 13" [_thread_blocked, id=16324, stack(0x0000003809600000,0x0000003809700000)]
  0x0000013802d6b000 JavaThread "Unconstrained build operations Thread 14" [_thread_blocked, id=3772, stack(0x0000003809700000,0x0000003809800000)]
  0x0000013802d66000 JavaThread "Unconstrained build operations Thread 15" [_thread_blocked, id=6064, stack(0x0000003809800000,0x0000003809900000)]
  0x0000013802d6e000 JavaThread "Unconstrained build operations Thread 16" [_thread_blocked, id=15684, stack(0x0000003809900000,0x0000003809a00000)]
  0x0000013802d72000 JavaThread "Unconstrained build operations Thread 17" [_thread_blocked, id=4260, stack(0x0000003809a00000,0x0000003809b00000)]
  0x0000013802d6d800 JavaThread "Unconstrained build operations Thread 18" [_thread_blocked, id=18336, stack(0x0000003809b00000,0x0000003809c00000)]
  0x0000013802d6f000 JavaThread "Unconstrained build operations Thread 19" [_thread_blocked, id=19260, stack(0x0000003809c00000,0x0000003809d00000)]
  0x0000013802d71800 JavaThread "Unconstrained build operations Thread 20" [_thread_blocked, id=13500, stack(0x0000003809d00000,0x0000003809e00000)]
  0x0000013802d6f800 JavaThread "Unconstrained build operations Thread 21" [_thread_blocked, id=9312, stack(0x0000003809e00000,0x0000003809f00000)]
  0x0000013802d70800 JavaThread "Unconstrained build operations Thread 22" [_thread_blocked, id=192, stack(0x0000003809f00000,0x000000380a000000)]
  0x0000013802d6c800 JavaThread "Unconstrained build operations Thread 23" [_thread_blocked, id=17100, stack(0x000000380a000000,0x000000380a100000)]
  0x0000013802d73000 JavaThread "Unconstrained build operations Thread 24" [_thread_blocked, id=19328, stack(0x000000380a100000,0x000000380a200000)]
  0x0000013802d74000 JavaThread "Unconstrained build operations Thread 25" [_thread_blocked, id=1548, stack(0x000000380a200000,0x000000380a300000)]
  0x0000013802d74800 JavaThread "Unconstrained build operations Thread 26" [_thread_blocked, id=14132, stack(0x000000380a300000,0x000000380a400000)]
  0x000001387ede9000 JavaThread "Unconstrained build operations Thread 27" [_thread_blocked, id=3396, stack(0x000000380a400000,0x000000380a500000)]
  0x000001387ede8000 JavaThread "Unconstrained build operations Thread 28" [_thread_blocked, id=9048, stack(0x000000380a500000,0x000000380a600000)]
  0x000001387ede9800 JavaThread "Unconstrained build operations Thread 29" [_thread_blocked, id=12532, stack(0x000000380a600000,0x000000380a700000)]
  0x000001387ede7000 JavaThread "Unconstrained build operations Thread 30" [_thread_blocked, id=19104, stack(0x000000380a700000,0x000000380a800000)]
  0x000001387edeb800 JavaThread "Unconstrained build operations Thread 31" [_thread_blocked, id=4572, stack(0x000000380a800000,0x000000380a900000)]
  0x000001387edea800 JavaThread "Unconstrained build operations Thread 32" [_thread_blocked, id=15600, stack(0x000000380a900000,0x000000380aa00000)]
  0x000001387ede6800 JavaThread "Unconstrained build operations Thread 33" [_thread_blocked, id=16148, stack(0x000000380aa00000,0x000000380ab00000)]
  0x000001387ede5800 JavaThread "Unconstrained build operations Thread 34" [_thread_blocked, id=18660, stack(0x000000380ab00000,0x000000380ac00000)]
  0x000001387edef800 JavaThread "Unconstrained build operations Thread 35" [_thread_blocked, id=8536, stack(0x000000380ac00000,0x000000380ad00000)]
  0x000001387edee800 JavaThread "Unconstrained build operations Thread 36" [_thread_blocked, id=6220, stack(0x000000380ad00000,0x000000380ae00000)]
  0x000001387edec000 JavaThread "Unconstrained build operations Thread 37" [_thread_blocked, id=19368, stack(0x000000380ae00000,0x000000380af00000)]
  0x000001387edf2000 JavaThread "Unconstrained build operations Thread 38" [_thread_blocked, id=15620, stack(0x000000380af00000,0x000000380b000000)]
  0x000001387edf2800 JavaThread "Unconstrained build operations Thread 39" [_thread_blocked, id=12872, stack(0x000000380b000000,0x000000380b100000)]
  0x000001387eded800 JavaThread "Unconstrained build operations Thread 40" [_thread_blocked, id=17304, stack(0x000000380b100000,0x000000380b200000)]
  0x000001387edf1000 JavaThread "Unconstrained build operations Thread 41" [_thread_blocked, id=2556, stack(0x000000380b200000,0x000000380b300000)]
  0x000001387edf0000 JavaThread "Unconstrained build operations Thread 42" [_thread_blocked, id=18928, stack(0x000000380b300000,0x000000380b400000)]
  0x000001387eded000 JavaThread "Unconstrained build operations Thread 43" [_thread_blocked, id=18012, stack(0x000000380b400000,0x000000380b500000)]
  0x000001387edf3800 JavaThread "Unconstrained build operations Thread 44" [_thread_blocked, id=19112, stack(0x000000380b500000,0x000000380b600000)]
  0x000001387edf4000 JavaThread "Unconstrained build operations Thread 45" [_thread_blocked, id=18960, stack(0x000000380b600000,0x000000380b700000)]
  0x0000013801d65000 JavaThread "Unconstrained build operations Thread 46" [_thread_blocked, id=13396, stack(0x000000380b700000,0x000000380b800000)]
  0x0000013801d63000 JavaThread "Unconstrained build operations Thread 47" [_thread_blocked, id=8028, stack(0x000000380b800000,0x000000380b900000)]
  0x0000013801d67000 JavaThread "Unconstrained build operations Thread 48" [_thread_blocked, id=19452, stack(0x000000380b900000,0x000000380ba00000)]
  0x0000013801d64000 JavaThread "Unconstrained build operations Thread 49" [_thread_blocked, id=16040, stack(0x000000380ba00000,0x000000380bb00000)]
  0x0000013801d68000 JavaThread "Unconstrained build operations Thread 50" [_thread_blocked, id=18980, stack(0x000000380bb00000,0x000000380bc00000)]
  0x0000013801d6a800 JavaThread "Unconstrained build operations Thread 51" [_thread_blocked, id=1420, stack(0x000000380bc00000,0x000000380bd00000)]
  0x0000013801d6b800 JavaThread "Unconstrained build operations Thread 52" [_thread_blocked, id=8700, stack(0x000000380bd00000,0x000000380be00000)]
  0x0000013801d65800 JavaThread "Unconstrained build operations Thread 53" [_thread_blocked, id=18316, stack(0x000000380be00000,0x000000380bf00000)]
  0x0000013801d69000 JavaThread "Unconstrained build operations Thread 54" [_thread_blocked, id=5040, stack(0x000000380bf00000,0x000000380c000000)]
  0x0000013801d69800 JavaThread "Unconstrained build operations Thread 55" [_thread_blocked, id=15916, stack(0x000000380c000000,0x000000380c100000)]
  0x0000013801d6c000 JavaThread "Unconstrained build operations Thread 56" [_thread_blocked, id=7980, stack(0x000000380c100000,0x000000380c200000)]
  0x0000013801d66800 JavaThread "Unconstrained build operations Thread 57" [_thread_blocked, id=16540, stack(0x000000380c200000,0x000000380c300000)]
  0x0000013801d6e800 JavaThread "Unconstrained build operations Thread 58" [_thread_blocked, id=11148, stack(0x000000380c300000,0x000000380c400000)]
  0x0000013801d6f800 JavaThread "Unconstrained build operations Thread 59" [_thread_blocked, id=9608, stack(0x000000380c400000,0x000000380c500000)]
  0x0000013801d70000 JavaThread "Unconstrained build operations Thread 60" [_thread_blocked, id=15772, stack(0x000000380c500000,0x000000380c600000)]
  0x0000013801d71000 JavaThread "Unconstrained build operations Thread 61" [_thread_blocked, id=18708, stack(0x000000380c600000,0x000000380c700000)]
  0x0000013801d72000 JavaThread "Unconstrained build operations Thread 62" [_thread_blocked, id=19204, stack(0x000000380c700000,0x000000380c800000)]
  0x0000013801d6d000 JavaThread "Unconstrained build operations Thread 63" [_thread_blocked, id=5612, stack(0x000000380c800000,0x000000380c900000)]
  0x0000013801d6e000 JavaThread "Unconstrained build operations Thread 64" [_thread_blocked, id=15680, stack(0x000000380c900000,0x000000380ca00000)]
  0x0000013805084000 JavaThread "Unconstrained build operations Thread 65" [_thread_blocked, id=17712, stack(0x000000380ca00000,0x000000380cb00000)]
  0x0000013805081000 JavaThread "Unconstrained build operations Thread 66" [_thread_blocked, id=10764, stack(0x000000380cb00000,0x000000380cc00000)]
  0x0000013805083800 JavaThread "Unconstrained build operations Thread 67" [_thread_blocked, id=6824, stack(0x000000380cc00000,0x000000380cd00000)]
  0x0000013805085000 JavaThread "Unconstrained build operations Thread 68" [_thread_blocked, id=16652, stack(0x000000380cd00000,0x000000380ce00000)]
  0x0000013805086000 JavaThread "Unconstrained build operations Thread 69" [_thread_blocked, id=14948, stack(0x000000380ce00000,0x000000380cf00000)]
  0x0000013805082000 JavaThread "Unconstrained build operations Thread 70" [_thread_blocked, id=7724, stack(0x000000380cf00000,0x000000380d000000)]
  0x0000013805080000 JavaThread "Unconstrained build operations Thread 71" [_thread_blocked, id=6988, stack(0x000000380d000000,0x000000380d100000)]
  0x0000013805086800 JavaThread "Unconstrained build operations Thread 72" [_thread_blocked, id=1436, stack(0x000000380d100000,0x000000380d200000)]
  0x0000013805087800 JavaThread "Unconstrained build operations Thread 73" [_thread_blocked, id=1908, stack(0x000000380d200000,0x000000380d300000)]
  0x0000013805088800 JavaThread "Unconstrained build operations Thread 74" [_thread_blocked, id=1920, stack(0x000000380d300000,0x000000380d400000)]
  0x0000013805082800 JavaThread "Unconstrained build operations Thread 75" [_thread_blocked, id=4544, stack(0x000000380d400000,0x000000380d500000)]
  0x000001380508a000 JavaThread "Unconstrained build operations Thread 76" [_thread_blocked, id=4068, stack(0x000000380d500000,0x000000380d600000)]
  0x000001380508b000 JavaThread "Unconstrained build operations Thread 77" [_thread_blocked, id=17012, stack(0x000000380d600000,0x000000380d700000)]
  0x000001380508d000 JavaThread "Unconstrained build operations Thread 78" [_thread_blocked, id=13316, stack(0x000000380d700000,0x000000380d800000)]
  0x000001380508e000 JavaThread "Unconstrained build operations Thread 79" [_thread_blocked, id=10340, stack(0x000000380d800000,0x000000380d900000)]
  0x0000013802db9000 JavaThread "C2 CompilerThread1" daemon [_thread_in_native, id=13744, stack(0x000000380d900000,0x000000380da00000)]
  0x000001380508b800 JavaThread "Unconstrained build operations Thread 80" [_thread_blocked, id=8396, stack(0x000000380da00000,0x000000380db00000)]
  0x0000013802e1a800 JavaThread "C2 CompilerThread2" daemon [_thread_blocked, id=1704, stack(0x000000380db00000,0x000000380dc00000)]
  0x000001380508f000 JavaThread "jar transforms Thread 6" [_thread_blocked, id=1540, stack(0x000000380dc00000,0x000000380dd00000)]
  0x0000013805089000 JavaThread "jar transforms Thread 7" [_thread_blocked, id=19292, stack(0x000000380dd00000,0x000000380de00000)]
  0x000001380508c800 JavaThread "jar transforms Thread 8" [_thread_blocked, id=13192, stack(0x000000380de00000,0x000000380df00000)]

Other Threads:
  0x000001387e6a2800 VMThread "VM Thread" [stack: 0x0000003805b00000,0x0000003805c00000] [id=11932]
  0x000001387e8da800 WatcherThread [stack: 0x0000003806500000,0x0000003806600000] [id=18400]
  0x0000013864ce0800 GCTaskThread "GC Thread#0" [stack: 0x0000003805600000,0x0000003805700000] [id=19380]
  0x000001387ee77000 GCTaskThread "GC Thread#1" [stack: 0x0000003806600000,0x0000003806700000] [id=18920]
  0x00000138001be000 GCTaskThread "GC Thread#2" [stack: 0x0000003806700000,0x0000003806800000] [id=9452]
  0x000001380032d800 GCTaskThread "GC Thread#3" [stack: 0x0000003806800000,0x0000003806900000] [id=18952]
  0x000001380027e000 GCTaskThread "GC Thread#4" [stack: 0x0000003806900000,0x0000003806a00000] [id=11880]
  0x0000013800207000 GCTaskThread "GC Thread#5" [stack: 0x0000003806a00000,0x0000003806b00000] [id=13932]
  0x0000013801b1a800 GCTaskThread "GC Thread#6" [stack: 0x0000003807800000,0x0000003807900000] [id=18600]
  0x0000013801ff1000 GCTaskThread "GC Thread#7" [stack: 0x0000003807900000,0x0000003807a00000] [id=16344]
  0x0000013864d09000 ConcurrentGCThread "G1 Main Marker" [stack: 0x0000003805700000,0x0000003805800000] [id=17880]
  0x0000013864d0a800 ConcurrentGCThread "G1 Conc#0" [stack: 0x0000003805800000,0x0000003805900000] [id=3536]
  0x000001387f111000 ConcurrentGCThread "G1 Conc#1" [stack: 0x0000003807a00000,0x0000003807b00000] [id=19176]
  0x0000013864d6e000 ConcurrentGCThread "G1 Refine#0" [stack: 0x0000003805900000,0x0000003805a00000] [id=10564]
  0x000001387dd0d000 ConcurrentGCThread "G1 Young RemSet Sampling" [stack: 0x0000003805a00000,0x0000003805b00000] [id=2316]

Threads with active compile tasks:
C2 CompilerThread0  21528 5497 % !   4       java.util.jar.Attributes::read @ 186 (390 bytes)
C2 CompilerThread1  21528 5537       4       java.net.URLClassLoader::getAndVerifyPackage (109 bytes)

VM state:not at safepoint (normal execution)

VM Mutex/Monitor currently owned by a thread: None

Heap address: 0x00000000a0000000, size: 1536 MB, Compressed Oops mode: 32-bit
Narrow klass base: 0x0000000000000000, Narrow klass shift: 3
Compressed class space size: 1073741824 Address: 0x0000000100000000

Heap:
 garbage-first heap   total 262144K, used 147791K [0x00000000a0000000, 0x0000000100000000)
  region size 1024K, 121 young (123904K), 13 survivors (13312K)
 Metaspace       used 49687K, capacity 51092K, committed 51152K, reserved 1093632K
  class space    used 6216K, capacity 6724K, committed 6784K, reserved 1048576K
Heap Regions: E=young(eden), S=young(survivor), O=old, HS=humongous(starts), HC=humongous(continues), CS=collection set, F=free, A=archive, TAMS=top-at-mark-start (previous, next)
|   0|0x00000000a0000000, 0x00000000a0100000, 0x00000000a0100000|100%| O|  |TAMS 0x00000000a0100000, 0x00000000a0000000| Untracked 
|   1|0x00000000a0100000, 0x00000000a0200000, 0x00000000a0200000|100%| O|  |TAMS 0x00000000a0200000, 0x00000000a0100000| Untracked 
|   2|0x00000000a0200000, 0x00000000a0300000, 0x00000000a0300000|100%| O|  |TAMS 0x00000000a0300000, 0x00000000a0200000| Untracked 
|   3|0x00000000a0300000, 0x00000000a0400000, 0x00000000a0400000|100%|HS|  |TAMS 0x00000000a0400000, 0x00000000a0300000| Complete 
|   4|0x00000000a0400000, 0x00000000a0500000, 0x00000000a0500000|100%|HC|  |TAMS 0x00000000a0500000, 0x00000000a0400000| Complete 
|   5|0x00000000a0500000, 0x00000000a0600000, 0x00000000a0600000|100%|HC|  |TAMS 0x00000000a0600000, 0x00000000a0500000| Complete 
|   6|0x00000000a0600000, 0x00000000a0700000, 0x00000000a0700000|100%| O|  |TAMS 0x00000000a0700000, 0x00000000a0600000| Untracked 
|   7|0x00000000a0700000, 0x00000000a0800000, 0x00000000a0800000|100%| O|  |TAMS 0x00000000a0800000, 0x00000000a0700000| Untracked 
|   8|0x00000000a0800000, 0x00000000a0900000, 0x00000000a0900000|100%| O|  |TAMS 0x00000000a0900000, 0x00000000a0800000| Untracked 
|   9|0x00000000a0900000, 0x00000000a0a00000, 0x00000000a0a00000|100%| O|  |TAMS 0x00000000a0a00000, 0x00000000a0900000| Untracked 
|  10|0x00000000a0a00000, 0x00000000a0b00000, 0x00000000a0b00000|100%| O|  |TAMS 0x00000000a0b00000, 0x00000000a0a00000| Untracked 
|  11|0x00000000a0b00000, 0x00000000a0c00000, 0x00000000a0c00000|100%| O|  |TAMS 0x00000000a0c00000, 0x00000000a0b00000| Untracked 
|  12|0x00000000a0c00000, 0x00000000a0d00000, 0x00000000a0d00000|100%| O|  |TAMS 0x00000000a0d00000, 0x00000000a0c00000| Untracked 
|  13|0x00000000a0d00000, 0x00000000a0e00000, 0x00000000a0e00000|100%| O|  |TAMS 0x00000000a0e00000, 0x00000000a0d00000| Untracked 
|  14|0x00000000a0e00000, 0x00000000a0f00000, 0x00000000a0f00000|100%| O|  |TAMS 0x00000000a0f00000, 0x00000000a0e00000| Untracked 
|  15|0x00000000a0f00000, 0x00000000a1000000, 0x00000000a1000000|100%| O|  |TAMS 0x00000000a1000000, 0x00000000a0f00000| Untracked 
|  16|0x00000000a1000000, 0x00000000a1069c00, 0x00000000a1100000| 41%| O|  |TAMS 0x00000000a1069c00, 0x00000000a1000000| Untracked 
|  17|0x00000000a1100000, 0x00000000a1200000, 0x00000000a1200000|100%|HS|  |TAMS 0x00000000a1100000, 0x00000000a1100000| Complete 
|  18|0x00000000a1200000, 0x00000000a1300000, 0x00000000a1300000|100%|HS|  |TAMS 0x00000000a1200000, 0x00000000a1200000| Complete 
|  19|0x00000000a1300000, 0x00000000a1400000, 0x00000000a1400000|100%|HS|  |TAMS 0x00000000a1300000, 0x00000000a1300000| Complete 
|  20|0x00000000a1400000, 0x00000000a1500000, 0x00000000a1500000|100%|HS|  |TAMS 0x00000000a1400000, 0x00000000a1400000| Complete 
|  21|0x00000000a1500000, 0x00000000a1600000, 0x00000000a1600000|100%|HS|  |TAMS 0x00000000a1500000, 0x00000000a1500000| Complete 
|  22|0x00000000a1600000, 0x00000000a1700000, 0x00000000a1700000|100%|HC|  |TAMS 0x00000000a1600000, 0x00000000a1600000| Complete 
|  23|0x00000000a1700000, 0x00000000a1800000, 0x00000000a1800000|100%|HC|  |TAMS 0x00000000a1700000, 0x00000000a1700000| Complete 
|  24|0x00000000a1800000, 0x00000000a1900000, 0x00000000a1900000|100%|HS|  |TAMS 0x00000000a1800000, 0x00000000a1800000| Complete 
|  25|0x00000000a1900000, 0x00000000a1a00000, 0x00000000a1a00000|100%|HC|  |TAMS 0x00000000a1900000, 0x00000000a1900000| Complete 
|  26|0x00000000a1a00000, 0x00000000a1a00000, 0x00000000a1b00000|  0%| F|  |TAMS 0x00000000a1a00000, 0x00000000a1a00000| Untracked 
|  27|0x00000000a1b00000, 0x00000000a1b00000, 0x00000000a1c00000|  0%| F|  |TAMS 0x00000000a1b00000, 0x00000000a1b00000| Untracked 
|  28|0x00000000a1c00000, 0x00000000a1c00000, 0x00000000a1d00000|  0%| F|  |TAMS 0x00000000a1c00000, 0x00000000a1c00000| Untracked 
|  29|0x00000000a1d00000, 0x00000000a1d00000, 0x00000000a1e00000|  0%| F|  |TAMS 0x00000000a1d00000, 0x00000000a1d00000| Untracked 
|  30|0x00000000a1e00000, 0x00000000a1e00000, 0x00000000a1f00000|  0%| F|  |TAMS 0x00000000a1e00000, 0x00000000a1e00000| Untracked 
|  31|0x00000000a1f00000, 0x00000000a1f00000, 0x00000000a2000000|  0%| F|  |TAMS 0x00000000a1f00000, 0x00000000a1f00000| Untracked 
|  32|0x00000000a2000000, 0x00000000a2000000, 0x00000000a2100000|  0%| F|  |TAMS 0x00000000a2000000, 0x00000000a2000000| Untracked 
|  33|0x00000000a2100000, 0x00000000a2100000, 0x00000000a2200000|  0%| F|  |TAMS 0x00000000a2100000, 0x00000000a2100000| Untracked 
|  34|0x00000000a2200000, 0x00000000a2200000, 0x00000000a2300000|  0%| F|  |TAMS 0x00000000a2200000, 0x00000000a2200000| Untracked 
|  35|0x00000000a2300000, 0x00000000a2300000, 0x00000000a2400000|  0%| F|  |TAMS 0x00000000a2300000, 0x00000000a2300000| Untracked 
|  36|0x00000000a2400000, 0x00000000a2400000, 0x00000000a2500000|  0%| F|  |TAMS 0x00000000a2400000, 0x00000000a2400000| Untracked 
|  37|0x00000000a2500000, 0x00000000a2500000, 0x00000000a2600000|  0%| F|  |TAMS 0x00000000a2500000, 0x00000000a2500000| Untracked 
|  38|0x00000000a2600000, 0x00000000a2600000, 0x00000000a2700000|  0%| F|  |TAMS 0x00000000a2600000, 0x00000000a2600000| Untracked 
|  39|0x00000000a2700000, 0x00000000a2700000, 0x00000000a2800000|  0%| F|  |TAMS 0x00000000a2700000, 0x00000000a2700000| Untracked 
|  40|0x00000000a2800000, 0x00000000a2800000, 0x00000000a2900000|  0%| F|  |TAMS 0x00000000a2800000, 0x00000000a2800000| Untracked 
|  41|0x00000000a2900000, 0x00000000a2900000, 0x00000000a2a00000|  0%| F|  |TAMS 0x00000000a2900000, 0x00000000a2900000| Untracked 
|  42|0x00000000a2a00000, 0x00000000a2a00000, 0x00000000a2b00000|  0%| F|  |TAMS 0x00000000a2a00000, 0x00000000a2a00000| Untracked 
|  43|0x00000000a2b00000, 0x00000000a2b00000, 0x00000000a2c00000|  0%| F|  |TAMS 0x00000000a2b00000, 0x00000000a2b00000| Untracked 
|  44|0x00000000a2c00000, 0x00000000a2c00000, 0x00000000a2d00000|  0%| F|  |TAMS 0x00000000a2c00000, 0x00000000a2c00000| Untracked 
|  45|0x00000000a2d00000, 0x00000000a2d00000, 0x00000000a2e00000|  0%| F|  |TAMS 0x00000000a2d00000, 0x00000000a2d00000| Untracked 
|  46|0x00000000a2e00000, 0x00000000a2e00000, 0x00000000a2f00000|  0%| F|  |TAMS 0x00000000a2e00000, 0x00000000a2e00000| Untracked 
|  47|0x00000000a2f00000, 0x00000000a2f00000, 0x00000000a3000000|  0%| F|  |TAMS 0x00000000a2f00000, 0x00000000a2f00000| Untracked 
|  48|0x00000000a3000000, 0x00000000a3000000, 0x00000000a3100000|  0%| F|  |TAMS 0x00000000a3000000, 0x00000000a3000000| Untracked 
|  49|0x00000000a3100000, 0x00000000a3100000, 0x00000000a3200000|  0%| F|  |TAMS 0x00000000a3100000, 0x00000000a3100000| Untracked 
|  50|0x00000000a3200000, 0x00000000a3200000, 0x00000000a3300000|  0%| F|  |TAMS 0x00000000a3200000, 0x00000000a3200000| Untracked 
|  51|0x00000000a3300000, 0x00000000a3300000, 0x00000000a3400000|  0%| F|  |TAMS 0x00000000a3300000, 0x00000000a3300000| Untracked 
|  52|0x00000000a3400000, 0x00000000a3400000, 0x00000000a3500000|  0%| F|  |TAMS 0x00000000a3400000, 0x00000000a3400000| Untracked 
|  53|0x00000000a3500000, 0x00000000a3500000, 0x00000000a3600000|  0%| F|  |TAMS 0x00000000a3500000, 0x00000000a3500000| Untracked 
|  54|0x00000000a3600000, 0x00000000a3600000, 0x00000000a3700000|  0%| F|  |TAMS 0x00000000a3600000, 0x00000000a3600000| Untracked 
|  55|0x00000000a3700000, 0x00000000a3700000, 0x00000000a3800000|  0%| F|  |TAMS 0x00000000a3700000, 0x00000000a3700000| Untracked 
|  56|0x00000000a3800000, 0x00000000a3800000, 0x00000000a3900000|  0%| F|  |TAMS 0x00000000a3800000, 0x00000000a3800000| Untracked 
|  57|0x00000000a3900000, 0x00000000a3900000, 0x00000000a3a00000|  0%| F|  |TAMS 0x00000000a3900000, 0x00000000a3900000| Untracked 
|  58|0x00000000a3a00000, 0x00000000a3a00000, 0x00000000a3b00000|  0%| F|  |TAMS 0x00000000a3a00000, 0x00000000a3a00000| Untracked 
|  59|0x00000000a3b00000, 0x00000000a3b00000, 0x00000000a3c00000|  0%| F|  |TAMS 0x00000000a3b00000, 0x00000000a3b00000| Untracked 
|  60|0x00000000a3c00000, 0x00000000a3c00000, 0x00000000a3d00000|  0%| F|  |TAMS 0x00000000a3c00000, 0x00000000a3c00000| Untracked 
|  61|0x00000000a3d00000, 0x00000000a3d00000, 0x00000000a3e00000|  0%| F|  |TAMS 0x00000000a3d00000, 0x00000000a3d00000| Untracked 
|  62|0x00000000a3e00000, 0x00000000a3e00000, 0x00000000a3f00000|  0%| F|  |TAMS 0x00000000a3e00000, 0x00000000a3e00000| Untracked 
|  63|0x00000000a3f00000, 0x00000000a3f00000, 0x00000000a4000000|  0%| F|  |TAMS 0x00000000a3f00000, 0x00000000a3f00000| Untracked 
|  64|0x00000000a4000000, 0x00000000a4000000, 0x00000000a4100000|  0%| F|  |TAMS 0x00000000a4000000, 0x00000000a4000000| Untracked 
|  65|0x00000000a4100000, 0x00000000a4100000, 0x00000000a4200000|  0%| F|  |TAMS 0x00000000a4100000, 0x00000000a4100000| Untracked 
|  66|0x00000000a4200000, 0x00000000a4200000, 0x00000000a4300000|  0%| F|  |TAMS 0x00000000a4200000, 0x00000000a4200000| Untracked 
|  67|0x00000000a4300000, 0x00000000a4300000, 0x00000000a4400000|  0%| F|  |TAMS 0x00000000a4300000, 0x00000000a4300000| Untracked 
|  68|0x00000000a4400000, 0x00000000a4400000, 0x00000000a4500000|  0%| F|  |TAMS 0x00000000a4400000, 0x00000000a4400000| Untracked 
|  69|0x00000000a4500000, 0x00000000a4500000, 0x00000000a4600000|  0%| F|  |TAMS 0x00000000a4500000, 0x00000000a4500000| Untracked 
|  70|0x00000000a4600000, 0x00000000a4600000, 0x00000000a4700000|  0%| F|  |TAMS 0x00000000a4600000, 0x00000000a4600000| Untracked 
|  71|0x00000000a4700000, 0x00000000a4700000, 0x00000000a4800000|  0%| F|  |TAMS 0x00000000a4700000, 0x00000000a4700000| Untracked 
|  72|0x00000000a4800000, 0x00000000a4800000, 0x00000000a4900000|  0%| F|  |TAMS 0x00000000a4800000, 0x00000000a4800000| Untracked 
|  73|0x00000000a4900000, 0x00000000a4900000, 0x00000000a4a00000|  0%| F|  |TAMS 0x00000000a4900000, 0x00000000a4900000| Untracked 
|  74|0x00000000a4a00000, 0x00000000a4a00000, 0x00000000a4b00000|  0%| F|  |TAMS 0x00000000a4a00000, 0x00000000a4a00000| Untracked 
|  75|0x00000000a4b00000, 0x00000000a4b00000, 0x00000000a4c00000|  0%| F|  |TAMS 0x00000000a4b00000, 0x00000000a4b00000| Untracked 
|  76|0x00000000a4c00000, 0x00000000a4c00000, 0x00000000a4d00000|  0%| F|  |TAMS 0x00000000a4c00000, 0x00000000a4c00000| Untracked 
|  77|0x00000000a4d00000, 0x00000000a4d00000, 0x00000000a4e00000|  0%| F|  |TAMS 0x00000000a4d00000, 0x00000000a4d00000| Untracked 
|  78|0x00000000a4e00000, 0x00000000a4e00000, 0x00000000a4f00000|  0%| F|  |TAMS 0x00000000a4e00000, 0x00000000a4e00000| Untracked 
|  79|0x00000000a4f00000, 0x00000000a4f00000, 0x00000000a5000000|  0%| F|  |TAMS 0x00000000a4f00000, 0x00000000a4f00000| Untracked 
|  80|0x00000000a5000000, 0x00000000a5000000, 0x00000000a5100000|  0%| F|  |TAMS 0x00000000a5000000, 0x00000000a5000000| Untracked 
|  81|0x00000000a5100000, 0x00000000a5100000, 0x00000000a5200000|  0%| F|  |TAMS 0x00000000a5100000, 0x00000000a5100000| Untracked 
|  82|0x00000000a5200000, 0x00000000a5200000, 0x00000000a5300000|  0%| F|  |TAMS 0x00000000a5200000, 0x00000000a5200000| Untracked 
|  83|0x00000000a5300000, 0x00000000a5300000, 0x00000000a5400000|  0%| F|  |TAMS 0x00000000a5300000, 0x00000000a5300000| Untracked 
|  84|0x00000000a5400000, 0x00000000a5400000, 0x00000000a5500000|  0%| F|  |TAMS 0x00000000a5400000, 0x00000000a5400000| Untracked 
|  85|0x00000000a5500000, 0x00000000a5500000, 0x00000000a5600000|  0%| F|  |TAMS 0x00000000a5500000, 0x00000000a5500000| Untracked 
|  86|0x00000000a5600000, 0x00000000a5600000, 0x00000000a5700000|  0%| F|  |TAMS 0x00000000a5600000, 0x00000000a5600000| Untracked 
|  87|0x00000000a5700000, 0x00000000a5700000, 0x00000000a5800000|  0%| F|  |TAMS 0x00000000a5700000, 0x00000000a5700000| Untracked 
|  88|0x00000000a5800000, 0x00000000a5800000, 0x00000000a5900000|  0%| F|  |TAMS 0x00000000a5800000, 0x00000000a5800000| Untracked 
|  89|0x00000000a5900000, 0x00000000a5900000, 0x00000000a5a00000|  0%| F|  |TAMS 0x00000000a5900000, 0x00000000a5900000| Untracked 
|  90|0x00000000a5a00000, 0x00000000a5a00000, 0x00000000a5b00000|  0%| F|  |TAMS 0x00000000a5a00000, 0x00000000a5a00000| Untracked 
|  91|0x00000000a5b00000, 0x00000000a5b00000, 0x00000000a5c00000|  0%| F|  |TAMS 0x00000000a5b00000, 0x00000000a5b00000| Untracked 
|  92|0x00000000a5c00000, 0x00000000a5c00000, 0x00000000a5d00000|  0%| F|  |TAMS 0x00000000a5c00000, 0x00000000a5c00000| Untracked 
|  93|0x00000000a5d00000, 0x00000000a5d00000, 0x00000000a5e00000|  0%| F|  |TAMS 0x00000000a5d00000, 0x00000000a5d00000| Untracked 
|  94|0x00000000a5e00000, 0x00000000a5e00000, 0x00000000a5f00000|  0%| F|  |TAMS 0x00000000a5e00000, 0x00000000a5e00000| Untracked 
|  95|0x00000000a5f00000, 0x00000000a5f00000, 0x00000000a6000000|  0%| F|  |TAMS 0x00000000a5f00000, 0x00000000a5f00000| Untracked 
|  96|0x00000000a6000000, 0x00000000a6000000, 0x00000000a6100000|  0%| F|  |TAMS 0x00000000a6000000, 0x00000000a6000000| Untracked 
|  97|0x00000000a6100000, 0x00000000a6100000, 0x00000000a6200000|  0%| F|  |TAMS 0x00000000a6100000, 0x00000000a6100000| Untracked 
|  98|0x00000000a6200000, 0x00000000a6200000, 0x00000000a6300000|  0%| F|  |TAMS 0x00000000a6200000, 0x00000000a6200000| Untracked 
|  99|0x00000000a6300000, 0x00000000a6300000, 0x00000000a6400000|  0%| F|  |TAMS 0x00000000a6300000, 0x00000000a6300000| Untracked 
| 100|0x00000000a6400000, 0x00000000a6400000, 0x00000000a6500000|  0%| F|  |TAMS 0x00000000a6400000, 0x00000000a6400000| Untracked 
| 101|0x00000000a6500000, 0x00000000a6500000, 0x00000000a6600000|  0%| F|  |TAMS 0x00000000a6500000, 0x00000000a6500000| Untracked 
| 102|0x00000000a6600000, 0x00000000a6600000, 0x00000000a6700000|  0%| F|  |TAMS 0x00000000a6600000, 0x00000000a6600000| Untracked 
| 103|0x00000000a6700000, 0x00000000a6700000, 0x00000000a6800000|  0%| F|  |TAMS 0x00000000a6700000, 0x00000000a6700000| Untracked 
| 104|0x00000000a6800000, 0x00000000a6800000, 0x00000000a6900000|  0%| F|  |TAMS 0x00000000a6800000, 0x00000000a6800000| Untracked 
| 105|0x00000000a6900000, 0x00000000a6900000, 0x00000000a6a00000|  0%| F|  |TAMS 0x00000000a6900000, 0x00000000a6900000| Untracked 
| 106|0x00000000a6a00000, 0x00000000a6a00000, 0x00000000a6b00000|  0%| F|  |TAMS 0x00000000a6a00000, 0x00000000a6a00000| Untracked 
| 107|0x00000000a6b00000, 0x00000000a6b00000, 0x00000000a6c00000|  0%| F|  |TAMS 0x00000000a6b00000, 0x00000000a6b00000| Untracked 
| 108|0x00000000a6c00000, 0x00000000a6c00000, 0x00000000a6d00000|  0%| F|  |TAMS 0x00000000a6c00000, 0x00000000a6c00000| Untracked 
| 109|0x00000000a6d00000, 0x00000000a6d00000, 0x00000000a6e00000|  0%| F|  |TAMS 0x00000000a6d00000, 0x00000000a6d00000| Untracked 
| 110|0x00000000a6e00000, 0x00000000a6e00000, 0x00000000a6f00000|  0%| F|  |TAMS 0x00000000a6e00000, 0x00000000a6e00000| Untracked 
| 111|0x00000000a6f00000, 0x00000000a6f00000, 0x00000000a7000000|  0%| F|  |TAMS 0x00000000a6f00000, 0x00000000a6f00000| Untracked 
| 112|0x00000000a7000000, 0x00000000a7000000, 0x00000000a7100000|  0%| F|  |TAMS 0x00000000a7000000, 0x00000000a7000000| Untracked 
| 113|0x00000000a7100000, 0x00000000a7100000, 0x00000000a7200000|  0%| F|  |TAMS 0x00000000a7100000, 0x00000000a7100000| Untracked 
| 114|0x00000000a7200000, 0x00000000a7200000, 0x00000000a7300000|  0%| F|  |TAMS 0x00000000a7200000, 0x00000000a7200000| Untracked 
| 115|0x00000000a7300000, 0x00000000a7300000, 0x00000000a7400000|  0%| F|  |TAMS 0x00000000a7300000, 0x00000000a7300000| Untracked 
| 116|0x00000000a7400000, 0x00000000a7400000, 0x00000000a7500000|  0%| F|  |TAMS 0x00000000a7400000, 0x00000000a7400000| Untracked 
| 117|0x00000000a7500000, 0x00000000a7500000, 0x00000000a7600000|  0%| F|  |TAMS 0x00000000a7500000, 0x00000000a7500000| Untracked 
| 118|0x00000000a7600000, 0x00000000a7600000, 0x00000000a7700000|  0%| F|  |TAMS 0x00000000a7600000, 0x00000000a7600000| Untracked 
| 119|0x00000000a7700000, 0x00000000a7700000, 0x00000000a7800000|  0%| F|  |TAMS 0x00000000a7700000, 0x00000000a7700000| Untracked 
| 120|0x00000000a7800000, 0x00000000a7800000, 0x00000000a7900000|  0%| F|  |TAMS 0x00000000a7800000, 0x00000000a7800000| Untracked 
| 121|0x00000000a7900000, 0x00000000a7900000, 0x00000000a7a00000|  0%| F|  |TAMS 0x00000000a7900000, 0x00000000a7900000| Untracked 
| 122|0x00000000a7a00000, 0x00000000a7a00000, 0x00000000a7b00000|  0%| F|  |TAMS 0x00000000a7a00000, 0x00000000a7a00000| Untracked 
| 123|0x00000000a7b00000, 0x00000000a7b00000, 0x00000000a7c00000|  0%| F|  |TAMS 0x00000000a7b00000, 0x00000000a7b00000| Untracked 
| 124|0x00000000a7c00000, 0x00000000a7cea2b8, 0x00000000a7d00000| 91%| S|CS|TAMS 0x00000000a7c00000, 0x00000000a7c00000| Complete 
| 125|0x00000000a7d00000, 0x00000000a7e00000, 0x00000000a7e00000|100%| S|CS|TAMS 0x00000000a7d00000, 0x00000000a7d00000| Complete 
| 126|0x00000000a7e00000, 0x00000000a7f00000, 0x00000000a7f00000|100%| S|CS|TAMS 0x00000000a7e00000, 0x00000000a7e00000| Complete 
| 127|0x00000000a7f00000, 0x00000000a8000000, 0x00000000a8000000|100%| S|CS|TAMS 0x00000000a7f00000, 0x00000000a7f00000| Complete 
| 128|0x00000000a8000000, 0x00000000a8100000, 0x00000000a8100000|100%| S|CS|TAMS 0x00000000a8000000, 0x00000000a8000000| Complete 
| 129|0x00000000a8100000, 0x00000000a8200000, 0x00000000a8200000|100%| S|CS|TAMS 0x00000000a8100000, 0x00000000a8100000| Complete 
| 130|0x00000000a8200000, 0x00000000a8300000, 0x00000000a8300000|100%| S|CS|TAMS 0x00000000a8200000, 0x00000000a8200000| Complete 
| 131|0x00000000a8300000, 0x00000000a8400000, 0x00000000a8400000|100%| S|CS|TAMS 0x00000000a8300000, 0x00000000a8300000| Complete 
| 132|0x00000000a8400000, 0x00000000a8500000, 0x00000000a8500000|100%| S|CS|TAMS 0x00000000a8400000, 0x00000000a8400000| Complete 
| 133|0x00000000a8500000, 0x00000000a8600000, 0x00000000a8600000|100%| S|CS|TAMS 0x00000000a8500000, 0x00000000a8500000| Complete 
| 134|0x00000000a8600000, 0x00000000a8700000, 0x00000000a8700000|100%| S|CS|TAMS 0x00000000a8600000, 0x00000000a8600000| Complete 
| 135|0x00000000a8700000, 0x00000000a8800000, 0x00000000a8800000|100%| S|CS|TAMS 0x00000000a8700000, 0x00000000a8700000| Complete 
| 136|0x00000000a8800000, 0x00000000a8900000, 0x00000000a8900000|100%| S|CS|TAMS 0x00000000a8800000, 0x00000000a8800000| Complete 
| 137|0x00000000a8900000, 0x00000000a8900000, 0x00000000a8a00000|  0%| F|  |TAMS 0x00000000a8900000, 0x00000000a8900000| Untracked 
| 138|0x00000000a8a00000, 0x00000000a8a00000, 0x00000000a8b00000|  0%| F|  |TAMS 0x00000000a8a00000, 0x00000000a8a00000| Untracked 
| 139|0x00000000a8b00000, 0x00000000a8b00000, 0x00000000a8c00000|  0%| F|  |TAMS 0x00000000a8b00000, 0x00000000a8b00000| Untracked 
| 140|0x00000000a8c00000, 0x00000000a8c00000, 0x00000000a8d00000|  0%| F|  |TAMS 0x00000000a8c00000, 0x00000000a8c00000| Untracked 
| 141|0x00000000a8d00000, 0x00000000a8d00000, 0x00000000a8e00000|  0%| F|  |TAMS 0x00000000a8d00000, 0x00000000a8d00000| Untracked 
| 142|0x00000000a8e00000, 0x00000000a8e00000, 0x00000000a8f00000|  0%| F|  |TAMS 0x00000000a8e00000, 0x00000000a8e00000| Untracked 
| 143|0x00000000a8f00000, 0x00000000a8f00000, 0x00000000a9000000|  0%| F|  |TAMS 0x00000000a8f00000, 0x00000000a8f00000| Untracked 
| 144|0x00000000a9000000, 0x00000000a9000000, 0x00000000a9100000|  0%| F|  |TAMS 0x00000000a9000000, 0x00000000a9000000| Untracked 
| 145|0x00000000a9100000, 0x00000000a9100000, 0x00000000a9200000|  0%| F|  |TAMS 0x00000000a9100000, 0x00000000a9100000| Untracked 
| 146|0x00000000a9200000, 0x00000000a9200000, 0x00000000a9300000|  0%| F|  |TAMS 0x00000000a9200000, 0x00000000a9200000| Untracked 
| 147|0x00000000a9300000, 0x00000000a9300000, 0x00000000a9400000|  0%| F|  |TAMS 0x00000000a9300000, 0x00000000a9300000| Untracked 
| 148|0x00000000a9400000, 0x00000000a9500000, 0x00000000a9500000|100%| E|  |TAMS 0x00000000a9400000, 0x00000000a9400000| Complete 
| 149|0x00000000a9500000, 0x00000000a9600000, 0x00000000a9600000|100%| E|CS|TAMS 0x00000000a9500000, 0x00000000a9500000| Complete 
| 150|0x00000000a9600000, 0x00000000a9700000, 0x00000000a9700000|100%| E|CS|TAMS 0x00000000a9600000, 0x00000000a9600000| Complete 
| 151|0x00000000a9700000, 0x00000000a9800000, 0x00000000a9800000|100%| E|CS|TAMS 0x00000000a9700000, 0x00000000a9700000| Complete 
| 152|0x00000000a9800000, 0x00000000a9900000, 0x00000000a9900000|100%| E|CS|TAMS 0x00000000a9800000, 0x00000000a9800000| Complete 
| 153|0x00000000a9900000, 0x00000000a9a00000, 0x00000000a9a00000|100%| E|CS|TAMS 0x00000000a9900000, 0x00000000a9900000| Complete 
| 154|0x00000000a9a00000, 0x00000000a9b00000, 0x00000000a9b00000|100%| E|CS|TAMS 0x00000000a9a00000, 0x00000000a9a00000| Complete 
| 155|0x00000000a9b00000, 0x00000000a9c00000, 0x00000000a9c00000|100%| E|CS|TAMS 0x00000000a9b00000, 0x00000000a9b00000| Complete 
| 156|0x00000000a9c00000, 0x00000000a9d00000, 0x00000000a9d00000|100%| E|CS|TAMS 0x00000000a9c00000, 0x00000000a9c00000| Complete 
| 157|0x00000000a9d00000, 0x00000000a9e00000, 0x00000000a9e00000|100%| E|CS|TAMS 0x00000000a9d00000, 0x00000000a9d00000| Complete 
| 158|0x00000000a9e00000, 0x00000000a9f00000, 0x00000000a9f00000|100%| E|CS|TAMS 0x00000000a9e00000, 0x00000000a9e00000| Complete 
| 159|0x00000000a9f00000, 0x00000000aa000000, 0x00000000aa000000|100%| E|CS|TAMS 0x00000000a9f00000, 0x00000000a9f00000| Complete 
| 160|0x00000000aa000000, 0x00000000aa100000, 0x00000000aa100000|100%| E|CS|TAMS 0x00000000aa000000, 0x00000000aa000000| Complete 
| 161|0x00000000aa100000, 0x00000000aa200000, 0x00000000aa200000|100%| E|  |TAMS 0x00000000aa100000, 0x00000000aa100000| Complete 
| 162|0x00000000aa200000, 0x00000000aa300000, 0x00000000aa300000|100%| E|CS|TAMS 0x00000000aa200000, 0x00000000aa200000| Complete 
| 163|0x00000000aa300000, 0x00000000aa400000, 0x00000000aa400000|100%| E|CS|TAMS 0x00000000aa300000, 0x00000000aa300000| Complete 
| 164|0x00000000aa400000, 0x00000000aa500000, 0x00000000aa500000|100%| E|CS|TAMS 0x00000000aa400000, 0x00000000aa400000| Complete 
| 165|0x00000000aa500000, 0x00000000aa600000, 0x00000000aa600000|100%| E|CS|TAMS 0x00000000aa500000, 0x00000000aa500000| Complete 
| 166|0x00000000aa600000, 0x00000000aa700000, 0x00000000aa700000|100%| E|CS|TAMS 0x00000000aa600000, 0x00000000aa600000| Complete 
| 167|0x00000000aa700000, 0x00000000aa800000, 0x00000000aa800000|100%| E|CS|TAMS 0x00000000aa700000, 0x00000000aa700000| Complete 
| 168|0x00000000aa800000, 0x00000000aa900000, 0x00000000aa900000|100%| E|CS|TAMS 0x00000000aa800000, 0x00000000aa800000| Complete 
| 169|0x00000000aa900000, 0x00000000aaa00000, 0x00000000aaa00000|100%| E|CS|TAMS 0x00000000aa900000, 0x00000000aa900000| Complete 
| 170|0x00000000aaa00000, 0x00000000aab00000, 0x00000000aab00000|100%| E|CS|TAMS 0x00000000aaa00000, 0x00000000aaa00000| Complete 
| 171|0x00000000aab00000, 0x00000000aac00000, 0x00000000aac00000|100%| E|CS|TAMS 0x00000000aab00000, 0x00000000aab00000| Complete 
| 172|0x00000000aac00000, 0x00000000aad00000, 0x00000000aad00000|100%| E|CS|TAMS 0x00000000aac00000, 0x00000000aac00000| Complete 
| 173|0x00000000aad00000, 0x00000000aae00000, 0x00000000aae00000|100%| E|CS|TAMS 0x00000000aad00000, 0x00000000aad00000| Complete 
| 174|0x00000000aae00000, 0x00000000aaf00000, 0x00000000aaf00000|100%| E|CS|TAMS 0x00000000aae00000, 0x00000000aae00000| Complete 
| 175|0x00000000aaf00000, 0x00000000ab000000, 0x00000000ab000000|100%| E|CS|TAMS 0x00000000aaf00000, 0x00000000aaf00000| Complete 
| 176|0x00000000ab000000, 0x00000000ab100000, 0x00000000ab100000|100%| E|CS|TAMS 0x00000000ab000000, 0x00000000ab000000| Complete 
| 177|0x00000000ab100000, 0x00000000ab200000, 0x00000000ab200000|100%| E|CS|TAMS 0x00000000ab100000, 0x00000000ab100000| Complete 
| 178|0x00000000ab200000, 0x00000000ab300000, 0x00000000ab300000|100%| E|CS|TAMS 0x00000000ab200000, 0x00000000ab200000| Complete 
| 179|0x00000000ab300000, 0x00000000ab400000, 0x00000000ab400000|100%| E|CS|TAMS 0x00000000ab300000, 0x00000000ab300000| Complete 
| 180|0x00000000ab400000, 0x00000000ab500000, 0x00000000ab500000|100%| E|CS|TAMS 0x00000000ab400000, 0x00000000ab400000| Complete 
| 181|0x00000000ab500000, 0x00000000ab600000, 0x00000000ab600000|100%| E|CS|TAMS 0x00000000ab500000, 0x00000000ab500000| Complete 
| 182|0x00000000ab600000, 0x00000000ab700000, 0x00000000ab700000|100%| E|CS|TAMS 0x00000000ab600000, 0x00000000ab600000| Complete 
| 183|0x00000000ab700000, 0x00000000ab800000, 0x00000000ab800000|100%| E|CS|TAMS 0x00000000ab700000, 0x00000000ab700000| Complete 
| 184|0x00000000ab800000, 0x00000000ab900000, 0x00000000ab900000|100%| E|CS|TAMS 0x00000000ab800000, 0x00000000ab800000| Complete 
| 185|0x00000000ab900000, 0x00000000aba00000, 0x00000000aba00000|100%| E|CS|TAMS 0x00000000ab900000, 0x00000000ab900000| Complete 
| 186|0x00000000aba00000, 0x00000000abb00000, 0x00000000abb00000|100%| E|CS|TAMS 0x00000000aba00000, 0x00000000aba00000| Complete 
| 187|0x00000000abb00000, 0x00000000abc00000, 0x00000000abc00000|100%| E|CS|TAMS 0x00000000abb00000, 0x00000000abb00000| Complete 
| 188|0x00000000abc00000, 0x00000000abd00000, 0x00000000abd00000|100%| E|CS|TAMS 0x00000000abc00000, 0x00000000abc00000| Complete 
| 189|0x00000000abd00000, 0x00000000abe00000, 0x00000000abe00000|100%| E|CS|TAMS 0x00000000abd00000, 0x00000000abd00000| Complete 
| 190|0x00000000abe00000, 0x00000000abf00000, 0x00000000abf00000|100%| E|CS|TAMS 0x00000000abe00000, 0x00000000abe00000| Complete 
| 191|0x00000000abf00000, 0x00000000ac000000, 0x00000000ac000000|100%| E|CS|TAMS 0x00000000abf00000, 0x00000000abf00000| Complete 
| 192|0x00000000ac000000, 0x00000000ac100000, 0x00000000ac100000|100%| E|CS|TAMS 0x00000000ac000000, 0x00000000ac000000| Complete 
| 193|0x00000000ac100000, 0x00000000ac200000, 0x00000000ac200000|100%| E|CS|TAMS 0x00000000ac100000, 0x00000000ac100000| Complete 
| 194|0x00000000ac200000, 0x00000000ac300000, 0x00000000ac300000|100%| E|CS|TAMS 0x00000000ac200000, 0x00000000ac200000| Complete 
| 195|0x00000000ac300000, 0x00000000ac400000, 0x00000000ac400000|100%| E|CS|TAMS 0x00000000ac300000, 0x00000000ac300000| Complete 
| 196|0x00000000ac400000, 0x00000000ac500000, 0x00000000ac500000|100%| E|CS|TAMS 0x00000000ac400000, 0x00000000ac400000| Complete 
| 197|0x00000000ac500000, 0x00000000ac600000, 0x00000000ac600000|100%| E|CS|TAMS 0x00000000ac500000, 0x00000000ac500000| Complete 
| 198|0x00000000ac600000, 0x00000000ac700000, 0x00000000ac700000|100%| E|CS|TAMS 0x00000000ac600000, 0x00000000ac600000| Complete 
| 199|0x00000000ac700000, 0x00000000ac800000, 0x00000000ac800000|100%| E|CS|TAMS 0x00000000ac700000, 0x00000000ac700000| Complete 
| 200|0x00000000ac800000, 0x00000000ac900000, 0x00000000ac900000|100%| E|CS|TAMS 0x00000000ac800000, 0x00000000ac800000| Complete 
| 201|0x00000000ac900000, 0x00000000aca00000, 0x00000000aca00000|100%| E|CS|TAMS 0x00000000ac900000, 0x00000000ac900000| Complete 
| 202|0x00000000aca00000, 0x00000000acb00000, 0x00000000acb00000|100%| E|CS|TAMS 0x00000000aca00000, 0x00000000aca00000| Complete 
| 203|0x00000000acb00000, 0x00000000acc00000, 0x00000000acc00000|100%| E|CS|TAMS 0x00000000acb00000, 0x00000000acb00000| Complete 
| 204|0x00000000acc00000, 0x00000000acd00000, 0x00000000acd00000|100%| E|CS|TAMS 0x00000000acc00000, 0x00000000acc00000| Complete 
| 205|0x00000000acd00000, 0x00000000ace00000, 0x00000000ace00000|100%| E|CS|TAMS 0x00000000acd00000, 0x00000000acd00000| Complete 
| 206|0x00000000ace00000, 0x00000000acf00000, 0x00000000acf00000|100%| E|CS|TAMS 0x00000000ace00000, 0x00000000ace00000| Complete 
| 207|0x00000000acf00000, 0x00000000ad000000, 0x00000000ad000000|100%| E|CS|TAMS 0x00000000acf00000, 0x00000000acf00000| Complete 
| 208|0x00000000ad000000, 0x00000000ad100000, 0x00000000ad100000|100%| E|CS|TAMS 0x00000000ad000000, 0x00000000ad000000| Complete 
| 209|0x00000000ad100000, 0x00000000ad200000, 0x00000000ad200000|100%| E|CS|TAMS 0x00000000ad100000, 0x00000000ad100000| Complete 
| 210|0x00000000ad200000, 0x00000000ad300000, 0x00000000ad300000|100%| E|CS|TAMS 0x00000000ad200000, 0x00000000ad200000| Complete 
| 211|0x00000000ad300000, 0x00000000ad400000, 0x00000000ad400000|100%| E|CS|TAMS 0x00000000ad300000, 0x00000000ad300000| Complete 
| 212|0x00000000ad400000, 0x00000000ad500000, 0x00000000ad500000|100%| E|CS|TAMS 0x00000000ad400000, 0x00000000ad400000| Complete 
| 213|0x00000000ad500000, 0x00000000ad600000, 0x00000000ad600000|100%| E|CS|TAMS 0x00000000ad500000, 0x00000000ad500000| Complete 
| 214|0x00000000ad600000, 0x00000000ad700000, 0x00000000ad700000|100%| E|CS|TAMS 0x00000000ad600000, 0x00000000ad600000| Complete 
| 215|0x00000000ad700000, 0x00000000ad800000, 0x00000000ad800000|100%| E|CS|TAMS 0x00000000ad700000, 0x00000000ad700000| Complete 
| 216|0x00000000ad800000, 0x00000000ad900000, 0x00000000ad900000|100%| E|CS|TAMS 0x00000000ad800000, 0x00000000ad800000| Complete 
| 217|0x00000000ad900000, 0x00000000ada00000, 0x00000000ada00000|100%| E|CS|TAMS 0x00000000ad900000, 0x00000000ad900000| Complete 
| 218|0x00000000ada00000, 0x00000000adb00000, 0x00000000adb00000|100%| E|CS|TAMS 0x00000000ada00000, 0x00000000ada00000| Complete 
| 219|0x00000000adb00000, 0x00000000adc00000, 0x00000000adc00000|100%| E|CS|TAMS 0x00000000adb00000, 0x00000000adb00000| Complete 
| 220|0x00000000adc00000, 0x00000000add00000, 0x00000000add00000|100%| E|CS|TAMS 0x00000000adc00000, 0x00000000adc00000| Complete 
| 221|0x00000000add00000, 0x00000000ade00000, 0x00000000ade00000|100%| E|CS|TAMS 0x00000000add00000, 0x00000000add00000| Complete 
| 222|0x00000000ade00000, 0x00000000adf00000, 0x00000000adf00000|100%| E|CS|TAMS 0x00000000ade00000, 0x00000000ade00000| Complete 
| 223|0x00000000adf00000, 0x00000000ae000000, 0x00000000ae000000|100%| E|CS|TAMS 0x00000000adf00000, 0x00000000adf00000| Complete 
| 224|0x00000000ae000000, 0x00000000ae100000, 0x00000000ae100000|100%| E|CS|TAMS 0x00000000ae000000, 0x00000000ae000000| Complete 
| 225|0x00000000ae100000, 0x00000000ae200000, 0x00000000ae200000|100%| E|CS|TAMS 0x00000000ae100000, 0x00000000ae100000| Complete 
| 226|0x00000000ae200000, 0x00000000ae300000, 0x00000000ae300000|100%| E|CS|TAMS 0x00000000ae200000, 0x00000000ae200000| Complete 
| 227|0x00000000ae300000, 0x00000000ae400000, 0x00000000ae400000|100%| E|CS|TAMS 0x00000000ae300000, 0x00000000ae300000| Complete 
| 228|0x00000000ae400000, 0x00000000ae500000, 0x00000000ae500000|100%| E|CS|TAMS 0x00000000ae400000, 0x00000000ae400000| Complete 
| 229|0x00000000ae500000, 0x00000000ae600000, 0x00000000ae600000|100%| E|CS|TAMS 0x00000000ae500000, 0x00000000ae500000| Complete 
| 230|0x00000000ae600000, 0x00000000ae700000, 0x00000000ae700000|100%| E|CS|TAMS 0x00000000ae600000, 0x00000000ae600000| Complete 
| 231|0x00000000ae700000, 0x00000000ae800000, 0x00000000ae800000|100%| E|CS|TAMS 0x00000000ae700000, 0x00000000ae700000| Complete 
| 232|0x00000000ae800000, 0x00000000ae900000, 0x00000000ae900000|100%| E|CS|TAMS 0x00000000ae800000, 0x00000000ae800000| Complete 
| 233|0x00000000ae900000, 0x00000000aea00000, 0x00000000aea00000|100%| E|CS|TAMS 0x00000000ae900000, 0x00000000ae900000| Complete 
| 234|0x00000000aea00000, 0x00000000aeb00000, 0x00000000aeb00000|100%| E|CS|TAMS 0x00000000aea00000, 0x00000000aea00000| Complete 
| 235|0x00000000aeb00000, 0x00000000aec00000, 0x00000000aec00000|100%| E|CS|TAMS 0x00000000aeb00000, 0x00000000aeb00000| Complete 
| 236|0x00000000aec00000, 0x00000000aed00000, 0x00000000aed00000|100%| E|CS|TAMS 0x00000000aec00000, 0x00000000aec00000| Complete 
| 237|0x00000000aed00000, 0x00000000aee00000, 0x00000000aee00000|100%| E|CS|TAMS 0x00000000aed00000, 0x00000000aed00000| Complete 
| 238|0x00000000aee00000, 0x00000000aef00000, 0x00000000aef00000|100%| E|CS|TAMS 0x00000000aee00000, 0x00000000aee00000| Complete 
| 239|0x00000000aef00000, 0x00000000af000000, 0x00000000af000000|100%| E|CS|TAMS 0x00000000aef00000, 0x00000000aef00000| Complete 
| 240|0x00000000af000000, 0x00000000af100000, 0x00000000af100000|100%| E|CS|TAMS 0x00000000af000000, 0x00000000af000000| Complete 
| 241|0x00000000af100000, 0x00000000af200000, 0x00000000af200000|100%| E|CS|TAMS 0x00000000af100000, 0x00000000af100000| Complete 
| 242|0x00000000af200000, 0x00000000af300000, 0x00000000af300000|100%| E|CS|TAMS 0x00000000af200000, 0x00000000af200000| Complete 
| 243|0x00000000af300000, 0x00000000af400000, 0x00000000af400000|100%| E|CS|TAMS 0x00000000af300000, 0x00000000af300000| Complete 
| 244|0x00000000af400000, 0x00000000af500000, 0x00000000af500000|100%| E|CS|TAMS 0x00000000af400000, 0x00000000af400000| Complete 
| 245|0x00000000af500000, 0x00000000af600000, 0x00000000af600000|100%| E|CS|TAMS 0x00000000af500000, 0x00000000af500000| Complete 
| 246|0x00000000af600000, 0x00000000af700000, 0x00000000af700000|100%| E|CS|TAMS 0x00000000af600000, 0x00000000af600000| Complete 
| 247|0x00000000af700000, 0x00000000af800000, 0x00000000af800000|100%| E|CS|TAMS 0x00000000af700000, 0x00000000af700000| Complete 
| 248|0x00000000af800000, 0x00000000af900000, 0x00000000af900000|100%| E|CS|TAMS 0x00000000af800000, 0x00000000af800000| Complete 
| 249|0x00000000af900000, 0x00000000afa00000, 0x00000000afa00000|100%| E|CS|TAMS 0x00000000af900000, 0x00000000af900000| Complete 
| 250|0x00000000afa00000, 0x00000000afb00000, 0x00000000afb00000|100%| E|CS|TAMS 0x00000000afa00000, 0x00000000afa00000| Complete 
| 251|0x00000000afb00000, 0x00000000afc00000, 0x00000000afc00000|100%| E|CS|TAMS 0x00000000afb00000, 0x00000000afb00000| Complete 
| 252|0x00000000afc00000, 0x00000000afd00000, 0x00000000afd00000|100%| E|CS|TAMS 0x00000000afc00000, 0x00000000afc00000| Complete 
| 253|0x00000000afd00000, 0x00000000afe00000, 0x00000000afe00000|100%| E|CS|TAMS 0x00000000afd00000, 0x00000000afd00000| Complete 
| 254|0x00000000afe00000, 0x00000000aff00000, 0x00000000aff00000|100%| E|CS|TAMS 0x00000000afe00000, 0x00000000afe00000| Complete 
| 255|0x00000000aff00000, 0x00000000b0000000, 0x00000000b0000000|100%| E|CS|TAMS 0x00000000aff00000, 0x00000000aff00000| Complete 

Card table byte_map: [0x0000013877de0000,0x00000138780e0000] _byte_map_base: 0x00000138778e0000

Marking Bits (Prev, Next): (CMBitMap*) 0x0000013864d026d8, (CMBitMap*) 0x0000013864d02710
 Prev Bits: [0x00000138783e0000, 0x0000013879be0000)
 Next Bits: [0x0000013879be0000, 0x000001387b3e0000)

Polling page: 0x0000013862bd0000

Metaspace:

Usage:
  Non-class:     43.39 MB capacity,    42.52 MB ( 98%) used,   758.68 KB (  2%) free+waste,   130.81 KB ( <1%) overhead. 
      Class:      6.60 MB capacity,     6.08 MB ( 92%) used,   467.45 KB (  7%) free+waste,    61.88 KB ( <1%) overhead. 
       Both:     49.99 MB capacity,    48.60 MB ( 97%) used,     1.20 MB (  2%) free+waste,   192.69 KB ( <1%) overhead. 

Virtual space:
  Non-class space:       44.00 MB reserved,      43.58 MB (>99%) committed 
      Class space:        1.00 GB reserved,       6.63 MB ( <1%) committed 
             Both:        1.04 GB reserved,      50.20 MB (  5%) committed 

Chunk freelists:
   Non-Class:  0 bytes
       Class:  28.00 KB
        Both:  28.00 KB

MaxMetaspaceSize: 17179869184.00 GB
CompressedClassSpaceSize: 1.00 GB
Initial GC threshold: 20.80 MB
Current GC threshold: 58.88 MB
CDS: off

CodeHeap 'non-profiled nmethods': size=120000Kb used=3123Kb max_used=3123Kb free=116876Kb
 bounds [0x0000013870280000, 0x0000013870590000, 0x00000138777b0000]
CodeHeap 'profiled nmethods': size=120000Kb used=11328Kb max_used=11328Kb free=108671Kb
 bounds [0x0000013868d50000, 0x0000013869870000, 0x0000013870280000]
CodeHeap 'non-nmethods': size=5760Kb used=2289Kb max_used=2333Kb free=3470Kb
 bounds [0x00000138687b0000, 0x0000013868a20000, 0x0000013868d50000]
 total_blobs=6317 nmethods=5527 adapters=702
 compilation: enabled
              stopped_count=0, restarted_count=0
 full_count=0

Compilation events (20 events):
Event: 21.302 Thread 0x0000013802e1a800 nmethod 5528 0x0000013870582110 code [0x00000138705822e0, 0x0000013870582b98]
Event: 21.303 Thread 0x0000013802e1a800 5503   !   4       java.util.zip.ZipFile$CleanableResource::getInflater (47 bytes)
Event: 21.319 Thread 0x0000013802e1a800 nmethod 5503 0x0000013870583010 code [0x00000138705831e0, 0x0000013870583818]
Event: 21.319 Thread 0x0000013802e1a800 5535       4       java.util.concurrent.atomic.AtomicReferenceArray::get (12 bytes)
Event: 21.322 Thread 0x0000013802e1a800 nmethod 5535 0x0000013870583a90 code [0x0000013870583c20, 0x0000013870583cb8]
Event: 21.322 Thread 0x0000013802e1a800 5536   !   4       java.util.jar.JarFile::checkForSpecialAttributes (163 bytes)
Event: 21.345 Thread 0x000001387e743000 5538   !   3       org.gradle.internal.classloader.CachingClassLoader::loadClass (85 bytes)
Event: 21.346 Thread 0x000001387e743000 nmethod 5538 0x0000013869851310 code [0x0000013869851520, 0x0000013869851c28]
Event: 21.346 Thread 0x000001387e743000 5539       3       com.google.common.collect.MapMakerInternalMap::get (23 bytes)
Event: 21.347 Thread 0x000001387e743000 nmethod 5539 0x0000013869851e10 code [0x0000013869852020, 0x0000013869852508]
Event: 21.347 Thread 0x000001387e743000 5540   !   3       com.google.common.collect.MapMakerInternalMap$Segment::get (58 bytes)
Event: 21.349 Thread 0x000001387e743000 nmethod 5540 0x0000013869852710 code [0x00000138698529e0, 0x0000013869853cc8]
Event: 21.356 Thread 0x000001387e743000 5541       3       com.google.common.collect.MapMakerInternalMap::putIfAbsent (29 bytes)
Event: 21.357 Thread 0x000001387e743000 nmethod 5541 0x0000013869854390 code [0x00000138698545c0, 0x0000013869854ce8]
Event: 21.357 Thread 0x000001387e743000 5542   !   3       com.google.common.collect.MapMakerInternalMap$Segment::put (298 bytes)
Event: 21.366 Thread 0x0000013802db9000 nmethod 5500 0x0000013870583e10 code [0x0000013870584100, 0x0000013870586ea0]
Event: 21.367 Thread 0x0000013802db9000 5537       4       java.net.URLClassLoader::getAndVerifyPackage (109 bytes)
Event: 21.368 Thread 0x000001387e743000 nmethod 5542 0x0000013869855010 code [0x0000013869855660, 0x0000013869858e18]
Event: 21.368 Thread 0x000001387e743000 5543       3       com.google.common.collect.MapMakerInternalMap$Segment::preWriteCleanup (5 bytes)
Event: 21.369 Thread 0x000001387e743000 nmethod 5543 0x000001386985a990 code [0x000001386985aba0, 0x000001386985b238]

GC Heap History (10 events):
Event: 3.392 GC heap before
{Heap before GC invocations=0 (full 0):
 garbage-first heap   total 262144K, used 29696K [0x00000000a0000000, 0x0000000100000000)
  region size 1024K, 24 young (24576K), 0 survivors (0K)
 Metaspace       used 9823K, capacity 9968K, committed 10112K, reserved 1058816K
  class space    used 1006K, capacity 1069K, committed 1152K, reserved 1048576K
}
Event: 3.400 GC heap after
{Heap after GC invocations=1 (full 0):
 garbage-first heap   total 262144K, used 9469K [0x00000000a0000000, 0x0000000100000000)
  region size 1024K, 3 young (3072K), 3 survivors (3072K)
 Metaspace       used 9823K, capacity 9968K, committed 10112K, reserved 1058816K
  class space    used 1006K, capacity 1069K, committed 1152K, reserved 1048576K
}
Event: 9.903 GC heap before
{Heap before GC invocations=1 (full 0):
 garbage-first heap   total 262144K, used 107773K [0x00000000a0000000, 0x0000000100000000)
  region size 1024K, 100 young (102400K), 3 survivors (3072K)
 Metaspace       used 20720K, capacity 21170K, committed 21296K, reserved 1069056K
  class space    used 2496K, capacity 2658K, committed 2688K, reserved 1048576K
}
Event: 9.922 GC heap after
{Heap after GC invocations=2 (full 0):
 garbage-first heap   total 262144K, used 16961K [0x00000000a0000000, 0x0000000100000000)
  region size 1024K, 11 young (11264K), 11 survivors (11264K)
 Metaspace       used 20720K, capacity 21170K, committed 21296K, reserved 1069056K
  class space    used 2496K, capacity 2658K, committed 2688K, reserved 1048576K
}
Event: 11.267 GC heap before
{Heap before GC invocations=3 (full 0):
 garbage-first heap   total 262144K, used 66113K [0x00000000a0000000, 0x0000000100000000)
  region size 1024K, 59 young (60416K), 11 survivors (11264K)
 Metaspace       used 25786K, capacity 26365K, committed 26544K, reserved 1073152K
  class space    used 3321K, capacity 3524K, committed 3584K, reserved 1048576K
}
Event: 11.281 GC heap after
{Heap after GC invocations=4 (full 0):
 garbage-first heap   total 262144K, used 19199K [0x00000000a0000000, 0x0000000100000000)
  region size 1024K, 3 young (3072K), 3 survivors (3072K)
 Metaspace       used 25786K, capacity 26365K, committed 26544K, reserved 1073152K
  class space    used 3321K, capacity 3524K, committed 3584K, reserved 1048576K
}
Event: 13.792 GC heap before
{Heap before GC invocations=4 (full 0):
 garbage-first heap   total 262144K, used 84735K [0x00000000a0000000, 0x0000000100000000)
  region size 1024K, 68 young (69632K), 3 survivors (3072K)
 Metaspace       used 35062K, capacity 35789K, committed 35920K, reserved 1081344K
  class space    used 4469K, capacity 4774K, committed 4864K, reserved 1048576K
}
Event: 13.814 GC heap after
{Heap after GC invocations=5 (full 0):
 garbage-first heap   total 262144K, used 22502K [0x00000000a0000000, 0x0000000100000000)
  region size 1024K, 6 young (6144K), 6 survivors (6144K)
 Metaspace       used 35062K, capacity 35789K, committed 35920K, reserved 1081344K
  class space    used 4469K, capacity 4774K, committed 4864K, reserved 1048576K
}
Event: 17.908 GC heap before
{Heap before GC invocations=6 (full 0):
 garbage-first heap   total 262144K, used 141286K [0x00000000a0000000, 0x0000000100000000)
  region size 1024K, 119 young (121856K), 6 survivors (6144K)
 Metaspace       used 44177K, capacity 45276K, committed 45520K, reserved 1089536K
  class space    used 5530K, capacity 5941K, committed 6016K, reserved 1048576K
}
Event: 17.937 GC heap after
{Heap after GC invocations=7 (full 0):
 garbage-first heap   total 262144K, used 30031K [0x00000000a0000000, 0x0000000100000000)
  region size 1024K, 13 young (13312K), 13 survivors (13312K)
 Metaspace       used 44177K, capacity 45276K, committed 45520K, reserved 1089536K
  class space    used 5530K, capacity 5941K, committed 6016K, reserved 1048576K
}

Deoptimization events (20 events):
Event: 20.971 Thread 0x0000013800726000 DEOPT PACKING pc=0x0000013869827504 sp=0x00000038071ec690
Event: 20.971 Thread 0x0000013800726000 DEOPT UNPACKING pc=0x00000138687fa95e sp=0x00000038071ebc68 mode 0
Event: 21.020 Thread 0x0000013800726000 DEOPT PACKING pc=0x0000013869827504 sp=0x00000038071ec560
Event: 21.020 Thread 0x0000013800726000 DEOPT UNPACKING pc=0x00000138687fa95e sp=0x00000038071ebb38 mode 0
Event: 21.023 Thread 0x0000013800726000 Uncommon trap: trap_request=0xffffff4d fr.pc=0x0000013870453a1c relative=0x000000000000045c
Event: 21.023 Thread 0x0000013800726000 Uncommon trap: reason=unstable_if action=reinterpret pc=0x0000013870453a1c method=java.lang.StringCoding.newStringUTF8NoRepl([BII)Ljava/lang/String; @ 12 c2
Event: 21.023 Thread 0x0000013800726000 DEOPT PACKING pc=0x0000013870453a1c sp=0x00000038071ec550
Event: 21.023 Thread 0x0000013800726000 DEOPT UNPACKING pc=0x00000138687fa1af sp=0x00000038071ec450 mode 2
Event: 21.054 Thread 0x0000013800726000 DEOPT PACKING pc=0x0000013869827504 sp=0x00000038071ec560
Event: 21.054 Thread 0x0000013800726000 DEOPT UNPACKING pc=0x00000138687fa95e sp=0x00000038071ebb38 mode 0
Event: 21.071 Thread 0x0000013800726000 DEOPT PACKING pc=0x0000013868e1cb2e sp=0x00000038071ecba0
Event: 21.071 Thread 0x0000013800726000 DEOPT UNPACKING pc=0x00000138687fa95e sp=0x00000038071ec010 mode 0
Event: 21.105 Thread 0x0000013800726000 DEOPT PACKING pc=0x0000013869827504 sp=0x00000038071ec560
Event: 21.105 Thread 0x0000013800726000 DEOPT UNPACKING pc=0x00000138687fa95e sp=0x00000038071ebb38 mode 0
Event: 21.198 Thread 0x0000013800726000 Uncommon trap: trap_request=0xffffff4d fr.pc=0x00000138702dd238 relative=0x0000000000000558
Event: 21.198 Thread 0x0000013800726000 Uncommon trap: reason=unstable_if action=reinterpret pc=0x00000138702dd238 method=java.util.jar.Manifest$FastInputStream.readLine([BII)I @ 130 c2
Event: 21.198 Thread 0x0000013800726000 DEOPT PACKING pc=0x00000138702dd238 sp=0x00000038071f2990
Event: 21.198 Thread 0x0000013800726000 DEOPT UNPACKING pc=0x00000138687fa1af sp=0x00000038071f2920 mode 2
Event: 21.246 Thread 0x0000013800726000 DEOPT PACKING pc=0x00000138693138f9 sp=0x00000038071f3b10
Event: 21.246 Thread 0x0000013800726000 DEOPT UNPACKING pc=0x00000138687fa95e sp=0x00000038071f2fd8 mode 0

Classes redefined (0 events):
No events

Internal exceptions (20 events):
Event: 20.901 Thread 0x0000013800726000 Exception <a 'java/security/PrivilegedActionException'{0x00000000aa408228}> (0x00000000aa408228) thrown at [./src/hotspot/share/prims/jvm.cpp, line 1306]
Event: 20.901 Thread 0x0000013800726000 Exception <a 'java/security/PrivilegedActionException'{0x00000000aa409ce0}> (0x00000000aa409ce0) thrown at [./src/hotspot/share/prims/jvm.cpp, line 1306]
Event: 20.902 Thread 0x0000013800726000 Exception <a 'java/security/PrivilegedActionException'{0x00000000aa40d958}> (0x00000000aa40d958) thrown at [./src/hotspot/share/prims/jvm.cpp, line 1306]
Event: 20.902 Thread 0x0000013800726000 Exception <a 'java/security/PrivilegedActionException'{0x00000000aa40f410}> (0x00000000aa40f410) thrown at [./src/hotspot/share/prims/jvm.cpp, line 1306]
Event: 20.903 Thread 0x0000013800726000 Exception <a 'java/security/PrivilegedActionException'{0x00000000aa413028}> (0x00000000aa413028) thrown at [./src/hotspot/share/prims/jvm.cpp, line 1306]
Event: 20.903 Thread 0x0000013800726000 Exception <a 'java/security/PrivilegedActionException'{0x00000000aa414ae0}> (0x00000000aa414ae0) thrown at [./src/hotspot/share/prims/jvm.cpp, line 1306]
Event: 20.957 Thread 0x0000013800726000 Exception <a 'java/security/PrivilegedActionException'{0x00000000aa31a238}> (0x00000000aa31a238) thrown at [./src/hotspot/share/prims/jvm.cpp, line 1306]
Event: 20.957 Thread 0x0000013800726000 Exception <a 'java/security/PrivilegedActionException'{0x00000000aa31bcf0}> (0x00000000aa31bcf0) thrown at [./src/hotspot/share/prims/jvm.cpp, line 1306]
Event: 20.958 Thread 0x0000013800726000 Exception <a 'java/security/PrivilegedActionException'{0x00000000aa31f908}> (0x00000000aa31f908) thrown at [./src/hotspot/share/prims/jvm.cpp, line 1306]
Event: 20.958 Thread 0x0000013800726000 Exception <a 'java/security/PrivilegedActionException'{0x00000000aa3213c0}> (0x00000000aa3213c0) thrown at [./src/hotspot/share/prims/jvm.cpp, line 1306]
Event: 20.959 Thread 0x0000013800726000 Exception <a 'java/security/PrivilegedActionException'{0x00000000aa325088}> (0x00000000aa325088) thrown at [./src/hotspot/share/prims/jvm.cpp, line 1306]
Event: 20.959 Thread 0x0000013800726000 Exception <a 'java/security/PrivilegedActionException'{0x00000000aa326b40}> (0x00000000aa326b40) thrown at [./src/hotspot/share/prims/jvm.cpp, line 1306]
Event: 20.960 Thread 0x0000013800726000 Exception <a 'java/security/PrivilegedActionException'{0x00000000aa32a760}> (0x00000000aa32a760) thrown at [./src/hotspot/share/prims/jvm.cpp, line 1306]
Event: 20.960 Thread 0x0000013800726000 Exception <a 'java/security/PrivilegedActionException'{0x00000000aa32c218}> (0x00000000aa32c218) thrown at [./src/hotspot/share/prims/jvm.cpp, line 1306]
Event: 20.961 Thread 0x0000013800726000 Exception <a 'java/security/PrivilegedActionException'{0x00000000aa32fe88}> (0x00000000aa32fe88) thrown at [./src/hotspot/share/prims/jvm.cpp, line 1306]
Event: 20.961 Thread 0x0000013800726000 Exception <a 'java/security/PrivilegedActionException'{0x00000000aa331940}> (0x00000000aa331940) thrown at [./src/hotspot/share/prims/jvm.cpp, line 1306]
Event: 20.962 Thread 0x0000013800726000 Exception <a 'java/security/PrivilegedActionException'{0x00000000aa335608}> (0x00000000aa335608) thrown at [./src/hotspot/share/prims/jvm.cpp, line 1306]
Event: 20.962 Thread 0x0000013800726000 Exception <a 'java/security/PrivilegedActionException'{0x00000000aa3370c0}> (0x00000000aa3370c0) thrown at [./src/hotspot/share/prims/jvm.cpp, line 1306]
Event: 21.172 Thread 0x0000013800726000 Exception <a 'java/lang/ClassNotFoundException'{0x00000000a9d3e160}: build_dxfkw0cc3b8dr5qvdeizhqma5BeanInfo> (0x00000000a9d3e160) thrown at [./src/hotspot/share/classfile/systemDictionary.cpp, line 231]
Event: 21.175 Thread 0x0000013800726000 Exception <a 'java/lang/ClassNotFoundException'{0x00000000a9d4f330}: build_dxfkw0cc3b8dr5qvdeizhqma5Customizer> (0x00000000a9d4f330) thrown at [./src/hotspot/share/classfile/systemDictionary.cpp, line 231]

Events (20 events):
Event: 21.352 loading class com/google/common/collect/UnmodifiableListIterator
Event: 21.352 loading class com/google/common/collect/UnmodifiableListIterator done
Event: 21.354 loading class com/google/common/collect/SingletonImmutableList
Event: 21.354 loading class com/google/common/collect/SingletonImmutableList done
Event: 21.356 loading class com/google/common/collect/ImmutableList$ReverseImmutableList
Event: 21.356 loading class com/google/common/collect/ImmutableList$ReverseImmutableList done
Event: 21.361 loading class com/google/common/collect/ImmutableList$1
Event: 21.361 loading class com/google/common/collect/ImmutableList$1 done
Event: 21.365 loading class com/google/common/collect/AbstractIndexedListIterator
Event: 21.365 loading class com/google/common/collect/AbstractIndexedListIterator done
Event: 21.369 loading class com/google/common/collect/ImmutableList$SubList
Event: 21.369 loading class com/google/common/collect/ImmutableList$SubList done
Event: 21.370 loading class com/google/common/collect/RegularImmutableList
Event: 21.370 loading class com/google/common/collect/RegularImmutableList done
Event: 21.372 loading class com/google/common/collect/ObjectArrays
Event: 21.372 loading class com/google/common/collect/ObjectArrays done
Event: 21.376 loading class org/gradle/api/invocation/Gradle
Event: 21.376 loading class org/gradle/api/invocation/Gradle done
Event: 21.377 loading class com/android/build/gradle/AppPluginKt
Event: 21.377 loading class com/android/build/gradle/AppPluginKt done


Dynamic libraries:
0x00007ff72f250000 - 0x00007ff72f25a000 	C:\Program Files\Android\Android Studio\jre\bin\java.exe
0x00007ffce64f0000 - 0x00007ffce6704000 	C:\WINDOWS\SYSTEM32\ntdll.dll
0x00007ffc9e8a0000 - 0x00007ffc9e8b9000 	C:\Program Files\Avast Software\Avast\aswhook.dll
0x00007ffce5a60000 - 0x00007ffce5b23000 	C:\WINDOWS\System32\KERNEL32.DLL
0x00007ffce3e40000 - 0x00007ffce41dc000 	C:\WINDOWS\System32\KERNELBASE.dll
0x00007ffce41e0000 - 0x00007ffce42f1000 	C:\WINDOWS\System32\ucrtbase.dll
0x00007ffcde410000 - 0x00007ffcde427000 	C:\Program Files\Android\Android Studio\jre\bin\VCRUNTIME140.dll
0x00007ffcdef50000 - 0x00007ffcdef69000 	C:\Program Files\Android\Android Studio\jre\bin\jli.dll
0x00007ffce58b0000 - 0x00007ffce5a5d000 	C:\WINDOWS\System32\USER32.dll
0x00007ffce3bb0000 - 0x00007ffce3bd6000 	C:\WINDOWS\System32\win32u.dll
0x00007ffce4c70000 - 0x00007ffce4c99000 	C:\WINDOWS\System32\GDI32.dll
0x00007ffce3d20000 - 0x00007ffce3e33000 	C:\WINDOWS\System32\gdi32full.dll
0x00007ffce3930000 - 0x00007ffce39ca000 	C:\WINDOWS\System32\msvcp_win.dll
0x00007ffcb4690000 - 0x00007ffcb491e000 	C:\WINDOWS\WinSxS\amd64_microsoft.windows.common-controls_6595b64144ccf1df_6.0.22621.608_none_a9444ca7c10bb01d\COMCTL32.dll
0x00007ffce4770000 - 0x00007ffce4817000 	C:\WINDOWS\System32\msvcrt.dll
0x00007ffce4c30000 - 0x00007ffce4c61000 	C:\WINDOWS\System32\IMM32.DLL
0x000000006e720000 - 0x000000006e72c000 	C:\Program Files (x86)\360\Total Security\safemon\SafeWrapper.dll
0x00007ffce43c0000 - 0x00007ffce446e000 	C:\WINDOWS\System32\ADVAPI32.dll
0x00007ffce4310000 - 0x00007ffce43b4000 	C:\WINDOWS\System32\sechost.dll
0x00007ffce4cc0000 - 0x00007ffce4dd5000 	C:\WINDOWS\System32\RPCRT4.dll
0x00007ffc7b160000 - 0x00007ffc7b1f2000 	C:\Program Files (x86)\360\Total Security\safemon\libzdtp64.dll
0x00007ffce5c30000 - 0x00007ffce6420000 	C:\WINDOWS\System32\SHELL32.dll
0x00007ffce4480000 - 0x00007ffce44de000 	C:\WINDOWS\System32\SHLWAPI.dll
0x00007ffcdaf50000 - 0x00007ffcdaf5a000 	C:\WINDOWS\SYSTEM32\VERSION.dll
0x00007ffcc7e50000 - 0x00007ffcc7eed000 	C:\Program Files\Android\Android Studio\jre\bin\msvcp140.dll
0x00007ffc95780000 - 0x00007ffc96282000 	C:\Program Files\Android\Android Studio\jre\bin\server\jvm.dll
0x00007ffce4680000 - 0x00007ffce4688000 	C:\WINDOWS\System32\PSAPI.DLL
0x00007ffcdc2d0000 - 0x00007ffcdc304000 	C:\WINDOWS\SYSTEM32\WINMM.dll
0x00007ffcd0180000 - 0x00007ffcd0189000 	C:\WINDOWS\SYSTEM32\WSOCK32.dll
0x00007ffce4690000 - 0x00007ffce4701000 	C:\WINDOWS\System32\WS2_32.dll
0x00007ffce2a70000 - 0x00007ffce2a88000 	C:\WINDOWS\SYSTEM32\kernel.appcore.dll
0x00007ffcd0f90000 - 0x00007ffcd0fa1000 	C:\Program Files\Android\Android Studio\jre\bin\verify.dll
0x00007ffce1330000 - 0x00007ffce155e000 	C:\WINDOWS\SYSTEM32\DBGHELP.DLL
0x00007ffce4de0000 - 0x00007ffce5169000 	C:\WINDOWS\System32\combase.dll
0x00007ffce49f0000 - 0x00007ffce4ac7000 	C:\WINDOWS\System32\OLEAUT32.dll
0x00007ffcd97f0000 - 0x00007ffcd9822000 	C:\WINDOWS\SYSTEM32\dbgcore.DLL
0x00007ffce3ca0000 - 0x00007ffce3d1b000 	C:\WINDOWS\System32\bcryptPrimitives.dll
0x00007ffccdfb0000 - 0x00007ffccdfd9000 	C:\Program Files\Android\Android Studio\jre\bin\java.dll
0x00007ffcdec10000 - 0x00007ffcdec1b000 	C:\Program Files\Android\Android Studio\jre\bin\jimage.dll
0x00007ffccdf90000 - 0x00007ffccdfa8000 	C:\Program Files\Android\Android Studio\jre\bin\zip.dll
0x00007ffce1950000 - 0x00007ffce221e000 	C:\WINDOWS\SYSTEM32\windows.storage.dll
0x00007ffce1810000 - 0x00007ffce194e000 	C:\WINDOWS\SYSTEM32\wintypes.dll
0x00007ffce5b30000 - 0x00007ffce5c21000 	C:\WINDOWS\System32\SHCORE.dll
0x00007ffce3860000 - 0x00007ffce3881000 	C:\WINDOWS\SYSTEM32\profapi.dll
0x00007ffccdf10000 - 0x00007ffccdf2a000 	C:\Program Files\Android\Android Studio\jre\bin\net.dll
0x00007ffcdbae0000 - 0x00007ffcdbc0f000 	C:\WINDOWS\SYSTEM32\WINHTTP.dll
0x00007ffce2ee0000 - 0x00007ffce2f49000 	C:\WINDOWS\system32\mswsock.dll
0x00007ffcca240000 - 0x00007ffcca254000 	C:\Program Files\Android\Android Studio\jre\bin\nio.dll
0x00007ffca9f60000 - 0x00007ffca9f87000 	C:\Users\Dell\.gradle\native\e1d6ef7f7dcc3fd88c89a11ec53ec762bb8ba0a96d01ffa2cd45eb1d1d8dd5c5\windows-amd64\native-platform.dll
0x00007ffc809c0000 - 0x00007ffc80b04000 	C:\Users\Dell\.gradle\native\0d407fdbe67a94daf76414ababcb853783967236a71b16ec16e742cd7a986fd3\windows-amd64\native-platform-file-events.dll
0x00007ffcd0f80000 - 0x00007ffcd0f8a000 	C:\Program Files\Android\Android Studio\jre\bin\management.dll
0x00007ffccdf80000 - 0x00007ffccdf8d000 	C:\Program Files\Android\Android Studio\jre\bin\management_ext.dll
0x00007ffce3150000 - 0x00007ffce316b000 	C:\WINDOWS\SYSTEM32\CRYPTSP.dll
0x00007ffce29e0000 - 0x00007ffce2a15000 	C:\WINDOWS\system32\rsaenh.dll
0x00007ffce2fe0000 - 0x00007ffce3008000 	C:\WINDOWS\SYSTEM32\USERENV.dll
0x00007ffce3300000 - 0x00007ffce3328000 	C:\WINDOWS\SYSTEM32\bcrypt.dll
0x00007ffce3140000 - 0x00007ffce314c000 	C:\WINDOWS\SYSTEM32\CRYPTBASE.dll
0x00007ffce24e0000 - 0x00007ffce250d000 	C:\WINDOWS\SYSTEM32\IPHLPAPI.DLL
0x00007ffce4820000 - 0x00007ffce4829000 	C:\WINDOWS\System32\NSI.dll
0x00007ffcdb1a0000 - 0x00007ffcdb1b9000 	C:\WINDOWS\SYSTEM32\dhcpcsvc6.DLL
0x00007ffcdb0e0000 - 0x00007ffcdb0ff000 	C:\WINDOWS\SYSTEM32\dhcpcsvc.DLL
0x00007ffce2550000 - 0x00007ffce2643000 	C:\WINDOWS\SYSTEM32\DNSAPI.dll

dbghelp: loaded successfully - version: 4.0.5 - missing functions: none
symbol engine: initialized successfully - sym options: 0x614 - pdb path: .;C:\Program Files\Android\Android Studio\jre\bin;C:\WINDOWS\SYSTEM32;C:\Program Files\Avast Software\Avast;C:\WINDOWS\WinSxS\amd64_microsoft.windows.common-controls_6595b64144ccf1df_6.0.22621.608_none_a9444ca7c10bb01d;C:\Program Files (x86)\360\Total Security\safemon;C:\Program Files\Android\Android Studio\jre\bin\server;C:\Users\Dell\.gradle\native\e1d6ef7f7dcc3fd88c89a11ec53ec762bb8ba0a96d01ffa2cd45eb1d1d8dd5c5\windows-amd64;C:\Users\Dell\.gradle\native\0d407fdbe67a94daf76414ababcb853783967236a71b16ec16e742cd7a986fd3\windows-amd64

VM Arguments:
jvm_args: --add-opens=java.base/java.util=ALL-UNNAMED --add-opens=java.base/java.lang=ALL-UNNAMED --add-opens=java.base/java.lang.invoke=ALL-UNNAMED --add-opens=java.base/java.util=ALL-UNNAMED --add-opens=java.prefs/java.util.prefs=ALL-UNNAMED --add-opens=java.prefs/java.util.prefs=ALL-UNNAMED --add-opens=java.base/java.nio.charset=ALL-UNNAMED --add-opens=java.base/java.net=ALL-UNNAMED --add-opens=java.base/java.util.concurrent.atomic=ALL-UNNAMED -Xmx1536M -Dfile.encoding=windows-1252 -Duser.country=US -Duser.language=en -Duser.variant 
java_command: org.gradle.launcher.daemon.bootstrap.GradleDaemon 7.4
java_class_path (initial): C:\Users\Dell\.gradle\wrapper\dists\gradle-7.4-all\aadb4xli5jkdsnukm30eibyiu\gradle-7.4\lib\gradle-launcher-7.4.jar
Launcher Type: SUN_STANDARD

[Global flags]
     intx CICompilerCount                          = 4                                         {product} {ergonomic}
     uint ConcGCThreads                            = 2                                         {product} {ergonomic}
     uint G1ConcRefinementThreads                  = 8                                         {product} {ergonomic}
   size_t G1HeapRegionSize                         = 1048576                                   {product} {ergonomic}
    uintx GCDrainStackTargetSize                   = 64                                        {product} {ergonomic}
   size_t InitialHeapSize                          = 268435456                                 {product} {ergonomic}
   size_t MarkStackSize                            = 4194304                                   {product} {ergonomic}
   size_t MaxHeapSize                              = 1610612736                                {product} {command line}
   size_t MaxNewSize                               = 965738496                                 {product} {ergonomic}
   size_t MinHeapDeltaBytes                        = 1048576                                   {product} {ergonomic}
    uintx NonNMethodCodeHeapSize                   = 5836300                                {pd product} {ergonomic}
    uintx NonProfiledCodeHeapSize                  = 122910970                              {pd product} {ergonomic}
    uintx ProfiledCodeHeapSize                     = 122910970                              {pd product} {ergonomic}
    uintx ReservedCodeCacheSize                    = 251658240                              {pd product} {ergonomic}
     bool SegmentedCodeCache                       = true                                      {product} {ergonomic}
     bool UseCompressedClassPointers               = true                                 {lp64_product} {ergonomic}
     bool UseCompressedOops                        = true                                 {lp64_product} {ergonomic}
     bool UseG1GC                                  = true                                      {product} {ergonomic}
     bool UseLargePagesIndividualAllocation        = false                                  {pd product} {ergonomic}

Logging:
Log output configuration:
 #0: stdout all=warning uptime,level,tags
 #1: stderr all=off uptime,level,tags

Environment Variables:
JAVA_HOME=C:\Program Files\Android\Android Studio\jre
CLASSPATH=F:\grade2\android\\gradle\wrapper\gradle-wrapper.jar
PATH=G:\oracle\product\10.2.0\db_8\bin;G:\oracle\product\10.2.0\db_7\bin;G:\oracle\product\10.2.0\db_6\bin;G:\oracle\product\10.2.0\db_1\bin;C:\Users\Dell\AppData\Local\Programs\Python\Python38-32;C:\Program Files\Common Files\Oracle\Java\javapath;C:\Program Files (x86)\Common Files\Oracle\Java\javapath;C:\Windows\system32;C:\Windows;C:\Windows\System32\Wbem;C:\Windows\System32\WindowsPowerShell\v1.0\;C:\Windows\System32\OpenSSH\;C:\Program Files (x86)\NVIDIA Corporation\PhysX\Common;C:\WINDOWS\system32;C:\WINDOWS;C:\WINDOWS\System32\Wbem;C:\WINDOWS\System32\WindowsPowerShell\v1.0\;C:\WINDOWS\System32\OpenSSH\;C:\Program Files (x86)\Windows Live\Shared;G:\MEGA11;C:\src\flutter\bin;C:\Program Files\Git\cmd;C:\Program Files\Microsoft SQL Server\130\Tools\Binn\;C:\Program Files\Java\jdk-15\bin;C:\Users\Dell\AppData\Local\Pub\Cache\bin;C:\Program Files\nodejs\;C:\Users\Dell\AppData\Local\Pub\Cache\bin;C:\src\flutter\bin;C:\tools\dart-sdk\bin;F:\Downloads\gradle-7.5.1-bin\gradle-7.5.1\bin;C:\Users\Dell\AppData\Local\Programs\Microsoft VS Code\bin;C:\Users\Dell\AppData\Local\Android\Sdk;C:\Program Files\Java\jdk-15;C:\Program Files\Android\Android Studio2\jre\bin;C:\Program Files (x86)\Java\jre1.8.0_351;F:\Downloads\dartsdk-windows-x64-release\dart-sdk;C:\moe2014\bin;C:\Users\Dell\AppData\Local\Microsoft\WindowsApps;C:\Program Files\JetBrains\PyCharm 2022.3\bin;;C:\tools\dart-sdk\bin;C:\src\flutter\bin\cache\dart-sdk\bin\dart;C:\Users\Dell\AppData\Roaming\npm;C:\src\flutter\bin\mingit\cmd
USERNAME=Dell
OS=Windows_NT
PROCESSOR_IDENTIFIER=Intel64 Family 6 Model 142 Stepping 12, GenuineIntel



---------------  S Y S T E M  ---------------

OS: Windows 11 , 64 bit Build 22621 (10.0.22621.1344)
OS uptime: 0 days 0:46 hours

CPU:total 8 (initial active 8) (4 cores per cpu, 2 threads per core) family 6 model 142 stepping 12 microcode 0xde, cmov, cx8, fxsr, mmx, sse, sse2, sse3, ssse3, sse4.1, sse4.2, popcnt, avx, avx2, aes, clmul, erms, 3dnowpref, lzcnt, ht, tsc, tscinvbit, bmi1, bmi2, adx, fma

Memory: 4k page, system-wide physical 16257M (3170M free)
TotalPageFile size 17757M (AvailPageFile size 23M)
current process WorkingSet (physical memory assigned to process): 342M, peak: 342M
current process commit charge ("private bytes"): 479M, peak: 479M

vm_info: OpenJDK 64-Bit Server VM (11.0.13+0-b1751.21-8125866) for windows-amd64 JRE (11.0.13+0-b1751.21-8125866), built on Feb  2 2022 03:00:22 by "builder" with MS VC++ 14.0 (VS2015)

END.
