#
# There is insufficient memory for the Java Runtime Environment to continue.
# Native memory allocation (malloc) failed to allocate 134416 bytes for Chunk::new
# Possible reasons:
#   The system is out of physical RAM or swap space
#   The process is running with CompressedOops enabled, and the Java Heap may be blocking the growth of the native heap
# Possible solutions:
#   Reduce memory load on the system
#   Increase physical memory or swap space
#   Check if swap backing store is full
#   Decrease Java heap size (-Xmx/-Xms)
#   Decrease number of Java threads
#   Decrease Java thread stack sizes (-Xss)
#   Set larger code cache with -XX:ReservedCodeCacheSize=
#   JVM is running with Unscaled Compressed Oops mode in which the Java heap is
#     placed in the first 4GB address space. The Java Heap base address is the
#     maximum limit for the native heap growth. Please use -XX:HeapBaseMinAddress
#     to set the Java Heap base and to place the Java Heap above 4GB virtual address.
# This output file may be truncated or incomplete.
#
#  Out of Memory Error (./src/hotspot/share/memory/arena.cpp:197), pid=16980, tid=16116
#
# JRE version: OpenJDK Runtime Environment (11.0.13) (build 11.0.13+0-b1751.21-8125866)
# Java VM: OpenJDK 64-Bit Server VM (11.0.13+0-b1751.21-8125866, mixed mode, tiered, compressed oops, g1 gc, windows-amd64)
# No core dump will be written. Minidumps are not enabled by default on client versions of Windows
#

---------------  S U M M A R Y ------------

Command Line: --add-opens=java.base/java.util=ALL-UNNAMED --add-opens=java.base/java.lang=ALL-UNNAMED --add-opens=java.base/java.lang.invoke=ALL-UNNAMED --add-opens=java.base/java.util=ALL-UNNAMED --add-opens=java.prefs/java.util.prefs=ALL-UNNAMED --add-opens=java.prefs/java.util.prefs=ALL-UNNAMED --add-opens=java.base/java.nio.charset=ALL-UNNAMED --add-opens=java.base/java.net=ALL-UNNAMED --add-opens=java.base/java.util.concurrent.atomic=ALL-UNNAMED -Xmx1536M -Dfile.encoding=windows-1252 -Duser.country=US -Duser.language=en -Duser.variant org.gradle.launcher.daemon.bootstrap.GradleDaemon 7.4

Host: Intel(R) Core(TM) i7-8565U CPU @ 1.80GHz, 8 cores, 15G,  Windows 11 , 64 bit Build 22621 (10.0.22621.1344)
Time: Sat Mar 25 04:52:54 2023 Egypt Standard Time elapsed time: 36.630509 seconds (0d 0h 0m 36s)

---------------  T H R E A D  ---------------

Current thread (0x0000029baf19d000):  JavaThread "C2 CompilerThread1" daemon [_thread_in_native, id=16116, stack(0x000000a922200000,0x000000a922300000)]


Current CompileTask:
C2:  36630 11310       4       org.gradle.internal.logging.text.AbstractLineChoppingStyledTextOutput$1::execute (140 bytes)

Stack: [0x000000a922200000,0x000000a922300000]
Native frames: (J=compiled Java code, j=interpreted, Vv=VM code, C=native code)
V  [jvm.dll+0x6100fa]
V  [jvm.dll+0x747090]
V  [jvm.dll+0x7486ad]
V  [jvm.dll+0x748d83]
V  [jvm.dll+0x24ab48]
V  [jvm.dll+0xc04dc]
V  [jvm.dll+0xc0a0c]
V  [jvm.dll+0x35eb5b]
V  [jvm.dll+0x32b833]
V  [jvm.dll+0x32ad2a]
V  [jvm.dll+0x2032b2]
V  [jvm.dll+0x202437]
V  [jvm.dll+0x188e01]
V  [jvm.dll+0x21106b]
V  [jvm.dll+0x20f8c1]
V  [jvm.dll+0x70de0f]
V  [jvm.dll+0x706a75]
V  [jvm.dll+0x60ed66]
C  [ucrtbase.dll+0x29363]
C  [KERNEL32.DLL+0x126bd]
C  [ntdll.dll+0x5a9f8]


---------------  P R O C E S S  ---------------

Threads class SMR info:
_java_thread_list=0x0000029baf50b8b0, length=140, elements={
0x0000029b9231c800, 0x0000029babd18000, 0x0000029babd19000, 0x0000029babd78800,
0x0000029babd7a000, 0x0000029babd7f000, 0x0000029babd88800, 0x0000029babd8e800,
0x0000029babdaa000, 0x0000029babf4b800, 0x0000029badfb5000, 0x0000029bad234800,
0x0000029bad5ab000, 0x0000029bad434000, 0x0000029badcd4000, 0x0000029baf459000,
0x0000029bae7ef800, 0x0000029bacb78800, 0x0000029bad1b3800, 0x0000029bacb4d800,
0x0000029bad55c000, 0x0000029bae196800, 0x0000029baf607000, 0x0000029baf608800,
0x0000029baf606000, 0x0000029baf607800, 0x0000029bac80f800, 0x0000029bac80b800,
0x0000029bac80c800, 0x0000029bac80b000, 0x0000029bac811800, 0x0000029bac810800,
0x0000029bac80e000, 0x0000029bac813000, 0x0000029bac814800, 0x0000029bac814000,
0x0000029bac815800, 0x0000029bac818800, 0x0000029bac819800, 0x0000029bac818000,
0x0000029bac817000, 0x0000029bb3a14000, 0x0000029bb3a15000, 0x0000029bb3a11000,
0x0000029bb3a11800, 0x0000029bb3a0f000, 0x0000029bb3a12800, 0x0000029bb3a15800,
0x0000029bb3a13000, 0x0000029bb3a10000, 0x0000029bb3a19800, 0x0000029bb3a1c000,
0x0000029bb3a1a800, 0x0000029bb3a16800, 0x0000029bb3a19000, 0x0000029bb3a1d000,
0x0000029bb3a1b800, 0x0000029bb3a17800, 0x0000029bb3a1e000, 0x0000029bb3a18000,
0x0000029bac467000, 0x0000029bac465800, 0x0000029bac466000, 0x0000029bac462000,
0x0000029bac461000, 0x0000029bac467800, 0x0000029bac468800, 0x0000029bac463000,
0x0000029bac469800, 0x0000029bac463800, 0x0000029bac46a000, 0x0000029bac464800,
0x0000029bac46c000, 0x0000029bac46d800, 0x0000029bac46f000, 0x0000029bac46b000,
0x0000029bac46c800, 0x0000029bac470000, 0x0000029bac46e000, 0x0000029bb4480000,
0x0000029bb4481000, 0x0000029bb4486800, 0x0000029bb4485000, 0x0000029bb4487800,
0x0000029bb4481800, 0x0000029bb4484000, 0x0000029bb4485800, 0x0000029bb4488000,
0x0000029bb4482800, 0x0000029bb4489000, 0x0000029bb4483000, 0x0000029bb448e000,
0x0000029bb448e800, 0x0000029bb448a800, 0x0000029bb448b800, 0x0000029bb448c000,
0x0000029bb448a000, 0x0000029bb448d000, 0x0000029bae861000, 0x0000029bae867000,
0x0000029bae866000, 0x0000029bae862000, 0x0000029bae868800, 0x0000029bae862800,
0x0000029bae864800, 0x0000029bae865000, 0x0000029bae867800, 0x0000029bae869000,
0x0000029bae863800, 0x0000029bae870000, 0x0000029bae86d800, 0x0000029bae86f000,
0x0000029bae86a000, 0x0000029bae86b000, 0x0000029bae86c800, 0x0000029bae86b800,
0x0000029bae86e000, 0x0000029bb338b000, 0x0000029bb338e800, 0x0000029bb338d800,
0x0000029bb338a800, 0x0000029bb338c000, 0x0000029bb338f800, 0x0000029bb3391000,
0x0000029bb3391800, 0x0000029bb3396800, 0x0000029bb3394000, 0x0000029bb3396000,
0x0000029bb3395000, 0x0000029bb3397800, 0x0000029bb3398800, 0x0000029bb3399000,
0x0000029bb3393800, 0x0000029bb481a800, 0x0000029bb481b800, 0x0000029bb4816000,
0x0000029bb4817800, 0x0000029bb481a000, 0x0000029bb481c800, 0x0000029baf19d000
}

Java Threads: ( => current thread )
  0x0000029b9231c800 JavaThread "main" [_thread_blocked, id=5636, stack(0x000000a918600000,0x000000a918700000)]
  0x0000029babd18000 JavaThread "Reference Handler" daemon [_thread_blocked, id=12016, stack(0x000000a918d00000,0x000000a918e00000)]
  0x0000029babd19000 JavaThread "Finalizer" daemon [_thread_blocked, id=15760, stack(0x000000a918e00000,0x000000a918f00000)]
  0x0000029babd78800 JavaThread "Signal Dispatcher" daemon [_thread_blocked, id=13480, stack(0x000000a918f00000,0x000000a919000000)]
  0x0000029babd7a000 JavaThread "Attach Listener" daemon [_thread_blocked, id=13592, stack(0x000000a919000000,0x000000a919100000)]
  0x0000029babd7f000 JavaThread "Service Thread" daemon [_thread_blocked, id=18396, stack(0x000000a919100000,0x000000a919200000)]
  0x0000029babd88800 JavaThread "C2 CompilerThread0" daemon [_thread_blocked, id=18844, stack(0x000000a919200000,0x000000a919300000)]
  0x0000029babd8e800 JavaThread "C1 CompilerThread0" daemon [_thread_blocked, id=13816, stack(0x000000a919300000,0x000000a919400000)]
  0x0000029babdaa000 JavaThread "Sweeper thread" daemon [_thread_blocked, id=2064, stack(0x000000a919400000,0x000000a919500000)]
  0x0000029babf4b800 JavaThread "Common-Cleaner" daemon [_thread_blocked, id=11456, stack(0x000000a919500000,0x000000a919600000)]
  0x0000029badfb5000 JavaThread "Daemon health stats" [_thread_blocked, id=8308, stack(0x000000a919e00000,0x000000a919f00000)]
  0x0000029bad234800 JavaThread "Incoming local TCP Connector on port 3903" [_thread_in_native, id=3748, stack(0x000000a919700000,0x000000a919800000)]
  0x0000029bad5ab000 JavaThread "Daemon periodic checks" [_thread_blocked, id=8096, stack(0x000000a919d00000,0x000000a919e00000)]
  0x0000029bad434000 JavaThread "Daemon" [_thread_blocked, id=20080, stack(0x000000a919f00000,0x000000a91a000000)]
  0x0000029badcd4000 JavaThread "Handler for socket connection from /127.0.0.1:3903 to /127.0.0.1:3904" [_thread_in_native, id=14840, stack(0x000000a91a000000,0x000000a91a100000)]
  0x0000029baf459000 JavaThread "Cancel handler" [_thread_blocked, id=17760, stack(0x000000a91a100000,0x000000a91a200000)]
  0x0000029bae7ef800 JavaThread "Daemon worker" [_thread_blocked, id=11052, stack(0x000000a91a200000,0x000000a91a300000)]
  0x0000029bacb78800 JavaThread "Asynchronous log dispatcher for DefaultDaemonConnection: socket connection from /127.0.0.1:3903 to /127.0.0.1:3904" [_thread_blocked, id=10480, stack(0x000000a91a300000,0x000000a91a400000)]
  0x0000029bad1b3800 JavaThread "Stdin handler" [_thread_blocked, id=13976, stack(0x000000a91a400000,0x000000a91a500000)]
  0x0000029bacb4d800 JavaThread "Daemon client event forwarder" [_thread_blocked, id=1528, stack(0x000000a91a500000,0x000000a91a600000)]
  0x0000029bad55c000 JavaThread "Cache worker for journal cache (C:\Users\Dell\.gradle\caches\journal-1)" [_thread_blocked, id=5352, stack(0x000000a91a600000,0x000000a91a700000)]
  0x0000029bae196800 JavaThread "File lock request listener" [_thread_in_native, id=14700, stack(0x000000a91a700000,0x000000a91a800000)]
  0x0000029baf607000 JavaThread "Cache worker for file hash cache (C:\Users\Dell\.gradle\caches\7.4\fileHashes)" [_thread_blocked, id=8340, stack(0x000000a91a800000,0x000000a91a900000)]
  0x0000029baf608800 JavaThread "File watcher server" daemon [_thread_in_native, id=18016, stack(0x000000a91ad00000,0x000000a91ae00000)]
  0x0000029baf606000 JavaThread "File watcher consumer" daemon [_thread_blocked, id=12828, stack(0x000000a91ae00000,0x000000a91af00000)]
  0x0000029baf607800 JavaThread "Cache worker for checksums cache (F:\grade2\android\.gradle\7.4\checksums)" [_thread_blocked, id=11748, stack(0x000000a91af00000,0x000000a91b000000)]
  0x0000029bac80f800 JavaThread "Cache worker for cache directory md-rule (C:\Users\Dell\.gradle\caches\7.4\md-rule)" [_thread_blocked, id=1608, stack(0x000000a91b000000,0x000000a91b100000)]
  0x0000029bac80b800 JavaThread "Cache worker for file hash cache (F:\grade2\android\.gradle\7.4\fileHashes)" [_thread_blocked, id=16748, stack(0x000000a91b100000,0x000000a91b200000)]
  0x0000029bac80c800 JavaThread "Cache worker for cache directory md-supplier (C:\Users\Dell\.gradle\caches\7.4\md-supplier)" [_thread_blocked, id=15848, stack(0x000000a91b200000,0x000000a91b300000)]
  0x0000029bac80b000 JavaThread "File lock release action executor" [_thread_blocked, id=18652, stack(0x000000a91b300000,0x000000a91b400000)]
  0x0000029bac811800 JavaThread "Cache worker for execution history cache (C:\Users\Dell\.gradle\caches\7.4\executionHistory)" [_thread_blocked, id=3312, stack(0x000000a91b400000,0x000000a91b500000)]
  0x0000029bac810800 JavaThread "jar transforms" [_thread_blocked, id=4688, stack(0x000000a91b600000,0x000000a91b700000)]
  0x0000029bac80e000 JavaThread "jar transforms Thread 2" [_thread_blocked, id=19348, stack(0x000000a91b700000,0x000000a91b800000)]
  0x0000029bac813000 JavaThread "Cache worker for file content cache (C:\Users\Dell\.gradle\caches\7.4\fileContent)" [_thread_blocked, id=3220, stack(0x000000a91b800000,0x000000a91b900000)]
  0x0000029bac814800 JavaThread "jar transforms Thread 3" [_thread_blocked, id=11192, stack(0x000000a91b900000,0x000000a91ba00000)]
  0x0000029bac814000 JavaThread "jar transforms Thread 4" [_thread_blocked, id=13700, stack(0x000000a91ba00000,0x000000a91bb00000)]
  0x0000029bac815800 JavaThread "Cache worker for dependencies-accessors (F:\grade2\android\.gradle\7.4\dependencies-accessors)" [_thread_blocked, id=2388, stack(0x000000a91bb00000,0x000000a91bc00000)]
  0x0000029bac818800 JavaThread "jar transforms Thread 5" [_thread_blocked, id=14596, stack(0x000000a91ac00000,0x000000a91ad00000)]
  0x0000029bac819800 JavaThread "Cache worker for Build Output Cleanup Cache (F:\grade2\android\.gradle\buildOutputCleanup)" [_thread_blocked, id=14548, stack(0x000000a91bc00000,0x000000a91bd00000)]
  0x0000029bac818000 JavaThread "Unconstrained build operations" [_thread_blocked, id=20100, stack(0x000000a91be00000,0x000000a91bf00000)]
  0x0000029bac817000 JavaThread "Unconstrained build operations Thread 2" [_thread_blocked, id=4356, stack(0x000000a91bf00000,0x000000a91c000000)]
  0x0000029bb3a14000 JavaThread "Unconstrained build operations Thread 3" [_thread_blocked, id=10664, stack(0x000000a91c000000,0x000000a91c100000)]
  0x0000029bb3a15000 JavaThread "Unconstrained build operations Thread 4" [_thread_blocked, id=19652, stack(0x000000a91c100000,0x000000a91c200000)]
  0x0000029bb3a11000 JavaThread "Unconstrained build operations Thread 5" [_thread_blocked, id=6472, stack(0x000000a91c200000,0x000000a91c300000)]
  0x0000029bb3a11800 JavaThread "Unconstrained build operations Thread 6" [_thread_blocked, id=15268, stack(0x000000a91c300000,0x000000a91c400000)]
  0x0000029bb3a0f000 JavaThread "Unconstrained build operations Thread 7" [_thread_blocked, id=15308, stack(0x000000a91c400000,0x000000a91c500000)]
  0x0000029bb3a12800 JavaThread "Unconstrained build operations Thread 8" [_thread_blocked, id=20056, stack(0x000000a91c500000,0x000000a91c600000)]
  0x0000029bb3a15800 JavaThread "Unconstrained build operations Thread 9" [_thread_blocked, id=15252, stack(0x000000a91c600000,0x000000a91c700000)]
  0x0000029bb3a13000 JavaThread "Unconstrained build operations Thread 10" [_thread_blocked, id=8044, stack(0x000000a91c700000,0x000000a91c800000)]
  0x0000029bb3a10000 JavaThread "Unconstrained build operations Thread 11" [_thread_blocked, id=14328, stack(0x000000a91c800000,0x000000a91c900000)]
  0x0000029bb3a19800 JavaThread "Unconstrained build operations Thread 12" [_thread_blocked, id=15292, stack(0x000000a91c900000,0x000000a91ca00000)]
  0x0000029bb3a1c000 JavaThread "Unconstrained build operations Thread 13" [_thread_blocked, id=1264, stack(0x000000a91ca00000,0x000000a91cb00000)]
  0x0000029bb3a1a800 JavaThread "Unconstrained build operations Thread 14" [_thread_blocked, id=15256, stack(0x000000a91cb00000,0x000000a91cc00000)]
  0x0000029bb3a16800 JavaThread "Unconstrained build operations Thread 15" [_thread_blocked, id=4748, stack(0x000000a91cc00000,0x000000a91cd00000)]
  0x0000029bb3a19000 JavaThread "Unconstrained build operations Thread 16" [_thread_blocked, id=15288, stack(0x000000a91cd00000,0x000000a91ce00000)]
  0x0000029bb3a1d000 JavaThread "Unconstrained build operations Thread 17" [_thread_blocked, id=6232, stack(0x000000a91ce00000,0x000000a91cf00000)]
  0x0000029bb3a1b800 JavaThread "Unconstrained build operations Thread 18" [_thread_blocked, id=10744, stack(0x000000a91cf00000,0x000000a91d000000)]
  0x0000029bb3a17800 JavaThread "Unconstrained build operations Thread 19" [_thread_blocked, id=14592, stack(0x000000a91d000000,0x000000a91d100000)]
  0x0000029bb3a1e000 JavaThread "Unconstrained build operations Thread 20" [_thread_blocked, id=15260, stack(0x000000a91d100000,0x000000a91d200000)]
  0x0000029bb3a18000 JavaThread "Unconstrained build operations Thread 21" [_thread_blocked, id=3832, stack(0x000000a91d200000,0x000000a91d300000)]
  0x0000029bac467000 JavaThread "Unconstrained build operations Thread 22" [_thread_blocked, id=19996, stack(0x000000a91d300000,0x000000a91d400000)]
  0x0000029bac465800 JavaThread "Unconstrained build operations Thread 23" [_thread_blocked, id=11424, stack(0x000000a91d400000,0x000000a91d500000)]
  0x0000029bac466000 JavaThread "Unconstrained build operations Thread 24" [_thread_blocked, id=15276, stack(0x000000a91d500000,0x000000a91d600000)]
  0x0000029bac462000 JavaThread "Unconstrained build operations Thread 25" [_thread_blocked, id=20188, stack(0x000000a91d600000,0x000000a91d700000)]
  0x0000029bac461000 JavaThread "Unconstrained build operations Thread 26" [_thread_blocked, id=18012, stack(0x000000a91d700000,0x000000a91d800000)]
  0x0000029bac467800 JavaThread "Unconstrained build operations Thread 27" [_thread_blocked, id=18004, stack(0x000000a91d800000,0x000000a91d900000)]
  0x0000029bac468800 JavaThread "Unconstrained build operations Thread 28" [_thread_blocked, id=17996, stack(0x000000a91d900000,0x000000a91da00000)]
  0x0000029bac463000 JavaThread "Unconstrained build operations Thread 29" [_thread_blocked, id=18000, stack(0x000000a91da00000,0x000000a91db00000)]
  0x0000029bac469800 JavaThread "Unconstrained build operations Thread 30" [_thread_blocked, id=2208, stack(0x000000a91db00000,0x000000a91dc00000)]
  0x0000029bac463800 JavaThread "Unconstrained build operations Thread 31" [_thread_blocked, id=15232, stack(0x000000a91dc00000,0x000000a91dd00000)]
  0x0000029bac46a000 JavaThread "Unconstrained build operations Thread 32" [_thread_blocked, id=15228, stack(0x000000a91dd00000,0x000000a91de00000)]
  0x0000029bac464800 JavaThread "Unconstrained build operations Thread 33" [_thread_blocked, id=9496, stack(0x000000a91de00000,0x000000a91df00000)]
  0x0000029bac46c000 JavaThread "Unconstrained build operations Thread 34" [_thread_blocked, id=12348, stack(0x000000a91df00000,0x000000a91e000000)]
  0x0000029bac46d800 JavaThread "Unconstrained build operations Thread 35" [_thread_blocked, id=13788, stack(0x000000a91e000000,0x000000a91e100000)]
  0x0000029bac46f000 JavaThread "Unconstrained build operations Thread 36" [_thread_blocked, id=14324, stack(0x000000a91e100000,0x000000a91e200000)]
  0x0000029bac46b000 JavaThread "Unconstrained build operations Thread 37" [_thread_blocked, id=3776, stack(0x000000a91e200000,0x000000a91e300000)]
  0x0000029bac46c800 JavaThread "Unconstrained build operations Thread 38" [_thread_blocked, id=10584, stack(0x000000a91e300000,0x000000a91e400000)]
  0x0000029bac470000 JavaThread "Unconstrained build operations Thread 39" [_thread_blocked, id=9728, stack(0x000000a91e400000,0x000000a91e500000)]
  0x0000029bac46e000 JavaThread "Unconstrained build operations Thread 40" [_thread_blocked, id=7088, stack(0x000000a91e500000,0x000000a91e600000)]
  0x0000029bb4480000 JavaThread "Unconstrained build operations Thread 41" [_thread_blocked, id=15096, stack(0x000000a91e600000,0x000000a91e700000)]
  0x0000029bb4481000 JavaThread "Unconstrained build operations Thread 42" [_thread_blocked, id=6460, stack(0x000000a91e700000,0x000000a91e800000)]
  0x0000029bb4486800 JavaThread "Unconstrained build operations Thread 43" [_thread_blocked, id=9516, stack(0x000000a91e800000,0x000000a91e900000)]
  0x0000029bb4485000 JavaThread "Unconstrained build operations Thread 44" [_thread_blocked, id=20228, stack(0x000000a91e900000,0x000000a91ea00000)]
  0x0000029bb4487800 JavaThread "Unconstrained build operations Thread 45" [_thread_blocked, id=18484, stack(0x000000a91ea00000,0x000000a91eb00000)]
  0x0000029bb4481800 JavaThread "Unconstrained build operations Thread 46" [_thread_blocked, id=5688, stack(0x000000a91eb00000,0x000000a91ec00000)]
  0x0000029bb4484000 JavaThread "Unconstrained build operations Thread 47" [_thread_blocked, id=2812, stack(0x000000a91ec00000,0x000000a91ed00000)]
  0x0000029bb4485800 JavaThread "Unconstrained build operations Thread 48" [_thread_blocked, id=13840, stack(0x000000a91ed00000,0x000000a91ee00000)]
  0x0000029bb4488000 JavaThread "Unconstrained build operations Thread 49" [_thread_blocked, id=1896, stack(0x000000a91ee00000,0x000000a91ef00000)]
  0x0000029bb4482800 JavaThread "Unconstrained build operations Thread 50" [_thread_blocked, id=2920, stack(0x000000a91ef00000,0x000000a91f000000)]
  0x0000029bb4489000 JavaThread "Unconstrained build operations Thread 51" [_thread_blocked, id=14792, stack(0x000000a91f000000,0x000000a91f100000)]
  0x0000029bb4483000 JavaThread "Unconstrained build operations Thread 52" [_thread_blocked, id=14332, stack(0x000000a91f100000,0x000000a91f200000)]
  0x0000029bb448e000 JavaThread "Unconstrained build operations Thread 53" [_thread_blocked, id=10020, stack(0x000000a91f200000,0x000000a91f300000)]
  0x0000029bb448e800 JavaThread "Unconstrained build operations Thread 54" [_thread_blocked, id=12592, stack(0x000000a91f300000,0x000000a91f400000)]
  0x0000029bb448a800 JavaThread "Unconstrained build operations Thread 55" [_thread_blocked, id=5656, stack(0x000000a91f400000,0x000000a91f500000)]
  0x0000029bb448b800 JavaThread "Unconstrained build operations Thread 56" [_thread_blocked, id=4380, stack(0x000000a91f500000,0x000000a91f600000)]
  0x0000029bb448c000 JavaThread "Unconstrained build operations Thread 57" [_thread_blocked, id=5696, stack(0x000000a91f600000,0x000000a91f700000)]
  0x0000029bb448a000 JavaThread "Unconstrained build operations Thread 58" [_thread_blocked, id=11756, stack(0x000000a91f700000,0x000000a91f800000)]
  0x0000029bb448d000 JavaThread "Unconstrained build operations Thread 59" [_thread_blocked, id=12064, stack(0x000000a91f800000,0x000000a91f900000)]
  0x0000029bae861000 JavaThread "Unconstrained build operations Thread 60" [_thread_blocked, id=2136, stack(0x000000a91f900000,0x000000a91fa00000)]
  0x0000029bae867000 JavaThread "Unconstrained build operations Thread 61" [_thread_blocked, id=9224, stack(0x000000a91fa00000,0x000000a91fb00000)]
  0x0000029bae866000 JavaThread "Unconstrained build operations Thread 62" [_thread_blocked, id=3144, stack(0x000000a91fb00000,0x000000a91fc00000)]
  0x0000029bae862000 JavaThread "Unconstrained build operations Thread 63" [_thread_blocked, id=14716, stack(0x000000a91fc00000,0x000000a91fd00000)]
  0x0000029bae868800 JavaThread "Unconstrained build operations Thread 64" [_thread_blocked, id=2200, stack(0x000000a91fd00000,0x000000a91fe00000)]
  0x0000029bae862800 JavaThread "Unconstrained build operations Thread 65" [_thread_blocked, id=14180, stack(0x000000a91fe00000,0x000000a91ff00000)]
  0x0000029bae864800 JavaThread "Unconstrained build operations Thread 66" [_thread_blocked, id=7152, stack(0x000000a91ff00000,0x000000a920000000)]
  0x0000029bae865000 JavaThread "Unconstrained build operations Thread 67" [_thread_blocked, id=4240, stack(0x000000a920000000,0x000000a920100000)]
  0x0000029bae867800 JavaThread "Unconstrained build operations Thread 68" [_thread_blocked, id=8460, stack(0x000000a920100000,0x000000a920200000)]
  0x0000029bae869000 JavaThread "Unconstrained build operations Thread 69" [_thread_blocked, id=12724, stack(0x000000a920200000,0x000000a920300000)]
  0x0000029bae863800 JavaThread "Unconstrained build operations Thread 70" [_thread_blocked, id=3360, stack(0x000000a920300000,0x000000a920400000)]
  0x0000029bae870000 JavaThread "Unconstrained build operations Thread 71" [_thread_blocked, id=3636, stack(0x000000a920400000,0x000000a920500000)]
  0x0000029bae86d800 JavaThread "Unconstrained build operations Thread 72" [_thread_blocked, id=13564, stack(0x000000a920500000,0x000000a920600000)]
  0x0000029bae86f000 JavaThread "Unconstrained build operations Thread 73" [_thread_blocked, id=16052, stack(0x000000a920600000,0x000000a920700000)]
  0x0000029bae86a000 JavaThread "Unconstrained build operations Thread 74" [_thread_blocked, id=18460, stack(0x000000a920700000,0x000000a920800000)]
  0x0000029bae86b000 JavaThread "Unconstrained build operations Thread 75" [_thread_blocked, id=9152, stack(0x000000a920800000,0x000000a920900000)]
  0x0000029bae86c800 JavaThread "Unconstrained build operations Thread 76" [_thread_blocked, id=14264, stack(0x000000a920900000,0x000000a920a00000)]
  0x0000029bae86b800 JavaThread "Unconstrained build operations Thread 77" [_thread_blocked, id=3728, stack(0x000000a920a00000,0x000000a920b00000)]
  0x0000029bae86e000 JavaThread "Unconstrained build operations Thread 78" [_thread_blocked, id=9312, stack(0x000000a920b00000,0x000000a920c00000)]
  0x0000029bb338b000 JavaThread "Unconstrained build operations Thread 79" [_thread_blocked, id=5356, stack(0x000000a920c00000,0x000000a920d00000)]
  0x0000029bb338e800 JavaThread "Unconstrained build operations Thread 80" [_thread_blocked, id=18172, stack(0x000000a920d00000,0x000000a920e00000)]
  0x0000029bb338d800 JavaThread "jar transforms Thread 6" [_thread_blocked, id=14092, stack(0x000000a920e00000,0x000000a920f00000)]
  0x0000029bb338a800 JavaThread "jar transforms Thread 7" [_thread_blocked, id=9900, stack(0x000000a920f00000,0x000000a921000000)]
  0x0000029bb338c000 JavaThread "jar transforms Thread 8" [_thread_blocked, id=2132, stack(0x000000a921000000,0x000000a921100000)]
  0x0000029bb338f800 JavaThread "Memory manager" [_thread_blocked, id=17560, stack(0x000000a921100000,0x000000a921200000)]
  0x0000029bb3391000 JavaThread "build event listener" [_thread_blocked, id=13536, stack(0x000000a921200000,0x000000a921300000)]
  0x0000029bb3391800 JavaThread "Cache worker for kotlin-dsl (C:\Users\Dell\.gradle\caches\7.4\kotlin-dsl)" [_thread_blocked, id=18496, stack(0x000000a921300000,0x000000a921400000)]
  0x0000029bb3396800 JavaThread "pool-3-thread-1" [_thread_blocked, id=3200, stack(0x000000a921400000,0x000000a921500000)]
  0x0000029bb3394000 JavaThread "build event listener" [_thread_blocked, id=19548, stack(0x000000a921500000,0x000000a921600000)]
  0x0000029bb3396000 JavaThread "included builds" [_thread_blocked, id=5236, stack(0x000000a921600000,0x000000a921700000)]
  0x0000029bb3395000 JavaThread "Execution worker for ':'" [_thread_blocked, id=15076, stack(0x000000a921700000,0x000000a921800000)]
  0x0000029bb3397800 JavaThread "Execution worker for ':' Thread 2" [_thread_blocked, id=11536, stack(0x000000a921800000,0x000000a921900000)]
  0x0000029bb3398800 JavaThread "Execution worker for ':' Thread 3" [_thread_blocked, id=12008, stack(0x000000a921900000,0x000000a921a00000)]
  0x0000029bb3399000 JavaThread "Execution worker for ':' Thread 4" [_thread_blocked, id=12328, stack(0x000000a921a00000,0x000000a921b00000)]
  0x0000029bb3393800 JavaThread "Execution worker for ':' Thread 5" [_thread_blocked, id=12488, stack(0x000000a921b00000,0x000000a921c00000)]
  0x0000029bb481a800 JavaThread "Execution worker for ':' Thread 6" [_thread_blocked, id=18068, stack(0x000000a921c00000,0x000000a921d00000)]
  0x0000029bb481b800 JavaThread "Execution worker for ':' Thread 7" [_thread_blocked, id=13888, stack(0x000000a921d00000,0x000000a921e00000)]
  0x0000029bb4816000 JavaThread "Cache worker for execution history cache (F:\grade2\android\.gradle\7.4\executionHistory)" [_thread_blocked, id=14992, stack(0x000000a921e00000,0x000000a921f00000)]
  0x0000029bb4817800 JavaThread "Exec process" [_thread_in_native, id=15828, stack(0x000000a921f00000,0x000000a922000000)]
  0x0000029bb481a000 JavaThread "Exec process Thread 2" [_thread_in_native, id=15116, stack(0x000000a91bd00000,0x000000a91be00000)]
  0x0000029bb481c800 JavaThread "Exec process Thread 3" [_thread_in_native, id=7064, stack(0x000000a922000000,0x000000a922100000)]
=>0x0000029baf19d000 JavaThread "C2 CompilerThread1" daemon [_thread_in_native, id=16116, stack(0x000000a922200000,0x000000a922300000)]

Other Threads:
  0x0000029babcf3000 VMThread "VM Thread" [stack: 0x000000a918c00000,0x000000a918d00000] [id=12244]
  0x0000029babf51800 WatcherThread [stack: 0x000000a919600000,0x000000a919700000] [id=2224]
  0x0000029b92332000 GCTaskThread "GC Thread#0" [stack: 0x000000a918700000,0x000000a918800000] [id=12136]
  0x0000029bac99e000 GCTaskThread "GC Thread#1" [stack: 0x000000a919800000,0x000000a919900000] [id=6556]
  0x0000029baceb1000 GCTaskThread "GC Thread#2" [stack: 0x000000a919900000,0x000000a919a00000] [id=12824]
  0x0000029bacdbd800 GCTaskThread "GC Thread#3" [stack: 0x000000a919a00000,0x000000a919b00000] [id=9444]
  0x0000029bac53b800 GCTaskThread "GC Thread#4" [stack: 0x000000a919b00000,0x000000a919c00000] [id=9996]
  0x0000029baca44000 GCTaskThread "GC Thread#5" [stack: 0x000000a919c00000,0x000000a919d00000] [id=16596]
  0x0000029bae088800 GCTaskThread "GC Thread#6" [stack: 0x000000a91a900000,0x000000a91aa00000] [id=12268]
  0x0000029bae1bf800 GCTaskThread "GC Thread#7" [stack: 0x000000a91aa00000,0x000000a91ab00000] [id=12292]
  0x0000029b9235a000 ConcurrentGCThread "G1 Main Marker" [stack: 0x000000a918800000,0x000000a918900000] [id=5344]
  0x0000029b9235b800 ConcurrentGCThread "G1 Conc#0" [stack: 0x000000a918900000,0x000000a918a00000] [id=9472]
  0x0000029baeb48000 ConcurrentGCThread "G1 Conc#1" [stack: 0x000000a91ab00000,0x000000a91ac00000] [id=15072]
  0x0000029bab35b800 ConcurrentGCThread "G1 Refine#0" [stack: 0x000000a918a00000,0x000000a918b00000] [id=18028]
  0x0000029bab35c800 ConcurrentGCThread "G1 Young RemSet Sampling" [stack: 0x000000a918b00000,0x000000a918c00000] [id=19180]

Threads with active compile tasks:
C2 CompilerThread1  36724 11310       4       org.gradle.internal.logging.text.AbstractLineChoppingStyledTextOutput$1::execute (140 bytes)

VM state:not at safepoint (normal execution)

VM Mutex/Monitor currently owned by a thread: None

Heap address: 0x00000000a0000000, size: 1536 MB, Compressed Oops mode: 32-bit
Narrow klass base: 0x0000000000000000, Narrow klass shift: 3
Compressed class space size: 1073741824 Address: 0x0000000100000000

Heap:
 garbage-first heap   total 262144K, used 145207K [0x00000000a0000000, 0x0000000100000000)
  region size 1024K, 50 young (51200K), 14 survivors (14336K)
 Metaspace       used 93936K, capacity 97036K, committed 97236K, reserved 1134592K
  class space    used 12126K, capacity 13203K, committed 13312K, reserved 1048576K
Heap Regions: E=young(eden), S=young(survivor), O=old, HS=humongous(starts), HC=humongous(continues), CS=collection set, F=free, A=archive, TAMS=top-at-mark-start (previous, next)
|   0|0x00000000a0000000, 0x00000000a0100000, 0x00000000a0100000|100%| O|  |TAMS 0x00000000a0100000, 0x00000000a0000000| Untracked 
|   1|0x00000000a0100000, 0x00000000a0200000, 0x00000000a0200000|100%| O|  |TAMS 0x00000000a0200000, 0x00000000a0100000| Untracked 
|   2|0x00000000a0200000, 0x00000000a0300000, 0x00000000a0300000|100%| O|  |TAMS 0x00000000a0300000, 0x00000000a0200000| Untracked 
|   3|0x00000000a0300000, 0x00000000a0400000, 0x00000000a0400000|100%|HS|  |TAMS 0x00000000a0400000, 0x00000000a0300000| Complete 
|   4|0x00000000a0400000, 0x00000000a0500000, 0x00000000a0500000|100%|HC|  |TAMS 0x00000000a0500000, 0x00000000a0400000| Complete 
|   5|0x00000000a0500000, 0x00000000a0600000, 0x00000000a0600000|100%|HC|  |TAMS 0x00000000a0600000, 0x00000000a0500000| Complete 
|   6|0x00000000a0600000, 0x00000000a0700000, 0x00000000a0700000|100%| O|  |TAMS 0x00000000a0700000, 0x00000000a0600000| Untracked 
|   7|0x00000000a0700000, 0x00000000a0800000, 0x00000000a0800000|100%| O|  |TAMS 0x00000000a0800000, 0x00000000a0700000| Untracked 
|   8|0x00000000a0800000, 0x00000000a0900000, 0x00000000a0900000|100%| O|  |TAMS 0x00000000a0900000, 0x00000000a0800000| Untracked 
|   9|0x00000000a0900000, 0x00000000a0a00000, 0x00000000a0a00000|100%| O|  |TAMS 0x00000000a0a00000, 0x00000000a0900000| Untracked 
|  10|0x00000000a0a00000, 0x00000000a0b00000, 0x00000000a0b00000|100%| O|  |TAMS 0x00000000a0b00000, 0x00000000a0a00000| Untracked 
|  11|0x00000000a0b00000, 0x00000000a0c00000, 0x00000000a0c00000|100%| O|  |TAMS 0x00000000a0c00000, 0x00000000a0b00000| Untracked 
|  12|0x00000000a0c00000, 0x00000000a0d00000, 0x00000000a0d00000|100%| O|  |TAMS 0x00000000a0d00000, 0x00000000a0c00000| Untracked 
|  13|0x00000000a0d00000, 0x00000000a0e00000, 0x00000000a0e00000|100%| O|  |TAMS 0x00000000a0e00000, 0x00000000a0d00000| Untracked 
|  14|0x00000000a0e00000, 0x00000000a0f00000, 0x00000000a0f00000|100%| O|  |TAMS 0x00000000a0f00000, 0x00000000a0e00000| Untracked 
|  15|0x00000000a0f00000, 0x00000000a1000000, 0x00000000a1000000|100%| O|  |TAMS 0x00000000a1000000, 0x00000000a0f00000| Untracked 
|  16|0x00000000a1000000, 0x00000000a1100000, 0x00000000a1100000|100%|HS|  |TAMS 0x00000000a1100000, 0x00000000a1000000| Complete 
|  17|0x00000000a1100000, 0x00000000a1200000, 0x00000000a1200000|100%|HS|  |TAMS 0x00000000a1200000, 0x00000000a1100000| Complete 
|  18|0x00000000a1200000, 0x00000000a1300000, 0x00000000a1300000|100%|HS|  |TAMS 0x00000000a1300000, 0x00000000a1200000| Complete 
|  19|0x00000000a1300000, 0x00000000a1400000, 0x00000000a1400000|100%|HS|  |TAMS 0x00000000a1400000, 0x00000000a1300000| Complete 
|  20|0x00000000a1400000, 0x00000000a1500000, 0x00000000a1500000|100%|HS|  |TAMS 0x00000000a1500000, 0x00000000a1400000| Complete 
|  21|0x00000000a1500000, 0x00000000a1600000, 0x00000000a1600000|100%|HC|  |TAMS 0x00000000a1600000, 0x00000000a1500000| Complete 
|  22|0x00000000a1600000, 0x00000000a1700000, 0x00000000a1700000|100%|HC|  |TAMS 0x00000000a1700000, 0x00000000a1600000| Complete 
|  23|0x00000000a1700000, 0x00000000a1800000, 0x00000000a1800000|100%|HS|  |TAMS 0x00000000a1800000, 0x00000000a1700000| Complete 
|  24|0x00000000a1800000, 0x00000000a1900000, 0x00000000a1900000|100%|HC|  |TAMS 0x00000000a1900000, 0x00000000a1800000| Complete 
|  25|0x00000000a1900000, 0x00000000a1a00000, 0x00000000a1a00000|100%| O|  |TAMS 0x00000000a1a00000, 0x00000000a1900000| Untracked 
|  26|0x00000000a1a00000, 0x00000000a1b00000, 0x00000000a1b00000|100%| O|  |TAMS 0x00000000a1b00000, 0x00000000a1a00000| Untracked 
|  27|0x00000000a1b00000, 0x00000000a1c00000, 0x00000000a1c00000|100%| O|  |TAMS 0x00000000a1c00000, 0x00000000a1b00000| Untracked 
|  28|0x00000000a1c00000, 0x00000000a1d00000, 0x00000000a1d00000|100%| O|  |TAMS 0x00000000a1d00000, 0x00000000a1c00000| Untracked 
|  29|0x00000000a1d00000, 0x00000000a1e00000, 0x00000000a1e00000|100%| O|  |TAMS 0x00000000a1e00000, 0x00000000a1d00000| Untracked 
|  30|0x00000000a1e00000, 0x00000000a1f00000, 0x00000000a1f00000|100%| O|  |TAMS 0x00000000a1f00000, 0x00000000a1e00000| Untracked 
|  31|0x00000000a1f00000, 0x00000000a2000000, 0x00000000a2000000|100%| O|  |TAMS 0x00000000a2000000, 0x00000000a1f00000| Untracked 
|  32|0x00000000a2000000, 0x00000000a2100000, 0x00000000a2100000|100%| O|  |TAMS 0x00000000a2100000, 0x00000000a2000000| Untracked 
|  33|0x00000000a2100000, 0x00000000a2200000, 0x00000000a2200000|100%| O|  |TAMS 0x00000000a2200000, 0x00000000a2100000| Untracked 
|  34|0x00000000a2200000, 0x00000000a2300000, 0x00000000a2300000|100%| O|  |TAMS 0x00000000a2300000, 0x00000000a2200000| Untracked 
|  35|0x00000000a2300000, 0x00000000a2400000, 0x00000000a2400000|100%| O|  |TAMS 0x00000000a2400000, 0x00000000a2300000| Untracked 
|  36|0x00000000a2400000, 0x00000000a2500000, 0x00000000a2500000|100%| O|  |TAMS 0x00000000a2500000, 0x00000000a2400000| Untracked 
|  37|0x00000000a2500000, 0x00000000a2600000, 0x00000000a2600000|100%| O|  |TAMS 0x00000000a2600000, 0x00000000a2500000| Untracked 
|  38|0x00000000a2600000, 0x00000000a2700000, 0x00000000a2700000|100%| O|  |TAMS 0x00000000a2700000, 0x00000000a2600000| Untracked 
|  39|0x00000000a2700000, 0x00000000a2800000, 0x00000000a2800000|100%| O|  |TAMS 0x00000000a2800000, 0x00000000a2700000| Untracked 
|  40|0x00000000a2800000, 0x00000000a2900000, 0x00000000a2900000|100%| O|  |TAMS 0x00000000a2900000, 0x00000000a2800000| Untracked 
|  41|0x00000000a2900000, 0x00000000a2a00000, 0x00000000a2a00000|100%| O|  |TAMS 0x00000000a2a00000, 0x00000000a2900000| Untracked 
|  42|0x00000000a2a00000, 0x00000000a2b00000, 0x00000000a2b00000|100%| O|  |TAMS 0x00000000a2b00000, 0x00000000a2a00000| Untracked 
|  43|0x00000000a2b00000, 0x00000000a2c00000, 0x00000000a2c00000|100%| O|  |TAMS 0x00000000a2c00000, 0x00000000a2b00000| Untracked 
|  44|0x00000000a2c00000, 0x00000000a2d00000, 0x00000000a2d00000|100%| O|  |TAMS 0x00000000a2d00000, 0x00000000a2c00000| Untracked 
|  45|0x00000000a2d00000, 0x00000000a2e00000, 0x00000000a2e00000|100%| O|  |TAMS 0x00000000a2e00000, 0x00000000a2d00000| Untracked 
|  46|0x00000000a2e00000, 0x00000000a2f00000, 0x00000000a2f00000|100%| O|  |TAMS 0x00000000a2f00000, 0x00000000a2e00000| Untracked 
|  47|0x00000000a2f00000, 0x00000000a3000000, 0x00000000a3000000|100%| O|  |TAMS 0x00000000a2f18400, 0x00000000a2f00000| Untracked 
|  48|0x00000000a3000000, 0x00000000a3100000, 0x00000000a3100000|100%|HS|  |TAMS 0x00000000a3000000, 0x00000000a3000000| Complete 
|  49|0x00000000a3100000, 0x00000000a3200000, 0x00000000a3200000|100%|HS|  |TAMS 0x00000000a3100000, 0x00000000a3100000| Complete 
|  50|0x00000000a3200000, 0x00000000a3300000, 0x00000000a3300000|100%| O|  |TAMS 0x00000000a3200000, 0x00000000a3200000| Untracked 
|  51|0x00000000a3300000, 0x00000000a3400000, 0x00000000a3400000|100%| O|  |TAMS 0x00000000a3300000, 0x00000000a3300000| Untracked 
|  52|0x00000000a3400000, 0x00000000a3500000, 0x00000000a3500000|100%| O|  |TAMS 0x00000000a3400000, 0x00000000a3400000| Untracked 
|  53|0x00000000a3500000, 0x00000000a3600000, 0x00000000a3600000|100%| O|  |TAMS 0x00000000a3500000, 0x00000000a3500000| Untracked 
|  54|0x00000000a3600000, 0x00000000a3700000, 0x00000000a3700000|100%| O|  |TAMS 0x00000000a3600000, 0x00000000a3600000| Untracked 
|  55|0x00000000a3700000, 0x00000000a3800000, 0x00000000a3800000|100%| O|  |TAMS 0x00000000a3700000, 0x00000000a3700000| Untracked 
|  56|0x00000000a3800000, 0x00000000a3900000, 0x00000000a3900000|100%| O|  |TAMS 0x00000000a3800000, 0x00000000a3800000| Untracked 
|  57|0x00000000a3900000, 0x00000000a3a00000, 0x00000000a3a00000|100%| O|  |TAMS 0x00000000a3900000, 0x00000000a3900000| Untracked 
|  58|0x00000000a3a00000, 0x00000000a3b00000, 0x00000000a3b00000|100%| O|  |TAMS 0x00000000a3a00000, 0x00000000a3a00000| Untracked 
|  59|0x00000000a3b00000, 0x00000000a3c00000, 0x00000000a3c00000|100%| O|  |TAMS 0x00000000a3b00000, 0x00000000a3b00000| Untracked 
|  60|0x00000000a3c00000, 0x00000000a3d00000, 0x00000000a3d00000|100%| O|  |TAMS 0x00000000a3c00000, 0x00000000a3c00000| Untracked 
|  61|0x00000000a3d00000, 0x00000000a3e00000, 0x00000000a3e00000|100%| O|  |TAMS 0x00000000a3d00000, 0x00000000a3d00000| Untracked 
|  62|0x00000000a3e00000, 0x00000000a3f00000, 0x00000000a3f00000|100%| O|  |TAMS 0x00000000a3e00000, 0x00000000a3e00000| Untracked 
|  63|0x00000000a3f00000, 0x00000000a4000000, 0x00000000a4000000|100%| O|  |TAMS 0x00000000a3f00000, 0x00000000a3f00000| Untracked 
|  64|0x00000000a4000000, 0x00000000a4100000, 0x00000000a4100000|100%| O|  |TAMS 0x00000000a4000000, 0x00000000a4000000| Untracked 
|  65|0x00000000a4100000, 0x00000000a4200000, 0x00000000a4200000|100%| O|  |TAMS 0x00000000a4100000, 0x00000000a4100000| Untracked 
|  66|0x00000000a4200000, 0x00000000a4300000, 0x00000000a4300000|100%| O|  |TAMS 0x00000000a4200000, 0x00000000a4200000| Untracked 
|  67|0x00000000a4300000, 0x00000000a4400000, 0x00000000a4400000|100%| O|  |TAMS 0x00000000a4300000, 0x00000000a4300000| Untracked 
|  68|0x00000000a4400000, 0x00000000a4500000, 0x00000000a4500000|100%| O|  |TAMS 0x00000000a4400000, 0x00000000a4400000| Untracked 
|  69|0x00000000a4500000, 0x00000000a4600000, 0x00000000a4600000|100%|HS|  |TAMS 0x00000000a4500000, 0x00000000a4500000| Complete 
|  70|0x00000000a4600000, 0x00000000a4700000, 0x00000000a4700000|100%|HS|  |TAMS 0x00000000a4600000, 0x00000000a4600000| Complete 
|  71|0x00000000a4700000, 0x00000000a4800000, 0x00000000a4800000|100%| O|  |TAMS 0x00000000a4700000, 0x00000000a4700000| Untracked 
|  72|0x00000000a4800000, 0x00000000a4900000, 0x00000000a4900000|100%| O|  |TAMS 0x00000000a4800000, 0x00000000a4800000| Untracked 
|  73|0x00000000a4900000, 0x00000000a4a00000, 0x00000000a4a00000|100%| O|  |TAMS 0x00000000a4900000, 0x00000000a4900000| Untracked 
|  74|0x00000000a4a00000, 0x00000000a4b00000, 0x00000000a4b00000|100%| O|  |TAMS 0x00000000a4a00000, 0x00000000a4a00000| Untracked 
|  75|0x00000000a4b00000, 0x00000000a4c00000, 0x00000000a4c00000|100%| O|  |TAMS 0x00000000a4b00000, 0x00000000a4b00000| Untracked 
|  76|0x00000000a4c00000, 0x00000000a4d00000, 0x00000000a4d00000|100%| O|  |TAMS 0x00000000a4c00000, 0x00000000a4c00000| Untracked 
|  77|0x00000000a4d00000, 0x00000000a4e00000, 0x00000000a4e00000|100%| O|  |TAMS 0x00000000a4d00000, 0x00000000a4d00000| Untracked 
|  78|0x00000000a4e00000, 0x00000000a4f00000, 0x00000000a4f00000|100%| O|  |TAMS 0x00000000a4e00000, 0x00000000a4e00000| Untracked 
|  79|0x00000000a4f00000, 0x00000000a5000000, 0x00000000a5000000|100%| O|  |TAMS 0x00000000a4f00000, 0x00000000a4f00000| Untracked 
|  80|0x00000000a5000000, 0x00000000a5100000, 0x00000000a5100000|100%| O|  |TAMS 0x00000000a5000000, 0x00000000a5000000| Untracked 
|  81|0x00000000a5100000, 0x00000000a5200000, 0x00000000a5200000|100%| O|  |TAMS 0x00000000a5100000, 0x00000000a5100000| Untracked 
|  82|0x00000000a5200000, 0x00000000a5300000, 0x00000000a5300000|100%| O|  |TAMS 0x00000000a5200000, 0x00000000a5200000| Untracked 
|  83|0x00000000a5300000, 0x00000000a5400000, 0x00000000a5400000|100%| O|  |TAMS 0x00000000a5300000, 0x00000000a5300000| Untracked 
|  84|0x00000000a5400000, 0x00000000a5500000, 0x00000000a5500000|100%| O|  |TAMS 0x00000000a5400000, 0x00000000a5400000| Untracked 
|  85|0x00000000a5500000, 0x00000000a5600000, 0x00000000a5600000|100%| O|  |TAMS 0x00000000a5500000, 0x00000000a5500000| Untracked 
|  86|0x00000000a5600000, 0x00000000a5700000, 0x00000000a5700000|100%| O|  |TAMS 0x00000000a5600000, 0x00000000a5600000| Untracked 
|  87|0x00000000a5700000, 0x00000000a5800000, 0x00000000a5800000|100%| O|  |TAMS 0x00000000a5700000, 0x00000000a5700000| Untracked 
|  88|0x00000000a5800000, 0x00000000a5900000, 0x00000000a5900000|100%| O|  |TAMS 0x00000000a5800000, 0x00000000a5800000| Untracked 
|  89|0x00000000a5900000, 0x00000000a5a00000, 0x00000000a5a00000|100%| O|  |TAMS 0x00000000a5900000, 0x00000000a5900000| Untracked 
|  90|0x00000000a5a00000, 0x00000000a5b00000, 0x00000000a5b00000|100%| O|  |TAMS 0x00000000a5a00000, 0x00000000a5a00000| Untracked 
|  91|0x00000000a5b00000, 0x00000000a5c00000, 0x00000000a5c00000|100%| O|  |TAMS 0x00000000a5b00000, 0x00000000a5b00000| Untracked 
|  92|0x00000000a5c00000, 0x00000000a5d00000, 0x00000000a5d00000|100%| O|  |TAMS 0x00000000a5c00000, 0x00000000a5c00000| Untracked 
|  93|0x00000000a5d00000, 0x00000000a5e00000, 0x00000000a5e00000|100%| O|  |TAMS 0x00000000a5d00000, 0x00000000a5d00000| Untracked 
|  94|0x00000000a5e00000, 0x00000000a5e00000, 0x00000000a5f00000|  0%| F|  |TAMS 0x00000000a5e00000, 0x00000000a5e00000| Untracked 
|  95|0x00000000a5f00000, 0x00000000a5f00000, 0x00000000a6000000|  0%| F|  |TAMS 0x00000000a5f00000, 0x00000000a5f00000| Untracked 
|  96|0x00000000a6000000, 0x00000000a6000000, 0x00000000a6100000|  0%| F|  |TAMS 0x00000000a6000000, 0x00000000a6000000| Untracked 
|  97|0x00000000a6100000, 0x00000000a6100000, 0x00000000a6200000|  0%| F|  |TAMS 0x00000000a6100000, 0x00000000a6100000| Untracked 
|  98|0x00000000a6200000, 0x00000000a6200000, 0x00000000a6300000|  0%| F|  |TAMS 0x00000000a6200000, 0x00000000a6200000| Untracked 
|  99|0x00000000a6300000, 0x00000000a6300000, 0x00000000a6400000|  0%| F|  |TAMS 0x00000000a6300000, 0x00000000a6300000| Untracked 
| 100|0x00000000a6400000, 0x00000000a6400000, 0x00000000a6500000|  0%| F|  |TAMS 0x00000000a6400000, 0x00000000a6400000| Untracked 
| 101|0x00000000a6500000, 0x00000000a6500000, 0x00000000a6600000|  0%| F|  |TAMS 0x00000000a6500000, 0x00000000a6500000| Untracked 
| 102|0x00000000a6600000, 0x00000000a6600000, 0x00000000a6700000|  0%| F|  |TAMS 0x00000000a6600000, 0x00000000a6600000| Untracked 
| 103|0x00000000a6700000, 0x00000000a6700000, 0x00000000a6800000|  0%| F|  |TAMS 0x00000000a6700000, 0x00000000a6700000| Untracked 
| 104|0x00000000a6800000, 0x00000000a6800000, 0x00000000a6900000|  0%| F|  |TAMS 0x00000000a6800000, 0x00000000a6800000| Untracked 
| 105|0x00000000a6900000, 0x00000000a6900000, 0x00000000a6a00000|  0%| F|  |TAMS 0x00000000a6900000, 0x00000000a6900000| Untracked 
| 106|0x00000000a6a00000, 0x00000000a6a00000, 0x00000000a6b00000|  0%| F|  |TAMS 0x00000000a6a00000, 0x00000000a6a00000| Untracked 
| 107|0x00000000a6b00000, 0x00000000a6b00000, 0x00000000a6c00000|  0%| F|  |TAMS 0x00000000a6b00000, 0x00000000a6b00000| Untracked 
| 108|0x00000000a6c00000, 0x00000000a6c00000, 0x00000000a6d00000|  0%| F|  |TAMS 0x00000000a6c00000, 0x00000000a6c00000| Untracked 
| 109|0x00000000a6d00000, 0x00000000a6d00000, 0x00000000a6e00000|  0%| F|  |TAMS 0x00000000a6d00000, 0x00000000a6d00000| Untracked 
| 110|0x00000000a6e00000, 0x00000000a6e00000, 0x00000000a6f00000|  0%| F|  |TAMS 0x00000000a6e00000, 0x00000000a6e00000| Untracked 
| 111|0x00000000a6f00000, 0x00000000a6f00000, 0x00000000a7000000|  0%| F|  |TAMS 0x00000000a6f00000, 0x00000000a6f00000| Untracked 
| 112|0x00000000a7000000, 0x00000000a7000000, 0x00000000a7100000|  0%| F|  |TAMS 0x00000000a7000000, 0x00000000a7000000| Untracked 
| 113|0x00000000a7100000, 0x00000000a7100000, 0x00000000a7200000|  0%| F|  |TAMS 0x00000000a7100000, 0x00000000a7100000| Untracked 
| 114|0x00000000a7200000, 0x00000000a7200000, 0x00000000a7300000|  0%| F|  |TAMS 0x00000000a7200000, 0x00000000a7200000| Untracked 
| 115|0x00000000a7300000, 0x00000000a7300000, 0x00000000a7400000|  0%| F|  |TAMS 0x00000000a7300000, 0x00000000a7300000| Untracked 
| 116|0x00000000a7400000, 0x00000000a7400000, 0x00000000a7500000|  0%| F|  |TAMS 0x00000000a7400000, 0x00000000a7400000| Untracked 
| 117|0x00000000a7500000, 0x00000000a7500000, 0x00000000a7600000|  0%| F|  |TAMS 0x00000000a7500000, 0x00000000a7500000| Untracked 
| 118|0x00000000a7600000, 0x00000000a7600000, 0x00000000a7700000|  0%| F|  |TAMS 0x00000000a7600000, 0x00000000a7600000| Untracked 
| 119|0x00000000a7700000, 0x00000000a7700000, 0x00000000a7800000|  0%| F|  |TAMS 0x00000000a7700000, 0x00000000a7700000| Untracked 
| 120|0x00000000a7800000, 0x00000000a7800000, 0x00000000a7900000|  0%| F|  |TAMS 0x00000000a7800000, 0x00000000a7800000| Untracked 
| 121|0x00000000a7900000, 0x00000000a7900000, 0x00000000a7a00000|  0%| F|  |TAMS 0x00000000a7900000, 0x00000000a7900000| Untracked 
| 122|0x00000000a7a00000, 0x00000000a7a00000, 0x00000000a7b00000|  0%| F|  |TAMS 0x00000000a7a00000, 0x00000000a7a00000| Untracked 
| 123|0x00000000a7b00000, 0x00000000a7b00000, 0x00000000a7c00000|  0%| F|  |TAMS 0x00000000a7b00000, 0x00000000a7b00000| Untracked 
| 124|0x00000000a7c00000, 0x00000000a7c00000, 0x00000000a7d00000|  0%| F|  |TAMS 0x00000000a7c00000, 0x00000000a7c00000| Untracked 
| 125|0x00000000a7d00000, 0x00000000a7d00000, 0x00000000a7e00000|  0%| F|  |TAMS 0x00000000a7d00000, 0x00000000a7d00000| Untracked 
| 126|0x00000000a7e00000, 0x00000000a7e00000, 0x00000000a7f00000|  0%| F|  |TAMS 0x00000000a7e00000, 0x00000000a7e00000| Untracked 
| 127|0x00000000a7f00000, 0x00000000a7f00000, 0x00000000a8000000|  0%| F|  |TAMS 0x00000000a7f00000, 0x00000000a7f00000| Untracked 
| 128|0x00000000a8000000, 0x00000000a8000000, 0x00000000a8100000|  0%| F|  |TAMS 0x00000000a8000000, 0x00000000a8000000| Untracked 
| 129|0x00000000a8100000, 0x00000000a8100000, 0x00000000a8200000|  0%| F|  |TAMS 0x00000000a8100000, 0x00000000a8100000| Untracked 
| 130|0x00000000a8200000, 0x00000000a8200000, 0x00000000a8300000|  0%| F|  |TAMS 0x00000000a8200000, 0x00000000a8200000| Untracked 
| 131|0x00000000a8300000, 0x00000000a8300000, 0x00000000a8400000|  0%| F|  |TAMS 0x00000000a8300000, 0x00000000a8300000| Untracked 
| 132|0x00000000a8400000, 0x00000000a8400000, 0x00000000a8500000|  0%| F|  |TAMS 0x00000000a8400000, 0x00000000a8400000| Untracked 
| 133|0x00000000a8500000, 0x00000000a8500000, 0x00000000a8600000|  0%| F|  |TAMS 0x00000000a8500000, 0x00000000a8500000| Untracked 
| 134|0x00000000a8600000, 0x00000000a86cded8, 0x00000000a8700000| 80%| S|CS|TAMS 0x00000000a8600000, 0x00000000a8600000| Complete 
| 135|0x00000000a8700000, 0x00000000a8800000, 0x00000000a8800000|100%| S|CS|TAMS 0x00000000a8700000, 0x00000000a8700000| Complete 
| 136|0x00000000a8800000, 0x00000000a8800000, 0x00000000a8900000|  0%| F|  |TAMS 0x00000000a8800000, 0x00000000a8800000| Untracked 
| 137|0x00000000a8900000, 0x00000000a8900000, 0x00000000a8a00000|  0%| F|  |TAMS 0x00000000a8900000, 0x00000000a8900000| Untracked 
| 138|0x00000000a8a00000, 0x00000000a8a00000, 0x00000000a8b00000|  0%| F|  |TAMS 0x00000000a8a00000, 0x00000000a8a00000| Untracked 
| 139|0x00000000a8b00000, 0x00000000a8b00000, 0x00000000a8c00000|  0%| F|  |TAMS 0x00000000a8b00000, 0x00000000a8b00000| Untracked 
| 140|0x00000000a8c00000, 0x00000000a8c00000, 0x00000000a8d00000|  0%| F|  |TAMS 0x00000000a8c00000, 0x00000000a8c00000| Untracked 
| 141|0x00000000a8d00000, 0x00000000a8e00000, 0x00000000a8e00000|100%| S|CS|TAMS 0x00000000a8d00000, 0x00000000a8d00000| Complete 
| 142|0x00000000a8e00000, 0x00000000a8f00000, 0x00000000a8f00000|100%| S|CS|TAMS 0x00000000a8e00000, 0x00000000a8e00000| Complete 
| 143|0x00000000a8f00000, 0x00000000a9000000, 0x00000000a9000000|100%| S|CS|TAMS 0x00000000a8f00000, 0x00000000a8f00000| Complete 
| 144|0x00000000a9000000, 0x00000000a9100000, 0x00000000a9100000|100%| S|CS|TAMS 0x00000000a9000000, 0x00000000a9000000| Complete 
| 145|0x00000000a9100000, 0x00000000a9200000, 0x00000000a9200000|100%| S|CS|TAMS 0x00000000a9100000, 0x00000000a9100000| Complete 
| 146|0x00000000a9200000, 0x00000000a9300000, 0x00000000a9300000|100%| S|CS|TAMS 0x00000000a9200000, 0x00000000a9200000| Complete 
| 147|0x00000000a9300000, 0x00000000a9400000, 0x00000000a9400000|100%| S|CS|TAMS 0x00000000a9300000, 0x00000000a9300000| Complete 
| 148|0x00000000a9400000, 0x00000000a9500000, 0x00000000a9500000|100%| S|CS|TAMS 0x00000000a9400000, 0x00000000a9400000| Complete 
| 149|0x00000000a9500000, 0x00000000a9600000, 0x00000000a9600000|100%| S|CS|TAMS 0x00000000a9500000, 0x00000000a9500000| Complete 
| 150|0x00000000a9600000, 0x00000000a9700000, 0x00000000a9700000|100%| S|CS|TAMS 0x00000000a9600000, 0x00000000a9600000| Complete 
| 151|0x00000000a9700000, 0x00000000a9800000, 0x00000000a9800000|100%| S|CS|TAMS 0x00000000a9700000, 0x00000000a9700000| Complete 
| 152|0x00000000a9800000, 0x00000000a9900000, 0x00000000a9900000|100%| S|CS|TAMS 0x00000000a9800000, 0x00000000a9800000| Complete 
| 153|0x00000000a9900000, 0x00000000a9900000, 0x00000000a9a00000|  0%| F|  |TAMS 0x00000000a9900000, 0x00000000a9900000| Untracked 
| 154|0x00000000a9a00000, 0x00000000a9a00000, 0x00000000a9b00000|  0%| F|  |TAMS 0x00000000a9a00000, 0x00000000a9a00000| Untracked 
| 155|0x00000000a9b00000, 0x00000000a9b00000, 0x00000000a9c00000|  0%| F|  |TAMS 0x00000000a9b00000, 0x00000000a9b00000| Untracked 
| 156|0x00000000a9c00000, 0x00000000a9c00000, 0x00000000a9d00000|  0%| F|  |TAMS 0x00000000a9c00000, 0x00000000a9c00000| Untracked 
| 157|0x00000000a9d00000, 0x00000000a9d00000, 0x00000000a9e00000|  0%| F|  |TAMS 0x00000000a9d00000, 0x00000000a9d00000| Untracked 
| 158|0x00000000a9e00000, 0x00000000a9e00000, 0x00000000a9f00000|  0%| F|  |TAMS 0x00000000a9e00000, 0x00000000a9e00000| Untracked 
| 159|0x00000000a9f00000, 0x00000000a9f00000, 0x00000000aa000000|  0%| F|  |TAMS 0x00000000a9f00000, 0x00000000a9f00000| Untracked 
| 160|0x00000000aa000000, 0x00000000aa000000, 0x00000000aa100000|  0%| F|  |TAMS 0x00000000aa000000, 0x00000000aa000000| Untracked 
| 161|0x00000000aa100000, 0x00000000aa100000, 0x00000000aa200000|  0%| F|  |TAMS 0x00000000aa100000, 0x00000000aa100000| Untracked 
| 162|0x00000000aa200000, 0x00000000aa200000, 0x00000000aa300000|  0%| F|  |TAMS 0x00000000aa200000, 0x00000000aa200000| Untracked 
| 163|0x00000000aa300000, 0x00000000aa300000, 0x00000000aa400000|  0%| F|  |TAMS 0x00000000aa300000, 0x00000000aa300000| Untracked 
| 164|0x00000000aa400000, 0x00000000aa400000, 0x00000000aa500000|  0%| F|  |TAMS 0x00000000aa400000, 0x00000000aa400000| Untracked 
| 165|0x00000000aa500000, 0x00000000aa500000, 0x00000000aa600000|  0%| F|  |TAMS 0x00000000aa500000, 0x00000000aa500000| Untracked 
| 166|0x00000000aa600000, 0x00000000aa600000, 0x00000000aa700000|  0%| F|  |TAMS 0x00000000aa600000, 0x00000000aa600000| Untracked 
| 167|0x00000000aa700000, 0x00000000aa700000, 0x00000000aa800000|  0%| F|  |TAMS 0x00000000aa700000, 0x00000000aa700000| Untracked 
| 168|0x00000000aa800000, 0x00000000aa800000, 0x00000000aa900000|  0%| F|  |TAMS 0x00000000aa800000, 0x00000000aa800000| Untracked 
| 169|0x00000000aa900000, 0x00000000aa900000, 0x00000000aaa00000|  0%| F|  |TAMS 0x00000000aa900000, 0x00000000aa900000| Untracked 
| 170|0x00000000aaa00000, 0x00000000aaa00000, 0x00000000aab00000|  0%| F|  |TAMS 0x00000000aaa00000, 0x00000000aaa00000| Untracked 
| 171|0x00000000aab00000, 0x00000000aab00000, 0x00000000aac00000|  0%| F|  |TAMS 0x00000000aab00000, 0x00000000aab00000| Untracked 
| 172|0x00000000aac00000, 0x00000000aac00000, 0x00000000aad00000|  0%| F|  |TAMS 0x00000000aac00000, 0x00000000aac00000| Untracked 
| 173|0x00000000aad00000, 0x00000000aad00000, 0x00000000aae00000|  0%| F|  |TAMS 0x00000000aad00000, 0x00000000aad00000| Untracked 
| 174|0x00000000aae00000, 0x00000000aae00000, 0x00000000aaf00000|  0%| F|  |TAMS 0x00000000aae00000, 0x00000000aae00000| Untracked 
| 175|0x00000000aaf00000, 0x00000000aaf00000, 0x00000000ab000000|  0%| F|  |TAMS 0x00000000aaf00000, 0x00000000aaf00000| Untracked 
| 176|0x00000000ab000000, 0x00000000ab000000, 0x00000000ab100000|  0%| F|  |TAMS 0x00000000ab000000, 0x00000000ab000000| Untracked 
| 177|0x00000000ab100000, 0x00000000ab100000, 0x00000000ab200000|  0%| F|  |TAMS 0x00000000ab100000, 0x00000000ab100000| Untracked 
| 178|0x00000000ab200000, 0x00000000ab200000, 0x00000000ab300000|  0%| F|  |TAMS 0x00000000ab200000, 0x00000000ab200000| Untracked 
| 179|0x00000000ab300000, 0x00000000ab300000, 0x00000000ab400000|  0%| F|  |TAMS 0x00000000ab300000, 0x00000000ab300000| Untracked 
| 180|0x00000000ab400000, 0x00000000ab400000, 0x00000000ab500000|  0%| F|  |TAMS 0x00000000ab400000, 0x00000000ab400000| Untracked 
| 181|0x00000000ab500000, 0x00000000ab500000, 0x00000000ab600000|  0%| F|  |TAMS 0x00000000ab500000, 0x00000000ab500000| Untracked 
| 182|0x00000000ab600000, 0x00000000ab600000, 0x00000000ab700000|  0%| F|  |TAMS 0x00000000ab600000, 0x00000000ab600000| Untracked 
| 183|0x00000000ab700000, 0x00000000ab700000, 0x00000000ab800000|  0%| F|  |TAMS 0x00000000ab700000, 0x00000000ab700000| Untracked 
| 184|0x00000000ab800000, 0x00000000ab800000, 0x00000000ab900000|  0%| F|  |TAMS 0x00000000ab800000, 0x00000000ab800000| Untracked 
| 185|0x00000000ab900000, 0x00000000ab900000, 0x00000000aba00000|  0%| F|  |TAMS 0x00000000ab900000, 0x00000000ab900000| Untracked 
| 186|0x00000000aba00000, 0x00000000aba00000, 0x00000000abb00000|  0%| F|  |TAMS 0x00000000aba00000, 0x00000000aba00000| Untracked 
| 187|0x00000000abb00000, 0x00000000abb00000, 0x00000000abc00000|  0%| F|  |TAMS 0x00000000abb00000, 0x00000000abb00000| Untracked 
| 188|0x00000000abc00000, 0x00000000abc00000, 0x00000000abd00000|  0%| F|  |TAMS 0x00000000abc00000, 0x00000000abc00000| Untracked 
| 189|0x00000000abd00000, 0x00000000abd00000, 0x00000000abe00000|  0%| F|  |TAMS 0x00000000abd00000, 0x00000000abd00000| Untracked 
| 190|0x00000000abe00000, 0x00000000abe00000, 0x00000000abf00000|  0%| F|  |TAMS 0x00000000abe00000, 0x00000000abe00000| Untracked 
| 191|0x00000000abf00000, 0x00000000abf00000, 0x00000000ac000000|  0%| F|  |TAMS 0x00000000abf00000, 0x00000000abf00000| Untracked 
| 192|0x00000000ac000000, 0x00000000ac000000, 0x00000000ac100000|  0%| F|  |TAMS 0x00000000ac000000, 0x00000000ac000000| Untracked 
| 193|0x00000000ac100000, 0x00000000ac100000, 0x00000000ac200000|  0%| F|  |TAMS 0x00000000ac100000, 0x00000000ac100000| Untracked 
| 194|0x00000000ac200000, 0x00000000ac200000, 0x00000000ac300000|  0%| F|  |TAMS 0x00000000ac200000, 0x00000000ac200000| Untracked 
| 195|0x00000000ac300000, 0x00000000ac300000, 0x00000000ac400000|  0%| F|  |TAMS 0x00000000ac300000, 0x00000000ac300000| Untracked 
| 196|0x00000000ac400000, 0x00000000ac400000, 0x00000000ac500000|  0%| F|  |TAMS 0x00000000ac400000, 0x00000000ac400000| Untracked 
| 197|0x00000000ac500000, 0x00000000ac500000, 0x00000000ac600000|  0%| F|  |TAMS 0x00000000ac500000, 0x00000000ac500000| Untracked 
| 198|0x00000000ac600000, 0x00000000ac600000, 0x00000000ac700000|  0%| F|  |TAMS 0x00000000ac600000, 0x00000000ac600000| Untracked 
| 199|0x00000000ac700000, 0x00000000ac700000, 0x00000000ac800000|  0%| F|  |TAMS 0x00000000ac700000, 0x00000000ac700000| Untracked 
| 200|0x00000000ac800000, 0x00000000ac800000, 0x00000000ac900000|  0%| F|  |TAMS 0x00000000ac800000, 0x00000000ac800000| Untracked 
| 201|0x00000000ac900000, 0x00000000ac900000, 0x00000000aca00000|  0%| F|  |TAMS 0x00000000ac900000, 0x00000000ac900000| Untracked 
| 202|0x00000000aca00000, 0x00000000aca00000, 0x00000000acb00000|  0%| F|  |TAMS 0x00000000aca00000, 0x00000000aca00000| Untracked 
| 203|0x00000000acb00000, 0x00000000acb00000, 0x00000000acc00000|  0%| F|  |TAMS 0x00000000acb00000, 0x00000000acb00000| Untracked 
| 204|0x00000000acc00000, 0x00000000acc00000, 0x00000000acd00000|  0%| F|  |TAMS 0x00000000acc00000, 0x00000000acc00000| Untracked 
| 205|0x00000000acd00000, 0x00000000acd00000, 0x00000000ace00000|  0%| F|  |TAMS 0x00000000acd00000, 0x00000000acd00000| Untracked 
| 206|0x00000000ace00000, 0x00000000ace00000, 0x00000000acf00000|  0%| F|  |TAMS 0x00000000ace00000, 0x00000000ace00000| Untracked 
| 207|0x00000000acf00000, 0x00000000acf00000, 0x00000000ad000000|  0%| F|  |TAMS 0x00000000acf00000, 0x00000000acf00000| Untracked 
| 208|0x00000000ad000000, 0x00000000ad000000, 0x00000000ad100000|  0%| F|  |TAMS 0x00000000ad000000, 0x00000000ad000000| Untracked 
| 209|0x00000000ad100000, 0x00000000ad100000, 0x00000000ad200000|  0%| F|  |TAMS 0x00000000ad100000, 0x00000000ad100000| Untracked 
| 210|0x00000000ad200000, 0x00000000ad200000, 0x00000000ad300000|  0%| F|  |TAMS 0x00000000ad200000, 0x00000000ad200000| Untracked 
| 211|0x00000000ad300000, 0x00000000ad300000, 0x00000000ad400000|  0%| F|  |TAMS 0x00000000ad300000, 0x00000000ad300000| Untracked 
| 212|0x00000000ad400000, 0x00000000ad400000, 0x00000000ad500000|  0%| F|  |TAMS 0x00000000ad400000, 0x00000000ad400000| Untracked 
| 213|0x00000000ad500000, 0x00000000ad500000, 0x00000000ad600000|  0%| F|  |TAMS 0x00000000ad500000, 0x00000000ad500000| Untracked 
| 214|0x00000000ad600000, 0x00000000ad600000, 0x00000000ad700000|  0%| F|  |TAMS 0x00000000ad600000, 0x00000000ad600000| Untracked 
| 215|0x00000000ad700000, 0x00000000ad700000, 0x00000000ad800000|  0%| F|  |TAMS 0x00000000ad700000, 0x00000000ad700000| Untracked 
| 216|0x00000000ad800000, 0x00000000ad800000, 0x00000000ad900000|  0%| F|  |TAMS 0x00000000ad800000, 0x00000000ad800000| Untracked 
| 217|0x00000000ad900000, 0x00000000ad900000, 0x00000000ada00000|  0%| F|  |TAMS 0x00000000ad900000, 0x00000000ad900000| Untracked 
| 218|0x00000000ada00000, 0x00000000ada00000, 0x00000000adb00000|  0%| F|  |TAMS 0x00000000ada00000, 0x00000000ada00000| Untracked 
| 219|0x00000000adb00000, 0x00000000adb00000, 0x00000000adc00000|  0%| F|  |TAMS 0x00000000adb00000, 0x00000000adb00000| Untracked 
| 220|0x00000000adc00000, 0x00000000adc230d8, 0x00000000add00000| 13%| E|  |TAMS 0x00000000adc00000, 0x00000000adc00000| Complete 
| 221|0x00000000add00000, 0x00000000ade00000, 0x00000000ade00000|100%| E|CS|TAMS 0x00000000add00000, 0x00000000add00000| Complete 
| 222|0x00000000ade00000, 0x00000000adf00000, 0x00000000adf00000|100%| E|CS|TAMS 0x00000000ade00000, 0x00000000ade00000| Complete 
| 223|0x00000000adf00000, 0x00000000ae000000, 0x00000000ae000000|100%| E|CS|TAMS 0x00000000adf00000, 0x00000000adf00000| Complete 
| 224|0x00000000ae000000, 0x00000000ae100000, 0x00000000ae100000|100%| E|CS|TAMS 0x00000000ae000000, 0x00000000ae000000| Complete 
| 225|0x00000000ae100000, 0x00000000ae200000, 0x00000000ae200000|100%| E|CS|TAMS 0x00000000ae100000, 0x00000000ae100000| Complete 
| 226|0x00000000ae200000, 0x00000000ae300000, 0x00000000ae300000|100%| E|CS|TAMS 0x00000000ae200000, 0x00000000ae200000| Complete 
| 227|0x00000000ae300000, 0x00000000ae400000, 0x00000000ae400000|100%| E|CS|TAMS 0x00000000ae300000, 0x00000000ae300000| Complete 
| 228|0x00000000ae400000, 0x00000000ae500000, 0x00000000ae500000|100%| E|CS|TAMS 0x00000000ae400000, 0x00000000ae400000| Complete 
| 229|0x00000000ae500000, 0x00000000ae600000, 0x00000000ae600000|100%| E|CS|TAMS 0x00000000ae500000, 0x00000000ae500000| Complete 
| 230|0x00000000ae600000, 0x00000000ae700000, 0x00000000ae700000|100%| E|CS|TAMS 0x00000000ae600000, 0x00000000ae600000| Complete 
| 231|0x00000000ae700000, 0x00000000ae800000, 0x00000000ae800000|100%| E|CS|TAMS 0x00000000ae700000, 0x00000000ae700000| Complete 
| 232|0x00000000ae800000, 0x00000000ae900000, 0x00000000ae900000|100%| E|CS|TAMS 0x00000000ae800000, 0x00000000ae800000| Complete 
| 233|0x00000000ae900000, 0x00000000aea00000, 0x00000000aea00000|100%| E|CS|TAMS 0x00000000ae900000, 0x00000000ae900000| Complete 
| 234|0x00000000aea00000, 0x00000000aeb00000, 0x00000000aeb00000|100%| E|CS|TAMS 0x00000000aea00000, 0x00000000aea00000| Complete 
| 235|0x00000000aeb00000, 0x00000000aec00000, 0x00000000aec00000|100%| E|CS|TAMS 0x00000000aeb00000, 0x00000000aeb00000| Complete 
| 236|0x00000000aec00000, 0x00000000aed00000, 0x00000000aed00000|100%| E|CS|TAMS 0x00000000aec00000, 0x00000000aec00000| Complete 
| 237|0x00000000aed00000, 0x00000000aee00000, 0x00000000aee00000|100%| E|CS|TAMS 0x00000000aed00000, 0x00000000aed00000| Complete 
| 238|0x00000000aee00000, 0x00000000aef00000, 0x00000000aef00000|100%| E|CS|TAMS 0x00000000aee00000, 0x00000000aee00000| Complete 
| 239|0x00000000aef00000, 0x00000000af000000, 0x00000000af000000|100%| E|CS|TAMS 0x00000000aef00000, 0x00000000aef00000| Complete 
| 240|0x00000000af000000, 0x00000000af100000, 0x00000000af100000|100%| E|CS|TAMS 0x00000000af000000, 0x00000000af000000| Complete 
| 241|0x00000000af100000, 0x00000000af200000, 0x00000000af200000|100%| E|CS|TAMS 0x00000000af100000, 0x00000000af100000| Complete 
| 242|0x00000000af200000, 0x00000000af300000, 0x00000000af300000|100%| E|CS|TAMS 0x00000000af200000, 0x00000000af200000| Complete 
| 243|0x00000000af300000, 0x00000000af400000, 0x00000000af400000|100%| E|CS|TAMS 0x00000000af300000, 0x00000000af300000| Complete 
| 244|0x00000000af400000, 0x00000000af500000, 0x00000000af500000|100%| E|CS|TAMS 0x00000000af400000, 0x00000000af400000| Complete 
| 245|0x00000000af500000, 0x00000000af600000, 0x00000000af600000|100%| E|CS|TAMS 0x00000000af500000, 0x00000000af500000| Complete 
| 246|0x00000000af600000, 0x00000000af700000, 0x00000000af700000|100%| E|CS|TAMS 0x00000000af600000, 0x00000000af600000| Complete 
| 247|0x00000000af700000, 0x00000000af800000, 0x00000000af800000|100%| E|CS|TAMS 0x00000000af700000, 0x00000000af700000| Complete 
| 248|0x00000000af800000, 0x00000000af900000, 0x00000000af900000|100%| E|  |TAMS 0x00000000af800000, 0x00000000af800000| Complete 
| 249|0x00000000af900000, 0x00000000afa00000, 0x00000000afa00000|100%| E|CS|TAMS 0x00000000af900000, 0x00000000af900000| Complete 
| 250|0x00000000afa00000, 0x00000000afb00000, 0x00000000afb00000|100%| E|CS|TAMS 0x00000000afa00000, 0x00000000afa00000| Complete 
| 251|0x00000000afb00000, 0x00000000afc00000, 0x00000000afc00000|100%| E|CS|TAMS 0x00000000afb00000, 0x00000000afb00000| Complete 
| 252|0x00000000afc00000, 0x00000000afd00000, 0x00000000afd00000|100%| E|CS|TAMS 0x00000000afc00000, 0x00000000afc00000| Complete 
| 253|0x00000000afd00000, 0x00000000afe00000, 0x00000000afe00000|100%| E|CS|TAMS 0x00000000afd00000, 0x00000000afd00000| Complete 
| 254|0x00000000afe00000, 0x00000000aff00000, 0x00000000aff00000|100%| E|CS|TAMS 0x00000000afe00000, 0x00000000afe00000| Complete 
| 255|0x00000000aff00000, 0x00000000b0000000, 0x00000000b0000000|100%| E|CS|TAMS 0x00000000aff00000, 0x00000000aff00000| Complete 

Card table byte_map: [0x0000029ba5430000,0x0000029ba5730000] _byte_map_base: 0x0000029ba4f30000

Marking Bits (Prev, Next): (CMBitMap*) 0x0000029b92353658, (CMBitMap*) 0x0000029b92353690
 Prev Bits: [0x0000029ba5a30000, 0x0000029ba7230000)
 Next Bits: [0x0000029ba7230000, 0x0000029ba8a30000)

Polling page: 0x0000029b90200000

Metaspace:

Usage:
  Non-class:     81.87 MB capacity,    79.89 MB ( 98%) used,     1.71 MB (  2%) free+waste,   273.44 KB ( <1%) overhead. 
      Class:     12.89 MB capacity,    11.84 MB ( 92%) used,   949.77 KB (  7%) free+waste,   126.56 KB ( <1%) overhead. 
       Both:     94.76 MB capacity,    91.73 MB ( 97%) used,     2.64 MB (  3%) free+waste,   400.00 KB ( <1%) overhead. 

Virtual space:
  Non-class space:       84.00 MB reserved,      81.96 MB ( 98%) committed 
      Class space:        1.00 GB reserved,      13.00 MB (  1%) committed 
             Both:        1.08 GB reserved,      94.96 MB (  9%) committed 

Chunk freelists:
   Non-Class:  27.00 KB
       Class:  13.00 KB
        Both:  40.00 KB

MaxMetaspaceSize: 17179869184.00 GB
CompressedClassSpaceSize: 1.00 GB
Initial GC threshold: 20.80 MB
Current GC threshold: 113.89 MB
CDS: off

CodeHeap 'non-profiled nmethods': size=120000Kb used=7643Kb max_used=7643Kb free=112356Kb
 bounds [0x0000029b9d8d0000, 0x0000029b9e050000, 0x0000029ba4e00000]
CodeHeap 'profiled nmethods': size=120000Kb used=24753Kb max_used=24753Kb free=95246Kb
 bounds [0x0000029b963a0000, 0x0000029b97bd0000, 0x0000029b9d8d0000]
CodeHeap 'non-nmethods': size=5760Kb used=2372Kb max_used=2437Kb free=3388Kb
 bounds [0x0000029b95e00000, 0x0000029b96070000, 0x0000029b963a0000]
 total_blobs=12114 nmethods=11222 adapters=804
 compilation: enabled
              stopped_count=0, restarted_count=0
 full_count=0

Compilation events (20 events):
Event: 34.692 Thread 0x0000029babd8e800 11306       3       org.gradle.launcher.daemon.registry.DaemonRegistryContent::access$400 (4 bytes)
Event: 34.692 Thread 0x0000029babd8e800 nmethod 11306 0x0000029b97bc8810 code [0x0000029b97bc89c0, 0x0000029b97bc8ab8]
Event: 34.693 Thread 0x0000029babd8e800 11307       3       org.gradle.internal.remote.internal.inet.MultiChoiceAddress::hashCode (8 bytes)
Event: 34.693 Thread 0x0000029babd8e800 nmethod 11307 0x0000029b97bc8b90 code [0x0000029b97bc8d40, 0x0000029b97bc8eb8]
Event: 34.693 Thread 0x0000029babd8e800 11308       3       java.util.UUID::hashCode (19 bytes)
Event: 34.693 Thread 0x0000029babd8e800 nmethod 11308 0x0000029b97bc8f90 code [0x0000029b97bc9140, 0x0000029b97bc9258]
Event: 36.615 Thread 0x0000029babd88800 11309       4       org.gradle.internal.logging.text.AbstractLineChoppingStyledTextOutput$1::execute (9 bytes)
Event: 36.616 Thread 0x0000029babd8e800 11311       3       org.gradle.internal.io.LineBufferingOutputStream::write (59 bytes)
Event: 36.618 Thread 0x0000029babd8e800 nmethod 11311 0x0000029b97bc9310 code [0x0000029b97bc95e0, 0x0000029b97bca3b8]
Event: 36.618 Thread 0x0000029babd8e800 11313       3       org.gradle.internal.io.StreamByteBuffer$StreamByteBufferChunk::write (32 bytes)
Event: 36.618 Thread 0x0000029baf19d000 11310       4       org.gradle.internal.logging.text.AbstractLineChoppingStyledTextOutput$1::execute (140 bytes)
Event: 36.618 Thread 0x0000029babd8e800 nmethod 11313 0x0000029b97bca910 code [0x0000029b97bcaac0, 0x0000029b97bcac58]
Event: 36.618 Thread 0x0000029babd8e800 11312       3       org.gradle.internal.io.StreamByteBuffer$StreamByteBufferOutputStream::write (22 bytes)
Event: 36.619 Thread 0x0000029babd8e800 nmethod 11312 0x0000029b97bcad10 code [0x0000029b97bcaee0, 0x0000029b97bcb148]
Event: 36.619 Thread 0x0000029babd8e800 11314       3       org.gradle.internal.io.LineBufferingOutputStream::endsWithLineSeparator (27 bytes)
Event: 36.619 Thread 0x0000029babd8e800 nmethod 11314 0x0000029b97bcb310 code [0x0000029b97bcb4c0, 0x0000029b97bcb658]
Event: 36.619 Thread 0x0000029babd8e800 11318       3       org.gradle.internal.logging.sink.LogEventDispatcher::onOutput (60 bytes)
Event: 36.620 Thread 0x0000029babd8e800 nmethod 11318 0x0000029b97bcb710 code [0x0000029b97bcb960, 0x0000029b97bcc278]
Event: 36.620 Thread 0x0000029babd8e800 11319       1       org.gradle.launcher.daemon.server.exec.LogToClient::access$100 (5 bytes)
Event: 36.620 Thread 0x0000029babd8e800 nmethod 11319 0x0000029b9e044790 code [0x0000029b9e044940, 0x0000029b9e0449d8]

GC Heap History (20 events):
Event: 6.343 GC heap before
{Heap before GC invocations=3 (full 0):
 garbage-first heap   total 262144K, used 53420K [0x00000000a0000000, 0x0000000100000000)
  region size 1024K, 46 young (47104K), 10 survivors (10240K)
 Metaspace       used 24158K, capacity 24668K, committed 24752K, reserved 1071104K
  class space    used 3044K, capacity 3253K, committed 3328K, reserved 1048576K
}
Event: 6.352 GC heap after
{Heap after GC invocations=4 (full 0):
 garbage-first heap   total 262144K, used 18226K [0x00000000a0000000, 0x0000000100000000)
  region size 1024K, 2 young (2048K), 2 survivors (2048K)
 Metaspace       used 24158K, capacity 24668K, committed 24752K, reserved 1071104K
  class space    used 3044K, capacity 3253K, committed 3328K, reserved 1048576K
}
Event: 9.025 GC heap before
{Heap before GC invocations=4 (full 0):
 garbage-first heap   total 262144K, used 97074K [0x00000000a0000000, 0x0000000100000000)
  region size 1024K, 80 young (81920K), 2 survivors (2048K)
 Metaspace       used 35046K, capacity 35781K, committed 35920K, reserved 1081344K
  class space    used 4464K, capacity 4774K, committed 4864K, reserved 1048576K
}
Event: 9.040 GC heap after
{Heap after GC invocations=5 (full 0):
 garbage-first heap   total 262144K, used 21970K [0x00000000a0000000, 0x0000000100000000)
  region size 1024K, 6 young (6144K), 6 survivors (6144K)
 Metaspace       used 35046K, capacity 35781K, committed 35920K, reserved 1081344K
  class space    used 4464K, capacity 4774K, committed 4864K, reserved 1048576K
}
Event: 12.761 GC heap before
{Heap before GC invocations=6 (full 0):
 garbage-first heap   total 262144K, used 124370K [0x00000000a0000000, 0x0000000100000000)
  region size 1024K, 103 young (105472K), 6 survivors (6144K)
 Metaspace       used 43684K, capacity 44641K, committed 44880K, reserved 1089536K
  class space    used 5457K, capacity 5837K, committed 5888K, reserved 1048576K
}
Event: 12.782 GC heap after
{Heap after GC invocations=7 (full 0):
 garbage-first heap   total 262144K, used 28570K [0x00000000a0000000, 0x0000000100000000)
  region size 1024K, 12 young (12288K), 12 survivors (12288K)
 Metaspace       used 43684K, capacity 44641K, committed 44880K, reserved 1089536K
  class space    used 5457K, capacity 5837K, committed 5888K, reserved 1048576K
}
Event: 15.779 GC heap before
{Heap before GC invocations=7 (full 0):
 garbage-first heap   total 262144K, used 156570K [0x00000000a0000000, 0x0000000100000000)
  region size 1024K, 129 young (132096K), 12 survivors (12288K)
 Metaspace       used 49411K, capacity 50835K, committed 50896K, reserved 1093632K
  class space    used 6193K, capacity 6727K, committed 6784K, reserved 1048576K
}
Event: 15.800 GC heap after
{Heap after GC invocations=8 (full 0):
 garbage-first heap   total 262144K, used 48199K [0x00000000a0000000, 0x0000000100000000)
  region size 1024K, 17 young (17408K), 17 survivors (17408K)
 Metaspace       used 49411K, capacity 50835K, committed 50896K, reserved 1093632K
  class space    used 6193K, capacity 6727K, committed 6784K, reserved 1048576K
}
Event: 17.145 GC heap before
{Heap before GC invocations=8 (full 0):
 garbage-first heap   total 262144K, used 120903K [0x00000000a0000000, 0x0000000100000000)
  region size 1024K, 89 young (91136K), 17 survivors (17408K)
 Metaspace       used 58646K, capacity 60172K, committed 60240K, reserved 1101824K
  class space    used 7311K, capacity 7875K, committed 7936K, reserved 1048576K
}
Event: 17.182 GC heap after
{Heap after GC invocations=9 (full 0):
 garbage-first heap   total 262144K, used 51937K [0x00000000a0000000, 0x0000000100000000)
  region size 1024K, 4 young (4096K), 4 survivors (4096K)
 Metaspace       used 58646K, capacity 60172K, committed 60240K, reserved 1101824K
  class space    used 7311K, capacity 7875K, committed 7936K, reserved 1048576K
}
Event: 19.901 GC heap before
{Heap before GC invocations=10 (full 0):
 garbage-first heap   total 262144K, used 177889K [0x00000000a0000000, 0x0000000100000000)
  region size 1024K, 127 young (130048K), 4 survivors (4096K)
 Metaspace       used 68109K, capacity 69830K, committed 69972K, reserved 1110016K
  class space    used 8496K, capacity 9073K, committed 9088K, reserved 1048576K
}
Event: 19.915 GC heap after
{Heap after GC invocations=11 (full 0):
 garbage-first heap   total 262144K, used 58418K [0x00000000a0000000, 0x0000000100000000)
  region size 1024K, 10 young (10240K), 10 survivors (10240K)
 Metaspace       used 68109K, capacity 69830K, committed 69972K, reserved 1110016K
  class space    used 8496K, capacity 9073K, committed 9088K, reserved 1048576K
}
Event: 21.249 GC heap before
{Heap before GC invocations=12 (full 0):
 garbage-first heap   total 262144K, used 188466K [0x00000000a0000000, 0x0000000100000000)
  region size 1024K, 135 young (138240K), 10 survivors (10240K)
 Metaspace       used 70103K, capacity 72038K, committed 72276K, reserved 1112064K
  class space    used 8822K, capacity 9526K, committed 9600K, reserved 1048576K
}
Event: 21.268 GC heap after
{Heap after GC invocations=13 (full 0):
 garbage-first heap   total 262144K, used 70843K [0x00000000a0000000, 0x0000000100000000)
  region size 1024K, 17 young (17408K), 17 survivors (17408K)
 Metaspace       used 70103K, capacity 72038K, committed 72276K, reserved 1112064K
  class space    used 8822K, capacity 9526K, committed 9600K, reserved 1048576K
}
Event: 23.538 GC heap before
{Heap before GC invocations=13 (full 0):
 garbage-first heap   total 262144K, used 193723K [0x00000000a0000000, 0x0000000100000000)
  region size 1024K, 137 young (140288K), 17 survivors (17408K)
 Metaspace       used 78077K, capacity 80234K, committed 80468K, reserved 1120256K
  class space    used 10058K, capacity 10817K, committed 10880K, reserved 1048576K
}
Event: 23.564 GC heap after
{Heap after GC invocations=14 (full 0):
 garbage-first heap   total 262144K, used 80688K [0x00000000a0000000, 0x0000000100000000)
  region size 1024K, 10 young (10240K), 10 survivors (10240K)
 Metaspace       used 78077K, capacity 80234K, committed 80468K, reserved 1120256K
  class space    used 10058K, capacity 10817K, committed 10880K, reserved 1048576K
}
Event: 26.198 GC heap before
{Heap before GC invocations=14 (full 0):
 garbage-first heap   total 262144K, used 199472K [0x00000000a0000000, 0x0000000100000000)
  region size 1024K, 125 young (128000K), 10 survivors (10240K)
 Metaspace       used 84775K, capacity 87508K, committed 87764K, reserved 1126400K
  class space    used 11034K, capacity 12006K, committed 12032K, reserved 1048576K
}
Event: 26.224 GC heap after
{Heap after GC invocations=15 (full 0):
 garbage-first heap   total 262144K, used 96271K [0x00000000a0000000, 0x0000000100000000)
  region size 1024K, 14 young (14336K), 14 survivors (14336K)
 Metaspace       used 84775K, capacity 87508K, committed 87764K, reserved 1126400K
  class space    used 11034K, capacity 12006K, committed 12032K, reserved 1048576K
}
Event: 28.738 GC heap before
{Heap before GC invocations=15 (full 0):
 garbage-first heap   total 262144K, used 200719K [0x00000000a0000000, 0x0000000100000000)
  region size 1024K, 117 young (119808K), 14 survivors (14336K)
 Metaspace       used 92776K, capacity 95660K, committed 95956K, reserved 1132544K
  class space    used 11930K, capacity 12956K, committed 13056K, reserved 1048576K
}
Event: 28.769 GC heap after
{Heap after GC invocations=16 (full 0):
 garbage-first heap   total 262144K, used 110391K [0x00000000a0000000, 0x0000000100000000)
  region size 1024K, 14 young (14336K), 14 survivors (14336K)
 Metaspace       used 92776K, capacity 95660K, committed 95956K, reserved 1132544K
  class space    used 11930K, capacity 12956K, committed 13056K, reserved 1048576K
}

Deoptimization events (20 events):
Event: 29.710 Thread 0x0000029bb3393800 DEOPT PACKING pc=0x0000029b965ede60 sp=0x000000a921bfb7e0
Event: 29.710 Thread 0x0000029bb3393800 DEOPT UNPACKING pc=0x0000029b95e4a95e sp=0x000000a921bfaca0 mode 0
Event: 29.712 Thread 0x0000029bb3393800 DEOPT PACKING pc=0x0000029b965ede60 sp=0x000000a921bfb7e0
Event: 29.712 Thread 0x0000029bb3393800 DEOPT UNPACKING pc=0x0000029b95e4a95e sp=0x000000a921bfaca0 mode 0
Event: 36.614 Thread 0x0000029bb481a000 Uncommon trap: trap_request=0xffffffc6 fr.pc=0x0000029b9de68cf0 relative=0x00000000000003d0
Event: 36.614 Thread 0x0000029bb481a000 Uncommon trap: reason=bimorphic_or_optimized_type_check action=maybe_recompile pc=0x0000029b9de68cf0 method=org.gradle.internal.logging.sink.OutputEventRenderer.onOutput(Lorg/gradle/internal/logging/events/OutputEvent;)V @ 1 c2
Event: 36.614 Thread 0x0000029bb481a000 DEOPT PACKING pc=0x0000029b9de68cf0 sp=0x000000a91bdfec10
Event: 36.614 Thread 0x0000029bb481a000 DEOPT UNPACKING pc=0x0000029b95e4a1af sp=0x000000a91bdfeb68 mode 2
Event: 36.615 Thread 0x0000029bb481a000 Uncommon trap: trap_request=0xffffffc6 fr.pc=0x0000029b9de68cf0 relative=0x00000000000003d0
Event: 36.615 Thread 0x0000029bb481a000 Uncommon trap: reason=bimorphic_or_optimized_type_check action=maybe_recompile pc=0x0000029b9de68cf0 method=org.gradle.internal.logging.sink.OutputEventRenderer.onOutput(Lorg/gradle/internal/logging/events/OutputEvent;)V @ 1 c2
Event: 36.615 Thread 0x0000029bb481a000 DEOPT PACKING pc=0x0000029b9de68cf0 sp=0x000000a91bdfec10
Event: 36.615 Thread 0x0000029bb481a000 DEOPT UNPACKING pc=0x0000029b95e4a1af sp=0x000000a91bdfeb68 mode 2
Event: 36.615 Thread 0x0000029bb481a000 Uncommon trap: trap_request=0xffffffc6 fr.pc=0x0000029b9de68cf0 relative=0x00000000000003d0
Event: 36.615 Thread 0x0000029bb481a000 Uncommon trap: reason=bimorphic_or_optimized_type_check action=maybe_recompile pc=0x0000029b9de68cf0 method=org.gradle.internal.logging.sink.OutputEventRenderer.onOutput(Lorg/gradle/internal/logging/events/OutputEvent;)V @ 1 c2
Event: 36.615 Thread 0x0000029bb481a000 DEOPT PACKING pc=0x0000029b9de68cf0 sp=0x000000a91bdfec10
Event: 36.615 Thread 0x0000029bb481a000 DEOPT UNPACKING pc=0x0000029b95e4a1af sp=0x000000a91bdfeb68 mode 2
Event: 36.615 Thread 0x0000029bb481a000 Uncommon trap: trap_request=0xffffffc6 fr.pc=0x0000029b9de68cf0 relative=0x00000000000003d0
Event: 36.615 Thread 0x0000029bb481a000 Uncommon trap: reason=bimorphic_or_optimized_type_check action=maybe_recompile pc=0x0000029b9de68cf0 method=org.gradle.internal.logging.sink.OutputEventRenderer.onOutput(Lorg/gradle/internal/logging/events/OutputEvent;)V @ 1 c2
Event: 36.615 Thread 0x0000029bb481a000 DEOPT PACKING pc=0x0000029b9de68cf0 sp=0x000000a91bdfec10
Event: 36.615 Thread 0x0000029bb481a000 DEOPT UNPACKING pc=0x0000029b95e4a1af sp=0x000000a91bdfeb68 mode 2

Classes redefined (0 events):
No events

Internal exceptions (20 events):
Event: 29.814 Thread 0x0000029bb3393800 Exception <a 'java/lang/ClassNotFoundException'{0x00000000ae14fa30}: org/gradle/process/internal/DefaultExecActionBeanInfo> (0x00000000ae14fa30) thrown at [./src/hotspot/share/classfile/systemDictionary.cpp, line 231]
Event: 29.815 Thread 0x0000029bb3393800 Exception <a 'java/lang/ClassNotFoundException'{0x00000000ae186320}: org/gradle/process/internal/DefaultExecHandleBuilderBeanInfo> (0x00000000ae186320) thrown at [./src/hotspot/share/classfile/systemDictionary.cpp, line 231]
Event: 29.816 Thread 0x0000029bb3393800 Exception <a 'java/lang/ClassNotFoundException'{0x00000000ae1bd660}: org/gradle/process/internal/AbstractExecHandleBuilderBeanInfo> (0x00000000ae1bd660) thrown at [./src/hotspot/share/classfile/systemDictionary.cpp, line 231]
Event: 29.817 Thread 0x0000029bb3393800 Exception <a 'java/lang/ClassNotFoundException'{0x00000000ae1f5180}: org/gradle/process/internal/DefaultProcessForkOptionsBeanInfo> (0x00000000ae1f5180) thrown at [./src/hotspot/share/classfile/systemDictionary.cpp, line 231]
Event: 29.818 Thread 0x0000029bb3393800 Exception <a 'java/lang/ClassNotFoundException'{0x00000000ae02d398}: org/gradle/process/internal/DefaultProcessForkOptionsCustomizer> (0x00000000ae02d398) thrown at [./src/hotspot/share/classfile/systemDictionary.cpp, line 231]
Event: 29.821 Thread 0x0000029bb3393800 Exception <a 'java/lang/ClassNotFoundException'{0x00000000ae071e28}: org/gradle/process/internal/AbstractExecHandleBuilderCustomizer> (0x00000000ae071e28) thrown at [./src/hotspot/share/classfile/systemDictionary.cpp, line 231]
Event: 29.822 Thread 0x0000029bb3393800 Exception <a 'java/lang/ClassNotFoundException'{0x00000000ae0baf78}: org/gradle/process/internal/DefaultExecHandleBuilderCustomizer> (0x00000000ae0baf78) thrown at [./src/hotspot/share/classfile/systemDictionary.cpp, line 231]
Event: 29.823 Thread 0x0000029bb3393800 Exception <a 'java/lang/ClassNotFoundException'{0x00000000adf1bc10}: org/gradle/process/internal/DefaultExecActionCustomizer> (0x00000000adf1bc10) thrown at [./src/hotspot/share/classfile/systemDictionary.cpp, line 231]
Event: 29.824 Thread 0x0000029bb3393800 Exception <a 'java/lang/ClassNotFoundException'{0x00000000adf5bf38}: org/gradle/process/internal/DefaultExecAction_DecoratedCustomizer> (0x00000000adf5bf38) thrown at [./src/hotspot/share/classfile/systemDictionary.cpp, line 231]
Event: 29.828 Thread 0x0000029bb3393800 Exception <a 'java/lang/ClassNotFoundException'{0x00000000adfb9048}: org/gradle/api/logging/LogLevelBeanInfo> (0x00000000adfb9048) thrown at [./src/hotspot/share/classfile/systemDictionary.cpp, line 231]
Event: 29.830 Thread 0x0000029bb3393800 Exception <a 'java/lang/ClassNotFoundException'{0x00000000adfe68f0}: org/gradle/api/logging/LogLevelCustomizer> (0x00000000adfe68f0) thrown at [./src/hotspot/share/classfile/systemDictionary.cpp, line 231]
Event: 29.850 Thread 0x0000029bb3393800 Exception <a 'java/lang/ClassNotFoundException'{0x00000000ade5c250}: org/gradle/internal/logging/services/DefaultLoggingManagerBeanInfo> (0x00000000ade5c250) thrown at [./src/hotspot/share/classfile/systemDictionary.cpp, line 231]
Event: 29.851 Thread 0x0000029bb3393800 Exception <a 'java/lang/ClassNotFoundException'{0x00000000ade949f8}: org/gradle/internal/logging/services/DefaultLoggingManagerCustomizer> (0x00000000ade949f8) thrown at [./src/hotspot/share/classfile/systemDictionary.cpp, line 231]
Event: 29.857 Thread 0x0000029bb3393800 Exception <a 'java/lang/ClassNotFoundException'{0x00000000aded2550}: java/lang/BooleanBeanInfo> (0x00000000aded2550) thrown at [./src/hotspot/share/classfile/systemDictionary.cpp, line 231]
Event: 29.857 Thread 0x0000029bb3393800 Exception <a 'java/lang/ClassNotFoundException'{0x00000000adedf8e0}: java/lang/BooleanCustomizer> (0x00000000adedf8e0) thrown at [./src/hotspot/share/classfile/systemDictionary.cpp, line 231]
Event: 30.324 Thread 0x0000029bb4817800 Exception <a 'java/lang/NoSuchMethodError'{0x00000000add4af78}: 'void java.lang.invoke.DirectMethodHandle$Holder.invokeStatic(java.lang.Object, long)'> (0x00000000add4af78) thrown at [./src/hotspot/share/interpreter/linkResolver.cpp, line 773]
Event: 30.325 Thread 0x0000029bb4817800 Exception <a 'java/lang/NoSuchMethodError'{0x00000000add4fee8}: 'java.lang.Object java.lang.invoke.DirectMethodHandle$Holder.invokeStatic(java.lang.Object, long)'> (0x00000000add4fee8) thrown at [./src/hotspot/share/interpreter/linkResolver.cpp, line 773]
Event: 30.328 Thread 0x0000029bb4817800 Exception <a 'java/lang/NoSuchMethodError'{0x00000000add61628}: 'java.lang.Object java.lang.invoke.DirectMethodHandle$Holder.invokeStaticInit(java.lang.Object, java.lang.Object, long, java.lang.Object)'> (0x00000000add61628) thrown at [./src/hotspot/share/interpreter/linkResolver.cpp, line 773]
Event: 30.328 Thread 0x0000029bb4817800 Exception <a 'java/lang/NoSuchMethodError'{0x00000000add67518}: 'java.lang.Object java.lang.invoke.DirectMethodHandle$Holder.invokeStatic(java.lang.Object, java.lang.Object, long)'> (0x00000000add67518) thrown at [./src/hotspot/share/interpreter/linkResolver.cpp, line 773]
Event: 30.328 Thread 0x0000029bb4817800 Exception <a 'java/lang/NoSuchMethodError'{0x00000000add6dbd0}: 'java.lang.Object java.lang.invoke.Invokers$Holder.linkToTargetMethod(java.lang.Object, long, java.lang.Object)'> (0x00000000add6dbd0) thrown at [./src/hotspot/share/interpreter/linkResolver.cpp, line 773]

Events (20 events):
Event: 30.329 loading class java/lang/Process$PipeInputStream done
Event: 30.329 Executing VM operation: Deoptimize
Event: 30.331 Executing VM operation: Deoptimize done
Event: 30.331 loading class org/gradle/process/internal/streams/ExecOutputHandleRunner
Event: 30.331 loading class org/gradle/process/internal/streams/ExecOutputHandleRunner done
Event: 30.332 Thread 0x0000029bb2e5e000 Thread exited: 0x0000029bb2e5e000
Event: 30.333 Thread 0x0000029bb481a000 Thread added: 0x0000029bb481a000
Event: 30.333 Thread 0x0000029bb481c800 Thread added: 0x0000029bb481c800
Event: 30.951 Thread 0x0000029baf128800 Thread exited: 0x0000029baf128800
Event: 36.612 loading class org/gradle/internal/logging/events/StyledTextOutputEvent$Span
Event: 36.612 loading class org/gradle/internal/logging/events/StyledTextOutputEvent$Span done
Event: 36.613 loading class org/gradle/internal/logging/events/operations/StyledTextBuildOperationProgressDetails$Span
Event: 36.613 loading class org/gradle/internal/logging/events/operations/StyledTextBuildOperationProgressDetails$Span done
Event: 36.613 loading class org/gradle/internal/operations/logging/StyledTextBuildOperationProgressDetails$Span
Event: 36.613 loading class org/gradle/internal/operations/logging/StyledTextBuildOperationProgressDetails$Span done
Event: 36.613 Executing VM operation: RevokeBias
Event: 36.613 Executing VM operation: RevokeBias done
Event: 36.614 Executing VM operation: RevokeBias
Event: 36.614 Executing VM operation: RevokeBias done
Event: 36.618 Thread 0x0000029baf19d000 Thread added: 0x0000029baf19d000


Dynamic libraries:
0x00007ff7a78a0000 - 0x00007ff7a78aa000 	C:\Program Files\Android\Android Studio\jre\bin\java.exe
0x00007ffa3e0b0000 - 0x00007ffa3e2c4000 	C:\WINDOWS\SYSTEM32\ntdll.dll
0x00007ff9f2d40000 - 0x00007ff9f2d59000 	C:\Program Files\Avast Software\Avast\aswhook.dll
0x00007ffa3c8a0000 - 0x00007ffa3c963000 	C:\WINDOWS\System32\KERNEL32.DLL
0x00007ffa3bb20000 - 0x00007ffa3bebc000 	C:\WINDOWS\System32\KERNELBASE.dll
0x00007ffa3b620000 - 0x00007ffa3b731000 	C:\WINDOWS\System32\ucrtbase.dll
0x00007ffa36ac0000 - 0x00007ffa36ad9000 	C:\Program Files\Android\Android Studio\jre\bin\jli.dll
0x00007ffa3cae0000 - 0x00007ffa3cc8d000 	C:\WINDOWS\System32\USER32.dll
0x00007ffa3b9d0000 - 0x00007ffa3b9f6000 	C:\WINDOWS\System32\win32u.dll
0x00007ffa3ce30000 - 0x00007ffa3ce59000 	C:\WINDOWS\System32\GDI32.dll
0x00007ffa3b740000 - 0x00007ffa3b853000 	C:\WINDOWS\System32\gdi32full.dll
0x00007ffa3ba00000 - 0x00007ffa3ba9a000 	C:\WINDOWS\System32\msvcp_win.dll
0x00007ffa36aa0000 - 0x00007ffa36ab7000 	C:\Program Files\Android\Android Studio\jre\bin\VCRUNTIME140.dll
0x00007ffa0da90000 - 0x00007ffa0dd1e000 	C:\WINDOWS\WinSxS\amd64_microsoft.windows.common-controls_6595b64144ccf1df_6.0.22621.608_none_a9444ca7c10bb01d\COMCTL32.dll
0x00007ffa3ced0000 - 0x00007ffa3cf77000 	C:\WINDOWS\System32\msvcrt.dll
0x00007ffa3bec0000 - 0x00007ffa3bef1000 	C:\WINDOWS\System32\IMM32.DLL
0x00000000661b0000 - 0x00000000661bc000 	C:\Program Files (x86)\360\Total Security\safemon\SafeWrapper.dll
0x00007ffa3d170000 - 0x00007ffa3d21e000 	C:\WINDOWS\System32\ADVAPI32.dll
0x00007ffa3dfc0000 - 0x00007ffa3e064000 	C:\WINDOWS\System32\sechost.dll
0x00007ffa3c9c0000 - 0x00007ffa3cad5000 	C:\WINDOWS\System32\RPCRT4.dll
0x00007ffa0bfc0000 - 0x00007ffa0c052000 	C:\Program Files (x86)\360\Total Security\safemon\libzdtp64.dll
0x00007ffa3d7d0000 - 0x00007ffa3dfc0000 	C:\WINDOWS\System32\SHELL32.dll
0x00007ffa3bf00000 - 0x00007ffa3bf5e000 	C:\WINDOWS\System32\SHLWAPI.dll
0x00007ffa33040000 - 0x00007ffa3304a000 	C:\WINDOWS\SYSTEM32\VERSION.dll
0x00007ffa36a00000 - 0x00007ffa36a9d000 	C:\Program Files\Android\Android Studio\jre\bin\msvcp140.dll
0x00007ff9cfda0000 - 0x00007ff9d08a2000 	C:\Program Files\Android\Android Studio\jre\bin\server\jvm.dll
0x00007ffa3d5f0000 - 0x00007ffa3d5f8000 	C:\WINDOWS\System32\PSAPI.DLL
0x00007ffa23ce0000 - 0x00007ffa23ce9000 	C:\WINDOWS\SYSTEM32\WSOCK32.dll
0x00007ffa345e0000 - 0x00007ffa34614000 	C:\WINDOWS\SYSTEM32\WINMM.dll
0x00007ffa3c0e0000 - 0x00007ffa3c151000 	C:\WINDOWS\System32\WS2_32.dll
0x00007ffa3a630000 - 0x00007ffa3a648000 	C:\WINDOWS\SYSTEM32\kernel.appcore.dll
0x00007ffa369e0000 - 0x00007ffa369f1000 	C:\Program Files\Android\Android Studio\jre\bin\verify.dll
0x00007ffa38ef0000 - 0x00007ffa3911e000 	C:\WINDOWS\SYSTEM32\DBGHELP.DLL
0x00007ffa3d220000 - 0x00007ffa3d5a9000 	C:\WINDOWS\System32\combase.dll
0x00007ffa3c330000 - 0x00007ffa3c407000 	C:\WINDOWS\System32\OLEAUT32.dll
0x00007ffa2cee0000 - 0x00007ffa2cf12000 	C:\WINDOWS\SYSTEM32\dbgcore.DLL
0x00007ffa3baa0000 - 0x00007ffa3bb1b000 	C:\WINDOWS\System32\bcryptPrimitives.dll
0x00007ffa369b0000 - 0x00007ffa369d9000 	C:\Program Files\Android\Android Studio\jre\bin\java.dll
0x00007ffa369a0000 - 0x00007ffa369ab000 	C:\Program Files\Android\Android Studio\jre\bin\jimage.dll
0x00007ffa356b0000 - 0x00007ffa356c8000 	C:\Program Files\Android\Android Studio\jre\bin\zip.dll
0x00007ffa39510000 - 0x00007ffa39dde000 	C:\WINDOWS\SYSTEM32\windows.storage.dll
0x00007ffa393d0000 - 0x00007ffa3950e000 	C:\WINDOWS\SYSTEM32\wintypes.dll
0x00007ffa3bf60000 - 0x00007ffa3c051000 	C:\WINDOWS\System32\SHCORE.dll
0x00007ffa3b420000 - 0x00007ffa3b441000 	C:\WINDOWS\SYSTEM32\profapi.dll
0x00007ffa1d4a0000 - 0x00007ffa1d4ba000 	C:\Program Files\Android\Android Studio\jre\bin\net.dll
0x00007ffa33770000 - 0x00007ffa3389f000 	C:\WINDOWS\SYSTEM32\WINHTTP.dll
0x00007ffa3aaa0000 - 0x00007ffa3ab09000 	C:\WINDOWS\system32\mswsock.dll
0x00007ffa1d480000 - 0x00007ffa1d494000 	C:\Program Files\Android\Android Studio\jre\bin\nio.dll
0x00007ff9cd4a0000 - 0x00007ff9cd4c7000 	C:\Users\Dell\.gradle\native\e1d6ef7f7dcc3fd88c89a11ec53ec762bb8ba0a96d01ffa2cd45eb1d1d8dd5c5\windows-amd64\native-platform.dll
0x00007ff9bbf60000 - 0x00007ff9bc0a4000 	C:\Users\Dell\.gradle\native\0d407fdbe67a94daf76414ababcb853783967236a71b16ec16e742cd7a986fd3\windows-amd64\native-platform-file-events.dll
0x00007ffa356a0000 - 0x00007ffa356aa000 	C:\Program Files\Android\Android Studio\jre\bin\management.dll
0x00007ffa24250000 - 0x00007ffa2425d000 	C:\Program Files\Android\Android Studio\jre\bin\management_ext.dll
0x00007ffa3ad00000 - 0x00007ffa3ad1b000 	C:\WINDOWS\SYSTEM32\CRYPTSP.dll
0x00007ffa3a5a0000 - 0x00007ffa3a5d5000 	C:\WINDOWS\system32\rsaenh.dll
0x00007ffa3aba0000 - 0x00007ffa3abc8000 	C:\WINDOWS\SYSTEM32\USERENV.dll
0x00007ffa3aec0000 - 0x00007ffa3aee8000 	C:\WINDOWS\SYSTEM32\bcrypt.dll
0x00007ffa3ad20000 - 0x00007ffa3ad2c000 	C:\WINDOWS\SYSTEM32\CRYPTBASE.dll
0x00007ffa3a0a0000 - 0x00007ffa3a0cd000 	C:\WINDOWS\SYSTEM32\IPHLPAPI.DLL
0x00007ffa3c890000 - 0x00007ffa3c899000 	C:\WINDOWS\System32\NSI.dll
0x00007ffa32f50000 - 0x00007ffa32f69000 	C:\WINDOWS\SYSTEM32\dhcpcsvc6.DLL
0x00007ffa32df0000 - 0x00007ffa32e0f000 	C:\WINDOWS\SYSTEM32\dhcpcsvc.DLL
0x00007ffa3a110000 - 0x00007ffa3a203000 	C:\WINDOWS\SYSTEM32\DNSAPI.dll

dbghelp: loaded successfully - version: 4.0.5 - missing functions: none
symbol engine: initialized successfully - sym options: 0x614 - pdb path: .;C:\Program Files\Android\Android Studio\jre\bin;C:\WINDOWS\SYSTEM32;C:\Program Files\Avast Software\Avast;C:\WINDOWS\WinSxS\amd64_microsoft.windows.common-controls_6595b64144ccf1df_6.0.22621.608_none_a9444ca7c10bb01d;C:\Program Files (x86)\360\Total Security\safemon;C:\Program Files\Android\Android Studio\jre\bin\server;C:\Users\Dell\.gradle\native\e1d6ef7f7dcc3fd88c89a11ec53ec762bb8ba0a96d01ffa2cd45eb1d1d8dd5c5\windows-amd64;C:\Users\Dell\.gradle\native\0d407fdbe67a94daf76414ababcb853783967236a71b16ec16e742cd7a986fd3\windows-amd64

VM Arguments:
jvm_args: --add-opens=java.base/java.util=ALL-UNNAMED --add-opens=java.base/java.lang=ALL-UNNAMED --add-opens=java.base/java.lang.invoke=ALL-UNNAMED --add-opens=java.base/java.util=ALL-UNNAMED --add-opens=java.prefs/java.util.prefs=ALL-UNNAMED --add-opens=java.prefs/java.util.prefs=ALL-UNNAMED --add-opens=java.base/java.nio.charset=ALL-UNNAMED --add-opens=java.base/java.net=ALL-UNNAMED --add-opens=java.base/java.util.concurrent.atomic=ALL-UNNAMED -Xmx1536M -Dfile.encoding=windows-1252 -Duser.country=US -Duser.language=en -Duser.variant 
java_command: org.gradle.launcher.daemon.bootstrap.GradleDaemon 7.4
java_class_path (initial): C:\Users\Dell\.gradle\wrapper\dists\gradle-7.4-all\aadb4xli5jkdsnukm30eibyiu\gradle-7.4\lib\gradle-launcher-7.4.jar
Launcher Type: SUN_STANDARD

[Global flags]
     intx CICompilerCount                          = 4                                         {product} {ergonomic}
     uint ConcGCThreads                            = 2                                         {product} {ergonomic}
     uint G1ConcRefinementThreads                  = 8                                         {product} {ergonomic}
   size_t G1HeapRegionSize                         = 1048576                                   {product} {ergonomic}
    uintx GCDrainStackTargetSize                   = 64                                        {product} {ergonomic}
   size_t InitialHeapSize                          = 268435456                                 {product} {ergonomic}
   size_t MarkStackSize                            = 4194304                                   {product} {ergonomic}
   size_t MaxHeapSize                              = 1610612736                                {product} {command line}
   size_t MaxNewSize                               = 965738496                                 {product} {ergonomic}
   size_t MinHeapDeltaBytes                        = 1048576                                   {product} {ergonomic}
    uintx NonNMethodCodeHeapSize                   = 5836300                                {pd product} {ergonomic}
    uintx NonProfiledCodeHeapSize                  = 122910970                              {pd product} {ergonomic}
    uintx ProfiledCodeHeapSize                     = 122910970                              {pd product} {ergonomic}
    uintx ReservedCodeCacheSize                    = 251658240                              {pd product} {ergonomic}
     bool SegmentedCodeCache                       = true                                      {product} {ergonomic}
     bool UseCompressedClassPointers               = true                                 {lp64_product} {ergonomic}
     bool UseCompressedOops                        = true                                 {lp64_product} {ergonomic}
     bool UseG1GC                                  = true                                      {product} {ergonomic}
     bool UseLargePagesIndividualAllocation        = false                                  {pd product} {ergonomic}

Logging:
Log output configuration:
 #0: stdout all=warning uptime,level,tags
 #1: stderr all=off uptime,level,tags

Environment Variables:
JAVA_HOME=C:\Program Files\Android\Android Studio\jre
CLASSPATH=F:\grade2\android\\gradle\wrapper\gradle-wrapper.jar
PATH=G:\oracle\product\10.2.0\db_8\bin;G:\oracle\product\10.2.0\db_7\bin;G:\oracle\product\10.2.0\db_6\bin;G:\oracle\product\10.2.0\db_1\bin;C:\Users\Dell\AppData\Local\Programs\Python\Python38-32;C:\Program Files\Common Files\Oracle\Java\javapath;C:\Program Files (x86)\Common Files\Oracle\Java\javapath;C:\Windows\system32;C:\Windows;C:\Windows\System32\Wbem;C:\Windows\System32\WindowsPowerShell\v1.0\;C:\Windows\System32\OpenSSH\;C:\Program Files (x86)\NVIDIA Corporation\PhysX\Common;C:\WINDOWS\system32;C:\WINDOWS;C:\WINDOWS\System32\Wbem;C:\WINDOWS\System32\WindowsPowerShell\v1.0\;C:\WINDOWS\System32\OpenSSH\;C:\Program Files (x86)\Windows Live\Shared;G:\MEGA11;C:\src\flutter\bin;C:\Program Files\Git\cmd;C:\Program Files\Microsoft SQL Server\130\Tools\Binn\;C:\Program Files\Java\jdk-15\bin;C:\Users\Dell\AppData\Local\Pub\Cache\bin;C:\Program Files\nodejs\;C:\Users\Dell\AppData\Local\Pub\Cache\bin;C:\src\flutter\bin;C:\tools\dart-sdk\bin;F:\Downloads\gradle-7.5.1-bin\gradle-7.5.1\bin;C:\Users\Dell\AppData\Local\Programs\Microsoft VS Code\bin;C:\Users\Dell\AppData\Local\Android\Sdk;C:\Program Files\Java\jdk-15;C:\Program Files\Android\Android Studio2\jre\bin;C:\Program Files (x86)\Java\jre1.8.0_351;F:\Downloads\dartsdk-windows-x64-release\dart-sdk;C:\moe2014\bin;C:\Users\Dell\AppData\Local\Microsoft\WindowsApps;C:\Program Files\JetBrains\PyCharm 2022.3\bin;;C:\tools\dart-sdk\bin;C:\src\flutter\bin\cache\dart-sdk\bin\dart;C:\Users\Dell\AppData\Roaming\npm;C:\src\flutter\bin\mingit\cmd
USERNAME=Dell
OS=Windows_NT
PROCESSOR_IDENTIFIER=Intel64 Family 6 Model 142 Stepping 12, GenuineIntel



---------------  S Y S T E M  ---------------

OS: Windows 11 , 64 bit Build 22621 (10.0.22621.1344)
OS uptime: 0 days 0:16 hours

CPU:total 8 (initial active 8) (4 cores per cpu, 2 threads per core) family 6 model 142 stepping 12 microcode 0xde, cmov, cx8, fxsr, mmx, sse, sse2, sse3, ssse3, sse4.1, sse4.2, popcnt, avx, avx2, aes, clmul, erms, 3dnowpref, lzcnt, ht, tsc, tscinvbit, bmi1, bmi2, adx, fma

Memory: 4k page, system-wide physical 16257M (1705M free)
TotalPageFile size 17757M (AvailPageFile size 12M)
current process WorkingSet (physical memory assigned to process): 499M, peak: 548M
current process commit charge ("private bytes"): 559M, peak: 603M

vm_info: OpenJDK 64-Bit Server VM (11.0.13+0-b1751.21-8125866) for windows-amd64 JRE (11.0.13+0-b1751.21-8125866), built on Feb  2 2022 03:00:22 by "builder" with MS VC++ 14.0 (VS2015)

END.
